<?xml version="1.0" encoding="UTF-8"?>
<testng-results retried="8" ignored="8" total="45" passed="16" failed="13" skipped="0">
  <reporter-output>
    <line>
      <![CDATA[Test execution started - Listener]]>
    </line>
    <line>
      <![CDATA[Test case failed: registration]]>
    </line>
    <line>
      <![CDATA[Test case failed: registration]]>
    </line>
    <line>
      <![CDATA[Chrome browser is launched succesfully]]>
    </line>
    <line>
      <![CDATA[Exception is handaled]]>
    </line>
    <line>
      <![CDATA[Exception is Handeled]]>
    </line>
    <line>
      <![CDATA[Exception is Handeled]]>
    </line>
    <line>
      <![CDATA[Exception is Handeled]]>
    </line>
    <line>
      <![CDATA[Test case passed: loginwithDDT]]>
    </line>
    <line>
      <![CDATA[Chrome browser is launched succesfully]]>
    </line>
    <line>
      <![CDATA[Exception is handaled]]>
    </line>
    <line>
      <![CDATA[Exception is Handeled]]>
    </line>
    <line>
      <![CDATA[Test case passed: loginwithDDT]]>
    </line>
    <line>
      <![CDATA[Chrome browser is launched succesfully]]>
    </line>
    <line>
      <![CDATA[Invalid Username is entered]]>
    </line>
    <line>
      <![CDATA[Chrome browser is launched succesfully]]>
    </line>
    <line>
      <![CDATA[Invalid Username is entered]]>
    </line>
    <line>
      <![CDATA[Chrome browser is launched succesfully]]>
    </line>
    <line>
      <![CDATA[Invalid Username is entered]]>
    </line>
    <line>
      <![CDATA[Test case failed: loginWithInvalidEmail]]>
    </line>
    <line>
      <![CDATA[Chrome browser is launched succesfully]]>
    </line>
    <line>
      <![CDATA[Exception is handaled]]>
    </line>
    <line>
      <![CDATA[Invalid Username is entered]]>
    </line>
    <line>
      <![CDATA[Invalid Password is entered]]>
    </line>
    <line>
      <![CDATA[Exception is Handeled]]>
    </line>
    <line>
      <![CDATA[Chrome browser is launched succesfully]]>
    </line>
    <line>
      <![CDATA[Exception is handaled]]>
    </line>
    <line>
      <![CDATA[Invalid Username is entered]]>
    </line>
    <line>
      <![CDATA[Invalid Password is entered]]>
    </line>
    <line>
      <![CDATA[Exception is Handeled]]>
    </line>
    <line>
      <![CDATA[Chrome browser is launched succesfully]]>
    </line>
    <line>
      <![CDATA[Invalid Username is entered]]>
    </line>
    <line>
      <![CDATA[Invalid Password is entered]]>
    </line>
    <line>
      <![CDATA[Exception is Handeled]]>
    </line>
    <line>
      <![CDATA[Test case failed: loginWithInvalidEmail]]>
    </line>
    <line>
      <![CDATA[Chrome browser is launched succesfully]]>
    </line>
    <line>
      <![CDATA[Exception is handaled]]>
    </line>
    <line>
      <![CDATA[Exception is Handeled]]>
    </line>
    <line>
      <![CDATA[Exception is Handeled]]>
    </line>
    <line>
      <![CDATA[Exception is Handeled]]>
    </line>
    <line>
      <![CDATA[Exception is handaled]]>
    </line>
    <line>
      <![CDATA[Chrome browser is launched succesfully]]>
    </line>
    <line>
      <![CDATA[Exception is handaled]]>
    </line>
    <line>
      <![CDATA[Exception is Handeled]]>
    </line>
    <line>
      <![CDATA[Exception is Handeled]]>
    </line>
    <line>
      <![CDATA[Exception is Handeled]]>
    </line>
    <line>
      <![CDATA[Exception is handaled]]>
    </line>
    <line>
      <![CDATA[Chrome browser is launched succesfully]]>
    </line>
    <line>
      <![CDATA[Exception is handaled]]>
    </line>
    <line>
      <![CDATA[Exception is Handeled]]>
    </line>
    <line>
      <![CDATA[Exception is Handeled]]>
    </line>
    <line>
      <![CDATA[Exception is Handeled]]>
    </line>
    <line>
      <![CDATA[Exception is handaled]]>
    </line>
    <line>
      <![CDATA[Test case failed: loginwithDDT]]>
    </line>
    <line>
      <![CDATA[Chrome browser is launched succesfully]]>
    </line>
    <line>
      <![CDATA[Exception is handaled]]>
    </line>
    <line>
      <![CDATA[Exception is Handeled]]>
    </line>
    <line>
      <![CDATA[Chrome browser is launched succesfully]]>
    </line>
    <line>
      <![CDATA[Exception is handaled]]>
    </line>
    <line>
      <![CDATA[Exception is Handeled]]>
    </line>
    <line>
      <![CDATA[Chrome browser is launched succesfully]]>
    </line>
    <line>
      <![CDATA[Exception is Handeled]]>
    </line>
    <line>
      <![CDATA[Test case failed: loginwithDDT]]>
    </line>
    <line>
      <![CDATA[Chrome browser is launched succesfully]]>
    </line>
    <line>
      <![CDATA[Exception is Handeled]]>
    </line>
    <line>
      <![CDATA[Exception is Handeled]]>
    </line>
    <line>
      <![CDATA[Exception is Handeled]]>
    </line>
    <line>
      <![CDATA[Exception is Handeled]]>
    </line>
    <line>
      <![CDATA[Test case passed: loginwithDDT]]>
    </line>
    <line>
      <![CDATA[Chrome browser is launched succesfully]]>
    </line>
    <line>
      <![CDATA[Exception is handaled]]>
    </line>
    <line>
      <![CDATA[Exception is Handeled]]>
    </line>
    <line>
      <![CDATA[Test case passed: loginwithDDT]]>
    </line>
    <line>
      <![CDATA[Chrome browser is launched succesfully]]>
    </line>
    <line>
      <![CDATA[Exception is Handeled]]>
    </line>
    <line>
      <![CDATA[Exception is Handeled]]>
    </line>
    <line>
      <![CDATA[Exception is Handeled]]>
    </line>
    <line>
      <![CDATA[Exception is Handeled]]>
    </line>
    <line>
      <![CDATA[Exception is handeled]]>
    </line>
    <line>
      <![CDATA[Test case failed: loginwithDDT]]>
    </line>
    <line>
      <![CDATA[Chrome browser is launched succesfully]]>
    </line>
    <line>
      <![CDATA[Exception is Handeled]]>
    </line>
    <line>
      <![CDATA[Exception is handeled]]>
    </line>
    <line>
      <![CDATA[Test case passed: loginwithDDT]]>
    </line>
    <line>
      <![CDATA[Chrome browser is launched succesfully]]>
    </line>
    <line>
      <![CDATA[Exception is handaled]]>
    </line>
    <line>
      <![CDATA[Exception is Handeled]]>
    </line>
    <line>
      <![CDATA[Exception is Handeled]]>
    </line>
    <line>
      <![CDATA[Exception is Handeled]]>
    </line>
    <line>
      <![CDATA[Exception is Handeled]]>
    </line>
    <line>
      <![CDATA[Exception is Handaled]]>
    </line>
    <line>
      <![CDATA[Test case passed: loginwithDDT]]>
    </line>
    <line>
      <![CDATA[Chrome browser is launched succesfully]]>
    </line>
    <line>
      <![CDATA[Exception is handaled]]>
    </line>
    <line>
      <![CDATA[Exception is Handeled]]>
    </line>
    <line>
      <![CDATA[Exception is Handaled]]>
    </line>
    <line>
      <![CDATA[Product discription is Displayed]]>
    </line>
    <line>
      <![CDATA[Customer Reviews is Displayed]]>
    </line>
    <line>
      <![CDATA[Product price is Displayed]]>
    </line>
    <line>
      <![CDATA[Test case passed: loginwithDDT]]>
    </line>
    <line>
      <![CDATA[Chrome browser is launched succesfully]]>
    </line>
    <line>
      <![CDATA[Exception is Handeled]]>
    </line>
    <line>
      <![CDATA[Exception is Handeled]]>
    </line>
    <line>
      <![CDATA[Exception is Handeled]]>
    </line>
    <line>
      <![CDATA[Exception is Handeled]]>
    </line>
    <line>
      <![CDATA[Test case failed: loginwithDDT]]>
    </line>
    <line>
      <![CDATA[Chrome browser is launched succesfully]]>
    </line>
    <line>
      <![CDATA[Exception is Handeled]]>
    </line>
    <line>
      <![CDATA[Exception is Handaled]]>
    </line>
    <line>
      <![CDATA[Test case passed: loginwithDDT]]>
    </line>
    <line>
      <![CDATA[Chrome browser is launched succesfully]]>
    </line>
    <line>
      <![CDATA[Exception is handaled]]>
    </line>
    <line>
      <![CDATA[Exception is Handeled]]>
    </line>
    <line>
      <![CDATA[Exception is Handeled]]>
    </line>
    <line>
      <![CDATA[Exception is Handeled]]>
    </line>
    <line>
      <![CDATA[Exception is Handeled]]>
    </line>
    <line>
      <![CDATA[Exception is Handaled]]>
    </line>
    <line>
      <![CDATA[Exception is handaled]]>
    </line>
    <line>
      <![CDATA[Test case passed: loginwithDDT]]>
    </line>
    <line>
      <![CDATA[Chrome browser is launched succesfully]]>
    </line>
    <line>
      <![CDATA[Exception is Handeled]]>
    </line>
    <line>
      <![CDATA[Exception is Handaled]]>
    </line>
    <line>
      <![CDATA[Test case passed: loginwithDDT]]>
    </line>
    <line>
      <![CDATA[Chrome browser is launched succesfully]]>
    </line>
    <line>
      <![CDATA[Exception is handaled]]>
    </line>
    <line>
      <![CDATA[Exception is Handeled]]>
    </line>
    <line>
      <![CDATA[Exception is Handeled]]>
    </line>
    <line>
      <![CDATA[Exception is Handeled]]>
    </line>
    <line>
      <![CDATA[Exception is Handeled]]>
    </line>
    <line>
      <![CDATA[Exception is Handaled]]>
    </line>
    <line>
      <![CDATA[Exception is handaled]]>
    </line>
    <line>
      <![CDATA[Exception is handeled]]>
    </line>
    <line>
      <![CDATA[Test case failed: addRemoveproduct]]>
    </line>
    <line>
      <![CDATA[Chrome browser is launched succesfully]]>
    </line>
    <line>
      <![CDATA[Exception is Handeled]]>
    </line>
    <line>
      <![CDATA[Exception is Handaled]]>
    </line>
    <line>
      <![CDATA[Exception is handeled]]>
    </line>
    <line>
      <![CDATA[Test case passed: addRemoveproduct]]>
    </line>
    <line>
      <![CDATA[Chrome browser is launched succesfully]]>
    </line>
    <line>
      <![CDATA[Exception is handaled]]>
    </line>
    <line>
      <![CDATA[Exception is Handeled]]>
    </line>
    <line>
      <![CDATA[Exception is Handeled]]>
    </line>
    <line>
      <![CDATA[Exception is Handeled]]>
    </line>
    <line>
      <![CDATA[Exception is Handeled]]>
    </line>
    <line>
      <![CDATA[Exception is Handaled]]>
    </line>
    <line>
      <![CDATA[Exception is handaled]]>
    </line>
    <line>
      <![CDATA[Exception is handeled]]>
    </line>
    <line>
      <![CDATA[Test case failed: selectingAddressPaymentMethod]]>
    </line>
    <line>
      <![CDATA[Chrome browser is launched succesfully]]>
    </line>
    <line>
      <![CDATA[Exception is handaled]]>
    </line>
    <line>
      <![CDATA[Exception is Handeled]]>
    </line>
    <line>
      <![CDATA[Exception is Handaled]]>
    </line>
    <line>
      <![CDATA[Exception is handeled]]>
    </line>
    <line>
      <![CDATA[Exception is handeled]]>
    </line>
    <line>
      <![CDATA[Test case passed: selectingAddressPaymentMethod]]>
    </line>
    <line>
      <![CDATA[Chrome browser is launched succesfully]]>
    </line>
    <line>
      <![CDATA[Exception is handaled]]>
    </line>
    <line>
      <![CDATA[Exception is Handeled]]>
    </line>
    <line>
      <![CDATA[Exception is Handeled]]>
    </line>
    <line>
      <![CDATA[Exception is Handeled]]>
    </line>
    <line>
      <![CDATA[Exception is Handeled]]>
    </line>
    <line>
      <![CDATA[Exception is Handaled]]>
    </line>
    <line>
      <![CDATA[Exception is handeled]]>
    </line>
    <line>
      <![CDATA[Test case passed: paymentMethodValidation]]>
    </line>
    <line>
      <![CDATA[Chrome browser is launched succesfully]]>
    </line>
    <line>
      <![CDATA[Exception is handaled]]>
    </line>
    <line>
      <![CDATA[Exception is Handeled]]>
    </line>
    <line>
      <![CDATA[Exception is Handaled]]>
    </line>
    <line>
      <![CDATA[Exception is handeled]]>
    </line>
    <line>
      <![CDATA[Test case passed: paymentMethodValidation]]>
    </line>
    <line>
      <![CDATA[Chrome browser is launched succesfully]]>
    </line>
    <line>
      <![CDATA[Exception is handaled]]>
    </line>
    <line>
      <![CDATA[Exception is Handeled]]>
    </line>
    <line>
      <![CDATA[Exception is Handeled]]>
    </line>
    <line>
      <![CDATA[Exception is Handeled]]>
    </line>
    <line>
      <![CDATA[Exception is Handeled]]>
    </line>
    <line>
      <![CDATA[Exception is Handaled]]>
    </line>
    <line>
      <![CDATA[Exception is handaled]]>
    </line>
    <line>
      <![CDATA[Exception is handeled]]>
    </line>
    <line>
      <![CDATA[Test case failed: OrderingProuctWithCoupenCode]]>
    </line>
    <line>
      <![CDATA[Chrome browser is launched succesfully]]>
    </line>
    <line>
      <![CDATA[Exception is Handeled]]>
    </line>
    <line>
      <![CDATA[Exception is Handaled]]>
    </line>
    <line>
      <![CDATA[Exception is handeled]]>
    </line>
    <line>
      <![CDATA[Test case failed: OrderingProuctWithCoupenCode]]>
    </line>
    <line>
      <![CDATA[Chrome browser is launched succesfully]]>
    </line>
    <line>
      <![CDATA[Exception is handaled]]>
    </line>
    <line>
      <![CDATA[Exception is Handeled]]>
    </line>
    <line>
      <![CDATA[Exception is Handeled]]>
    </line>
    <line>
      <![CDATA[Exception is Handeled]]>
    </line>
    <line>
      <![CDATA[Test case failed: givingRatingforLastOrder]]>
    </line>
    <line>
      <![CDATA[Chrome browser is launched succesfully]]>
    </line>
    <line>
      <![CDATA[Exception is handaled]]>
    </line>
    <line>
      <![CDATA[Exception is Handeled]]>
    </line>
    <line>
      <![CDATA[Test case passed: givingRatingforLastOrder]]>
    </line>
    <line>
      <![CDATA[Chrome browser is launched succesfully]]>
    </line>
    <line>
      <![CDATA[Exception is handaled]]>
    </line>
    <line>
      <![CDATA[Exception is Handaled]]>
    </line>
    <line>
      <![CDATA[Test case passed: GoingToCartwithoutLogin]]>
    </line>
  </reporter-output>
  <suite started-at="2025-06-21T14:05:27 EDT" name="Suite" finished-at="2025-06-21T14:57:46 EDT" duration-ms="3138907">
    <groups>
    </groups>
    <test started-at="2025-06-21T14:05:27 EDT" name="Test" finished-at="2025-06-21T14:57:46 EDT" duration-ms="3138907">
      <class name="Amazon1.TC_2AmazonLogin">
        <test-method is-config="true" signature="browserLaunch(java.lang.String)[pri:0, instance:Amazon1.TC_2AmazonLogin@6d763516]" started-at="2025-06-21T14:05:59 EDT" name="browserLaunch" finished-at="2025-06-21T14:06:02 EDT" duration-ms="3151" status="PASS">
          <params>
            <param index="0">
              <value>
                <![CDATA[Chrome]]>
              </value>
            </param>
          </params>
          <reporter-output>
            <line>
              <![CDATA[Chrome browser is launched succesfully]]>
            </line>
          </reporter-output>
        </test-method> <!-- browserLaunch -->
        <test-method signature="loginwithDDT(java.lang.String,java.lang.String)[pri:0, instance:Amazon1.TC_2AmazonLogin@6d763516]" started-at="2025-06-21T14:06:02 EDT" name="loginwithDDT" data-provider="loginData1" finished-at="2025-06-21T14:07:26 EDT" duration-ms="83981" status="PASS">
          <params>
            <param index="0">
              <value>
                <![CDATA[]]>
              </value>
            </param>
            <param index="1">
              <value>
                <![CDATA[]]>
              </value>
            </param>
          </params>
          <reporter-output>
            <line>
              <![CDATA[Exception is handaled]]>
            </line>
            <line>
              <![CDATA[Exception is Handeled]]>
            </line>
            <line>
              <![CDATA[Exception is Handeled]]>
            </line>
            <line>
              <![CDATA[Exception is Handeled]]>
            </line>
            <line>
              <![CDATA[Test case passed: loginwithDDT]]>
            </line>
          </reporter-output>
        </test-method> <!-- loginwithDDT -->
        <test-method is-config="true" signature="browserQuit()[pri:0, instance:Amazon1.TC_2AmazonLogin@6d763516]" started-at="2025-06-21T14:07:26 EDT" name="browserQuit" finished-at="2025-06-21T14:07:27 EDT" duration-ms="669" status="PASS">
          <reporter-output>
          </reporter-output>
        </test-method> <!-- browserQuit -->
        <test-method is-config="true" signature="browserLaunch(java.lang.String)[pri:0, instance:Amazon1.TC_2AmazonLogin@6d763516]" started-at="2025-06-21T14:07:27 EDT" name="browserLaunch" finished-at="2025-06-21T14:07:29 EDT" duration-ms="1800" status="PASS">
          <params>
            <param index="0">
              <value>
                <![CDATA[Chrome]]>
              </value>
            </param>
          </params>
          <reporter-output>
            <line>
              <![CDATA[Chrome browser is launched succesfully]]>
            </line>
          </reporter-output>
        </test-method> <!-- browserLaunch -->
        <test-method signature="loginwithDDT(java.lang.String,java.lang.String)[pri:0, instance:Amazon1.TC_2AmazonLogin@6d763516]" started-at="2025-06-21T14:07:29 EDT" name="loginwithDDT" data-provider="loginData1" finished-at="2025-06-21T14:07:55 EDT" duration-ms="26552" status="PASS">
          <params>
            <param index="0">
              <value>
                <![CDATA[anujagaikwad86@gmail.com]]>
              </value>
            </param>
            <param index="1">
              <value>
                <![CDATA[anuja@89]]>
              </value>
            </param>
          </params>
          <reporter-output>
            <line>
              <![CDATA[Exception is handaled]]>
            </line>
            <line>
              <![CDATA[Exception is Handeled]]>
            </line>
            <line>
              <![CDATA[Test case passed: loginwithDDT]]>
            </line>
          </reporter-output>
        </test-method> <!-- loginwithDDT -->
        <test-method is-config="true" signature="browserQuit()[pri:0, instance:Amazon1.TC_2AmazonLogin@6d763516]" started-at="2025-06-21T14:07:55 EDT" name="browserQuit" finished-at="2025-06-21T14:07:56 EDT" duration-ms="1374" status="PASS">
          <reporter-output>
          </reporter-output>
        </test-method> <!-- browserQuit -->
      </class> <!-- Amazon1.TC_2AmazonLogin -->
      <class name="Amazon1.TC_13ApplyCoupenCode">
        <test-method is-config="true" signature="browserLaunch(java.lang.String)[pri:0, instance:Amazon1.TC_13ApplyCoupenCode@5158b42f]" started-at="2025-06-21T14:50:25 EDT" name="browserLaunch" finished-at="2025-06-21T14:50:28 EDT" duration-ms="2365" status="PASS">
          <params>
            <param index="0">
              <value>
                <![CDATA[Chrome]]>
              </value>
            </param>
          </params>
          <reporter-output>
            <line>
              <![CDATA[Chrome browser is launched succesfully]]>
            </line>
          </reporter-output>
        </test-method> <!-- browserLaunch -->
        <test-method signature="OrderingProuctWithCoupenCode(java.lang.String,java.lang.String)[pri:0, instance:Amazon1.TC_13ApplyCoupenCode@5158b42f]" started-at="2025-06-21T14:50:28 EDT" name="OrderingProuctWithCoupenCode" data-provider="loginData1" finished-at="2025-06-21T14:53:42 EDT" duration-ms="194861" status="FAIL">
          <params>
            <param index="0">
              <value>
                <![CDATA[]]>
              </value>
            </param>
            <param index="1">
              <value>
                <![CDATA[]]>
              </value>
            </param>
          </params>
          <exception class="java.lang.NullPointerException">
            <message>
              <![CDATA[Cannot invoke "org.openqa.selenium.WebDriver.getClass()" because "exceptionDriver" is null]]>
            </message>
            <full-stacktrace>
              <![CDATA[java.lang.NullPointerException: Cannot invoke "org.openqa.selenium.WebDriver.getClass()" because "exceptionDriver" is null
at org.openqa.selenium.support.ui.WebDriverWait.timeoutException(WebDriverWait.java:85)
at org.openqa.selenium.support.ui.FluentWait.until(FluentWait.java:228)
at Amazon1.AmazonProductDetailPage.clickdecreasequantity(AmazonProductDetailPage.java:146)
at Amazon1.TC_13ApplyCoupenCode.OrderingProuctWithCoupenCode(TC_13ApplyCoupenCode.java:41)
at java.base/jdk.internal.reflect.NativeMethodAccessorImpl.invoke0(Native Method)
at java.base/jdk.internal.reflect.NativeMethodAccessorImpl.invoke(NativeMethodAccessorImpl.java:77)
at java.base/jdk.internal.reflect.DelegatingMethodAccessorImpl.invoke(DelegatingMethodAccessorImpl.java:43)
at java.base/java.lang.reflect.Method.invoke(Method.java:568)
at org.testng.internal.invokers.MethodInvocationHelper.invokeMethod(MethodInvocationHelper.java:141)
at org.testng.internal.invokers.TestInvoker.invokeMethod(TestInvoker.java:686)
at org.testng.internal.invokers.TestInvoker.invokeTestMethod(TestInvoker.java:230)
at org.testng.internal.invokers.MethodRunner.runInSequence(MethodRunner.java:63)
at org.testng.internal.invokers.TestInvoker$MethodInvocationAgent.invoke(TestInvoker.java:992)
at org.testng.internal.invokers.TestInvoker.invokeTestMethods(TestInvoker.java:203)
at org.testng.internal.invokers.TestMethodWorker.invokeTestMethods(TestMethodWorker.java:154)
at org.testng.internal.invokers.TestMethodWorker.run(TestMethodWorker.java:134)
at java.base/java.util.ArrayList.forEach(ArrayList.java:1511)
at org.testng.TestRunner.privateRun(TestRunner.java:739)
at org.testng.TestRunner.run(TestRunner.java:614)
at org.testng.SuiteRunner.runTest(SuiteRunner.java:421)
at org.testng.SuiteRunner.runSequentially(SuiteRunner.java:413)
at org.testng.SuiteRunner.privateRun(SuiteRunner.java:373)
at org.testng.SuiteRunner.run(SuiteRunner.java:312)
at org.testng.SuiteRunnerWorker.runSuite(SuiteRunnerWorker.java:52)
at org.testng.SuiteRunnerWorker.run(SuiteRunnerWorker.java:95)
at org.testng.TestNG.runSuitesSequentially(TestNG.java:1274)
at org.testng.TestNG.runSuitesLocally(TestNG.java:1208)
at org.testng.TestNG.runSuites(TestNG.java:1112)
at org.testng.TestNG.run(TestNG.java:1079)
at org.apache.maven.surefire.testng.TestNGExecutor.run(TestNGExecutor.java:308)
at org.apache.maven.surefire.testng.TestNGXmlTestSuite.execute(TestNGXmlTestSuite.java:71)
at org.apache.maven.surefire.testng.TestNGProvider.invoke(TestNGProvider.java:113)
at org.apache.maven.surefire.booter.ForkedBooter.runSuitesInProcess(ForkedBooter.java:385)
at org.apache.maven.surefire.booter.ForkedBooter.execute(ForkedBooter.java:162)
at org.apache.maven.surefire.booter.ForkedBooter.run(ForkedBooter.java:507)
at org.apache.maven.surefire.booter.ForkedBooter.main(ForkedBooter.java:495)
]]>
            </full-stacktrace>
          </exception> <!-- java.lang.NullPointerException -->
          <reporter-output>
            <line>
              <![CDATA[Exception is handaled]]>
            </line>
            <line>
              <![CDATA[Exception is Handeled]]>
            </line>
            <line>
              <![CDATA[Exception is Handeled]]>
            </line>
            <line>
              <![CDATA[Exception is Handeled]]>
            </line>
            <line>
              <![CDATA[Exception is Handeled]]>
            </line>
            <line>
              <![CDATA[Exception is Handaled]]>
            </line>
            <line>
              <![CDATA[Exception is handaled]]>
            </line>
            <line>
              <![CDATA[Exception is handeled]]>
            </line>
            <line>
              <![CDATA[Test case failed: OrderingProuctWithCoupenCode]]>
            </line>
          </reporter-output>
        </test-method> <!-- OrderingProuctWithCoupenCode -->
        <test-method is-config="true" signature="browserQuit()[pri:0, instance:Amazon1.TC_13ApplyCoupenCode@5158b42f]" started-at="2025-06-21T14:53:42 EDT" name="browserQuit" finished-at="2025-06-21T14:53:44 EDT" duration-ms="1611" status="PASS">
          <reporter-output>
          </reporter-output>
        </test-method> <!-- browserQuit -->
        <test-method is-config="true" signature="browserLaunch(java.lang.String)[pri:0, instance:Amazon1.TC_13ApplyCoupenCode@5158b42f]" started-at="2025-06-21T14:53:44 EDT" name="browserLaunch" finished-at="2025-06-21T14:53:46 EDT" duration-ms="1699" status="PASS">
          <params>
            <param index="0">
              <value>
                <![CDATA[Chrome]]>
              </value>
            </param>
          </params>
          <reporter-output>
            <line>
              <![CDATA[Chrome browser is launched succesfully]]>
            </line>
          </reporter-output>
        </test-method> <!-- browserLaunch -->
        <test-method signature="OrderingProuctWithCoupenCode(java.lang.String,java.lang.String)[pri:0, instance:Amazon1.TC_13ApplyCoupenCode@5158b42f]" started-at="2025-06-21T14:53:46 EDT" name="OrderingProuctWithCoupenCode" data-provider="loginData1" finished-at="2025-06-21T14:54:36 EDT" duration-ms="50677" status="FAIL">
          <params>
            <param index="0">
              <value>
                <![CDATA[anujagaikwad86@gmail.com]]>
              </value>
            </param>
            <param index="1">
              <value>
                <![CDATA[anuja@89]]>
              </value>
            </param>
          </params>
          <exception class="java.lang.NullPointerException">
            <message>
              <![CDATA[Cannot invoke "org.openqa.selenium.WebDriver.getClass()" because "exceptionDriver" is null]]>
            </message>
            <full-stacktrace>
              <![CDATA[java.lang.NullPointerException: Cannot invoke "org.openqa.selenium.WebDriver.getClass()" because "exceptionDriver" is null
at org.openqa.selenium.support.ui.WebDriverWait.timeoutException(WebDriverWait.java:85)
at org.openqa.selenium.support.ui.FluentWait.until(FluentWait.java:228)
at Amazon1.AmazonProductDetailPage.clickdecreasequantity(AmazonProductDetailPage.java:146)
at Amazon1.TC_13ApplyCoupenCode.OrderingProuctWithCoupenCode(TC_13ApplyCoupenCode.java:42)
at java.base/jdk.internal.reflect.NativeMethodAccessorImpl.invoke0(Native Method)
at java.base/jdk.internal.reflect.NativeMethodAccessorImpl.invoke(NativeMethodAccessorImpl.java:77)
at java.base/jdk.internal.reflect.DelegatingMethodAccessorImpl.invoke(DelegatingMethodAccessorImpl.java:43)
at java.base/java.lang.reflect.Method.invoke(Method.java:568)
at org.testng.internal.invokers.MethodInvocationHelper.invokeMethod(MethodInvocationHelper.java:141)
at org.testng.internal.invokers.TestInvoker.invokeMethod(TestInvoker.java:686)
at org.testng.internal.invokers.TestInvoker.invokeTestMethod(TestInvoker.java:230)
at org.testng.internal.invokers.MethodRunner.runInSequence(MethodRunner.java:63)
at org.testng.internal.invokers.TestInvoker$MethodInvocationAgent.invoke(TestInvoker.java:992)
at org.testng.internal.invokers.TestInvoker.invokeTestMethods(TestInvoker.java:203)
at org.testng.internal.invokers.TestMethodWorker.invokeTestMethods(TestMethodWorker.java:154)
at org.testng.internal.invokers.TestMethodWorker.run(TestMethodWorker.java:134)
at java.base/java.util.ArrayList.forEach(ArrayList.java:1511)
at org.testng.TestRunner.privateRun(TestRunner.java:739)
at org.testng.TestRunner.run(TestRunner.java:614)
at org.testng.SuiteRunner.runTest(SuiteRunner.java:421)
at org.testng.SuiteRunner.runSequentially(SuiteRunner.java:413)
at org.testng.SuiteRunner.privateRun(SuiteRunner.java:373)
at org.testng.SuiteRunner.run(SuiteRunner.java:312)
at org.testng.SuiteRunnerWorker.runSuite(SuiteRunnerWorker.java:52)
at org.testng.SuiteRunnerWorker.run(SuiteRunnerWorker.java:95)
at org.testng.TestNG.runSuitesSequentially(TestNG.java:1274)
at org.testng.TestNG.runSuitesLocally(TestNG.java:1208)
at org.testng.TestNG.runSuites(TestNG.java:1112)
at org.testng.TestNG.run(TestNG.java:1079)
at org.apache.maven.surefire.testng.TestNGExecutor.run(TestNGExecutor.java:308)
at org.apache.maven.surefire.testng.TestNGXmlTestSuite.execute(TestNGXmlTestSuite.java:71)
at org.apache.maven.surefire.testng.TestNGProvider.invoke(TestNGProvider.java:113)
at org.apache.maven.surefire.booter.ForkedBooter.runSuitesInProcess(ForkedBooter.java:385)
at org.apache.maven.surefire.booter.ForkedBooter.execute(ForkedBooter.java:162)
at org.apache.maven.surefire.booter.ForkedBooter.run(ForkedBooter.java:507)
at org.apache.maven.surefire.booter.ForkedBooter.main(ForkedBooter.java:495)
]]>
            </full-stacktrace>
          </exception> <!-- java.lang.NullPointerException -->
          <reporter-output>
            <line>
              <![CDATA[Exception is Handeled]]>
            </line>
            <line>
              <![CDATA[Exception is Handaled]]>
            </line>
            <line>
              <![CDATA[Exception is handeled]]>
            </line>
            <line>
              <![CDATA[Test case failed: OrderingProuctWithCoupenCode]]>
            </line>
          </reporter-output>
        </test-method> <!-- OrderingProuctWithCoupenCode -->
        <test-method is-config="true" signature="browserQuit()[pri:0, instance:Amazon1.TC_13ApplyCoupenCode@5158b42f]" started-at="2025-06-21T14:54:36 EDT" name="browserQuit" finished-at="2025-06-21T14:54:39 EDT" duration-ms="2216" status="PASS">
          <reporter-output>
          </reporter-output>
        </test-method> <!-- browserQuit -->
      </class> <!-- Amazon1.TC_13ApplyCoupenCode -->
      <class name="Amazon1.TC_8ProductSort">
        <test-method is-config="true" signature="browserLaunch(java.lang.String)[pri:0, instance:Amazon1.TC_8ProductSort@6c64cb25]" started-at="2025-06-21T14:28:50 EDT" name="browserLaunch" finished-at="2025-06-21T14:28:51 EDT" duration-ms="1918" status="PASS">
          <params>
            <param index="0">
              <value>
                <![CDATA[Chrome]]>
              </value>
            </param>
          </params>
          <reporter-output>
            <line>
              <![CDATA[Chrome browser is launched succesfully]]>
            </line>
          </reporter-output>
        </test-method> <!-- browserLaunch -->
        <test-method signature="loginwithDDT(java.lang.String,java.lang.String)[pri:0, instance:Amazon1.TC_8ProductSort@6c64cb25]" started-at="2025-06-21T14:28:51 EDT" name="loginwithDDT" data-provider="loginData1" finished-at="2025-06-21T14:30:59 EDT" duration-ms="127016" status="FAIL">
          <params>
            <param index="0">
              <value>
                <![CDATA[]]>
              </value>
            </param>
            <param index="1">
              <value>
                <![CDATA[]]>
              </value>
            </param>
          </params>
          <exception class="java.lang.NullPointerException">
            <message>
              <![CDATA[Cannot invoke "org.openqa.selenium.WebDriver.getClass()" because "exceptionDriver" is null]]>
            </message>
            <full-stacktrace>
              <![CDATA[java.lang.NullPointerException: Cannot invoke "org.openqa.selenium.WebDriver.getClass()" because "exceptionDriver" is null
at org.openqa.selenium.support.ui.WebDriverWait.timeoutException(WebDriverWait.java:85)
at org.openqa.selenium.support.ui.FluentWait.until(FluentWait.java:228)
at Amazon1.AmazonProductDetailPage.clickingOnSort(AmazonProductDetailPage.java:100)
at Amazon1.TC_8ProductSort.loginwithDDT(TC_8ProductSort.java:36)
at java.base/jdk.internal.reflect.NativeMethodAccessorImpl.invoke0(Native Method)
at java.base/jdk.internal.reflect.NativeMethodAccessorImpl.invoke(NativeMethodAccessorImpl.java:77)
at java.base/jdk.internal.reflect.DelegatingMethodAccessorImpl.invoke(DelegatingMethodAccessorImpl.java:43)
at java.base/java.lang.reflect.Method.invoke(Method.java:568)
at org.testng.internal.invokers.MethodInvocationHelper.invokeMethod(MethodInvocationHelper.java:141)
at org.testng.internal.invokers.TestInvoker.invokeMethod(TestInvoker.java:686)
at org.testng.internal.invokers.TestInvoker.invokeTestMethod(TestInvoker.java:230)
at org.testng.internal.invokers.MethodRunner.runInSequence(MethodRunner.java:63)
at org.testng.internal.invokers.TestInvoker$MethodInvocationAgent.invoke(TestInvoker.java:992)
at org.testng.internal.invokers.TestInvoker.invokeTestMethods(TestInvoker.java:203)
at org.testng.internal.invokers.TestMethodWorker.invokeTestMethods(TestMethodWorker.java:154)
at org.testng.internal.invokers.TestMethodWorker.run(TestMethodWorker.java:134)
at java.base/java.util.ArrayList.forEach(ArrayList.java:1511)
at org.testng.TestRunner.privateRun(TestRunner.java:739)
at org.testng.TestRunner.run(TestRunner.java:614)
at org.testng.SuiteRunner.runTest(SuiteRunner.java:421)
at org.testng.SuiteRunner.runSequentially(SuiteRunner.java:413)
at org.testng.SuiteRunner.privateRun(SuiteRunner.java:373)
at org.testng.SuiteRunner.run(SuiteRunner.java:312)
at org.testng.SuiteRunnerWorker.runSuite(SuiteRunnerWorker.java:52)
at org.testng.SuiteRunnerWorker.run(SuiteRunnerWorker.java:95)
at org.testng.TestNG.runSuitesSequentially(TestNG.java:1274)
at org.testng.TestNG.runSuitesLocally(TestNG.java:1208)
at org.testng.TestNG.runSuites(TestNG.java:1112)
at org.testng.TestNG.run(TestNG.java:1079)
at org.apache.maven.surefire.testng.TestNGExecutor.run(TestNGExecutor.java:308)
at org.apache.maven.surefire.testng.TestNGXmlTestSuite.execute(TestNGXmlTestSuite.java:71)
at org.apache.maven.surefire.testng.TestNGProvider.invoke(TestNGProvider.java:113)
at org.apache.maven.surefire.booter.ForkedBooter.runSuitesInProcess(ForkedBooter.java:385)
at org.apache.maven.surefire.booter.ForkedBooter.execute(ForkedBooter.java:162)
at org.apache.maven.surefire.booter.ForkedBooter.run(ForkedBooter.java:507)
at org.apache.maven.surefire.booter.ForkedBooter.main(ForkedBooter.java:495)
]]>
            </full-stacktrace>
          </exception> <!-- java.lang.NullPointerException -->
          <reporter-output>
            <line>
              <![CDATA[Exception is Handeled]]>
            </line>
            <line>
              <![CDATA[Exception is Handeled]]>
            </line>
            <line>
              <![CDATA[Exception is Handeled]]>
            </line>
            <line>
              <![CDATA[Exception is Handeled]]>
            </line>
            <line>
              <![CDATA[Test case failed: loginwithDDT]]>
            </line>
          </reporter-output>
        </test-method> <!-- loginwithDDT -->
        <test-method is-config="true" signature="browserQuit()[pri:0, instance:Amazon1.TC_8ProductSort@6c64cb25]" started-at="2025-06-21T14:30:59 EDT" name="browserQuit" finished-at="2025-06-21T14:31:00 EDT" duration-ms="1483" status="PASS">
          <reporter-output>
          </reporter-output>
        </test-method> <!-- browserQuit -->
        <test-method is-config="true" signature="browserLaunch(java.lang.String)[pri:0, instance:Amazon1.TC_8ProductSort@6c64cb25]" started-at="2025-06-21T14:31:00 EDT" name="browserLaunch" finished-at="2025-06-21T14:31:02 EDT" duration-ms="1763" status="PASS">
          <params>
            <param index="0">
              <value>
                <![CDATA[Chrome]]>
              </value>
            </param>
          </params>
          <reporter-output>
            <line>
              <![CDATA[Chrome browser is launched succesfully]]>
            </line>
          </reporter-output>
        </test-method> <!-- browserLaunch -->
        <test-method signature="loginwithDDT(java.lang.String,java.lang.String)[pri:0, instance:Amazon1.TC_8ProductSort@6c64cb25]" started-at="2025-06-21T14:31:02 EDT" name="loginwithDDT" data-provider="loginData1" finished-at="2025-06-21T14:31:44 EDT" duration-ms="42673" status="PASS">
          <params>
            <param index="0">
              <value>
                <![CDATA[anujagaikwad86@gmail.com]]>
              </value>
            </param>
            <param index="1">
              <value>
                <![CDATA[anuja@89]]>
              </value>
            </param>
          </params>
          <reporter-output>
            <line>
              <![CDATA[Exception is Handeled]]>
            </line>
            <line>
              <![CDATA[Exception is Handaled]]>
            </line>
            <line>
              <![CDATA[Test case passed: loginwithDDT]]>
            </line>
          </reporter-output>
        </test-method> <!-- loginwithDDT -->
        <test-method is-config="true" signature="browserQuit()[pri:0, instance:Amazon1.TC_8ProductSort@6c64cb25]" started-at="2025-06-21T14:31:44 EDT" name="browserQuit" finished-at="2025-06-21T14:31:47 EDT" duration-ms="2921" status="PASS">
          <reporter-output>
          </reporter-output>
        </test-method> <!-- browserQuit -->
      </class> <!-- Amazon1.TC_8ProductSort -->
      <class name="Amazon1.TC_4EditYourProfile">
        <test-method is-config="true" signature="browserLaunch(java.lang.String)[pri:0, instance:Amazon1.TC_4EditYourProfile@37afeb11]" started-at="2025-06-21T14:10:11 EDT" name="browserLaunch" finished-at="2025-06-21T14:10:13 EDT" duration-ms="1909" status="PASS">
          <params>
            <param index="0">
              <value>
                <![CDATA[Chrome]]>
              </value>
            </param>
          </params>
          <reporter-output>
            <line>
              <![CDATA[Chrome browser is launched succesfully]]>
            </line>
          </reporter-output>
        </test-method> <!-- browserLaunch -->
        <test-method retried="true" signature="loginwithDDT(java.lang.String,java.lang.String)[pri:0, instance:Amazon1.TC_4EditYourProfile@37afeb11]" started-at="2025-06-21T14:10:13 EDT" name="loginwithDDT" data-provider="loginData1" finished-at="2025-06-21T14:12:27 EDT" duration-ms="134004" status="SKIP">
          <params>
            <param index="0">
              <value>
                <![CDATA[]]>
              </value>
            </param>
            <param index="1">
              <value>
                <![CDATA[]]>
              </value>
            </param>
          </params>
          <exception class="java.lang.NullPointerException">
            <message>
              <![CDATA[Cannot invoke "org.openqa.selenium.WebDriver.getClass()" because "exceptionDriver" is null]]>
            </message>
            <full-stacktrace>
              <![CDATA[java.lang.NullPointerException: Cannot invoke "org.openqa.selenium.WebDriver.getClass()" because "exceptionDriver" is null
at org.openqa.selenium.support.ui.WebDriverWait.timeoutException(WebDriverWait.java:85)
at org.openqa.selenium.support.ui.FluentWait.until(FluentWait.java:228)
at Amazon1.AmazonProfileEditPage.goToYourAccount(AmazonProfileEditPage.java:36)
at Amazon1.TC_4EditYourProfile.loginwithDDT(TC_4EditYourProfile.java:36)
at java.base/jdk.internal.reflect.NativeMethodAccessorImpl.invoke0(Native Method)
at java.base/jdk.internal.reflect.NativeMethodAccessorImpl.invoke(NativeMethodAccessorImpl.java:77)
at java.base/jdk.internal.reflect.DelegatingMethodAccessorImpl.invoke(DelegatingMethodAccessorImpl.java:43)
at java.base/java.lang.reflect.Method.invoke(Method.java:568)
at org.testng.internal.invokers.MethodInvocationHelper.invokeMethod(MethodInvocationHelper.java:141)
at org.testng.internal.invokers.TestInvoker.invokeMethod(TestInvoker.java:686)
at org.testng.internal.invokers.TestInvoker.invokeTestMethod(TestInvoker.java:230)
at org.testng.internal.invokers.MethodRunner.runInSequence(MethodRunner.java:63)
at org.testng.internal.invokers.TestInvoker$MethodInvocationAgent.invoke(TestInvoker.java:992)
at org.testng.internal.invokers.TestInvoker.invokeTestMethods(TestInvoker.java:203)
at org.testng.internal.invokers.TestMethodWorker.invokeTestMethods(TestMethodWorker.java:154)
at org.testng.internal.invokers.TestMethodWorker.run(TestMethodWorker.java:134)
at java.base/java.util.ArrayList.forEach(ArrayList.java:1511)
at org.testng.TestRunner.privateRun(TestRunner.java:739)
at org.testng.TestRunner.run(TestRunner.java:614)
at org.testng.SuiteRunner.runTest(SuiteRunner.java:421)
at org.testng.SuiteRunner.runSequentially(SuiteRunner.java:413)
at org.testng.SuiteRunner.privateRun(SuiteRunner.java:373)
at org.testng.SuiteRunner.run(SuiteRunner.java:312)
at org.testng.SuiteRunnerWorker.runSuite(SuiteRunnerWorker.java:52)
at org.testng.SuiteRunnerWorker.run(SuiteRunnerWorker.java:95)
at org.testng.TestNG.runSuitesSequentially(TestNG.java:1274)
at org.testng.TestNG.runSuitesLocally(TestNG.java:1208)
at org.testng.TestNG.runSuites(TestNG.java:1112)
at org.testng.TestNG.run(TestNG.java:1079)
at org.apache.maven.surefire.testng.TestNGExecutor.run(TestNGExecutor.java:308)
at org.apache.maven.surefire.testng.TestNGXmlTestSuite.execute(TestNGXmlTestSuite.java:71)
at org.apache.maven.surefire.testng.TestNGProvider.invoke(TestNGProvider.java:113)
at org.apache.maven.surefire.booter.ForkedBooter.runSuitesInProcess(ForkedBooter.java:385)
at org.apache.maven.surefire.booter.ForkedBooter.execute(ForkedBooter.java:162)
at org.apache.maven.surefire.booter.ForkedBooter.run(ForkedBooter.java:507)
at org.apache.maven.surefire.booter.ForkedBooter.main(ForkedBooter.java:495)
]]>
            </full-stacktrace>
          </exception> <!-- java.lang.NullPointerException -->
          <reporter-output>
            <line>
              <![CDATA[Exception is handaled]]>
            </line>
            <line>
              <![CDATA[Exception is Handeled]]>
            </line>
            <line>
              <![CDATA[Exception is Handeled]]>
            </line>
            <line>
              <![CDATA[Exception is Handeled]]>
            </line>
            <line>
              <![CDATA[Exception is handaled]]>
            </line>
          </reporter-output>
        </test-method> <!-- loginwithDDT -->
        <test-method is-config="true" signature="browserQuit()[pri:0, instance:Amazon1.TC_4EditYourProfile@37afeb11]" started-at="2025-06-21T14:12:27 EDT" name="browserQuit" finished-at="2025-06-21T14:12:27 EDT" duration-ms="541" status="PASS">
          <reporter-output>
          </reporter-output>
        </test-method> <!-- browserQuit -->
        <test-method is-config="true" signature="browserLaunch(java.lang.String)[pri:0, instance:Amazon1.TC_4EditYourProfile@37afeb11]" started-at="2025-06-21T14:12:27 EDT" name="browserLaunch" finished-at="2025-06-21T14:12:29 EDT" duration-ms="1840" status="PASS">
          <params>
            <param index="0">
              <value>
                <![CDATA[Chrome]]>
              </value>
            </param>
          </params>
          <reporter-output>
            <line>
              <![CDATA[Chrome browser is launched succesfully]]>
            </line>
          </reporter-output>
        </test-method> <!-- browserLaunch -->
        <test-method retried="true" signature="loginwithDDT(java.lang.String,java.lang.String)[pri:0, instance:Amazon1.TC_4EditYourProfile@37afeb11]" started-at="2025-06-21T14:12:29 EDT" name="loginwithDDT" data-provider="loginData1" finished-at="2025-06-21T14:14:43 EDT" duration-ms="133835" status="SKIP">
          <params>
            <param index="0">
              <value>
                <![CDATA[]]>
              </value>
            </param>
            <param index="1">
              <value>
                <![CDATA[]]>
              </value>
            </param>
          </params>
          <exception class="java.lang.NullPointerException">
            <message>
              <![CDATA[Cannot invoke "org.openqa.selenium.WebDriver.getClass()" because "exceptionDriver" is null]]>
            </message>
            <full-stacktrace>
              <![CDATA[java.lang.NullPointerException: Cannot invoke "org.openqa.selenium.WebDriver.getClass()" because "exceptionDriver" is null
at org.openqa.selenium.support.ui.WebDriverWait.timeoutException(WebDriverWait.java:85)
at org.openqa.selenium.support.ui.FluentWait.until(FluentWait.java:228)
at Amazon1.AmazonProfileEditPage.goToYourAccount(AmazonProfileEditPage.java:36)
at Amazon1.TC_4EditYourProfile.loginwithDDT(TC_4EditYourProfile.java:36)
at java.base/jdk.internal.reflect.NativeMethodAccessorImpl.invoke0(Native Method)
at java.base/jdk.internal.reflect.NativeMethodAccessorImpl.invoke(NativeMethodAccessorImpl.java:77)
at java.base/jdk.internal.reflect.DelegatingMethodAccessorImpl.invoke(DelegatingMethodAccessorImpl.java:43)
at java.base/java.lang.reflect.Method.invoke(Method.java:568)
at org.testng.internal.invokers.MethodInvocationHelper.invokeMethod(MethodInvocationHelper.java:141)
at org.testng.internal.invokers.TestInvoker.invokeMethod(TestInvoker.java:686)
at org.testng.internal.invokers.TestInvoker.retryFailed(TestInvoker.java:269)
at org.testng.internal.invokers.MethodRunner.runInSequence(MethodRunner.java:76)
at org.testng.internal.invokers.TestInvoker$MethodInvocationAgent.invoke(TestInvoker.java:992)
at org.testng.internal.invokers.TestInvoker.invokeTestMethods(TestInvoker.java:203)
at org.testng.internal.invokers.TestMethodWorker.invokeTestMethods(TestMethodWorker.java:154)
at org.testng.internal.invokers.TestMethodWorker.run(TestMethodWorker.java:134)
at java.base/java.util.ArrayList.forEach(ArrayList.java:1511)
at org.testng.TestRunner.privateRun(TestRunner.java:739)
at org.testng.TestRunner.run(TestRunner.java:614)
at org.testng.SuiteRunner.runTest(SuiteRunner.java:421)
at org.testng.SuiteRunner.runSequentially(SuiteRunner.java:413)
at org.testng.SuiteRunner.privateRun(SuiteRunner.java:373)
at org.testng.SuiteRunner.run(SuiteRunner.java:312)
at org.testng.SuiteRunnerWorker.runSuite(SuiteRunnerWorker.java:52)
at org.testng.SuiteRunnerWorker.run(SuiteRunnerWorker.java:95)
at org.testng.TestNG.runSuitesSequentially(TestNG.java:1274)
at org.testng.TestNG.runSuitesLocally(TestNG.java:1208)
at org.testng.TestNG.runSuites(TestNG.java:1112)
at org.testng.TestNG.run(TestNG.java:1079)
at org.apache.maven.surefire.testng.TestNGExecutor.run(TestNGExecutor.java:308)
at org.apache.maven.surefire.testng.TestNGXmlTestSuite.execute(TestNGXmlTestSuite.java:71)
at org.apache.maven.surefire.testng.TestNGProvider.invoke(TestNGProvider.java:113)
at org.apache.maven.surefire.booter.ForkedBooter.runSuitesInProcess(ForkedBooter.java:385)
at org.apache.maven.surefire.booter.ForkedBooter.execute(ForkedBooter.java:162)
at org.apache.maven.surefire.booter.ForkedBooter.run(ForkedBooter.java:507)
at org.apache.maven.surefire.booter.ForkedBooter.main(ForkedBooter.java:495)
]]>
            </full-stacktrace>
          </exception> <!-- java.lang.NullPointerException -->
          <reporter-output>
            <line>
              <![CDATA[Exception is handaled]]>
            </line>
            <line>
              <![CDATA[Exception is Handeled]]>
            </line>
            <line>
              <![CDATA[Exception is Handeled]]>
            </line>
            <line>
              <![CDATA[Exception is Handeled]]>
            </line>
            <line>
              <![CDATA[Exception is handaled]]>
            </line>
          </reporter-output>
        </test-method> <!-- loginwithDDT -->
        <test-method is-config="true" signature="browserQuit()[pri:0, instance:Amazon1.TC_4EditYourProfile@37afeb11]" started-at="2025-06-21T14:14:43 EDT" name="browserQuit" finished-at="2025-06-21T14:14:43 EDT" duration-ms="513" status="PASS">
          <reporter-output>
          </reporter-output>
        </test-method> <!-- browserQuit -->
        <test-method is-config="true" signature="browserLaunch(java.lang.String)[pri:0, instance:Amazon1.TC_4EditYourProfile@37afeb11]" started-at="2025-06-21T14:14:43 EDT" name="browserLaunch" finished-at="2025-06-21T14:14:45 EDT" duration-ms="1837" status="PASS">
          <params>
            <param index="0">
              <value>
                <![CDATA[Chrome]]>
              </value>
            </param>
          </params>
          <reporter-output>
            <line>
              <![CDATA[Chrome browser is launched succesfully]]>
            </line>
          </reporter-output>
        </test-method> <!-- browserLaunch -->
        <test-method signature="loginwithDDT(java.lang.String,java.lang.String)[pri:0, instance:Amazon1.TC_4EditYourProfile@37afeb11]" started-at="2025-06-21T14:14:45 EDT" name="loginwithDDT" data-provider="loginData1" finished-at="2025-06-21T14:16:59 EDT" duration-ms="133984" status="FAIL">
          <params>
            <param index="0">
              <value>
                <![CDATA[]]>
              </value>
            </param>
            <param index="1">
              <value>
                <![CDATA[]]>
              </value>
            </param>
          </params>
          <exception class="java.lang.NullPointerException">
            <message>
              <![CDATA[Cannot invoke "org.openqa.selenium.WebDriver.getClass()" because "exceptionDriver" is null]]>
            </message>
            <full-stacktrace>
              <![CDATA[java.lang.NullPointerException: Cannot invoke "org.openqa.selenium.WebDriver.getClass()" because "exceptionDriver" is null
at org.openqa.selenium.support.ui.WebDriverWait.timeoutException(WebDriverWait.java:85)
at org.openqa.selenium.support.ui.FluentWait.until(FluentWait.java:228)
at Amazon1.AmazonProfileEditPage.goToYourAccount(AmazonProfileEditPage.java:36)
at Amazon1.TC_4EditYourProfile.loginwithDDT(TC_4EditYourProfile.java:36)
at java.base/jdk.internal.reflect.NativeMethodAccessorImpl.invoke0(Native Method)
at java.base/jdk.internal.reflect.NativeMethodAccessorImpl.invoke(NativeMethodAccessorImpl.java:77)
at java.base/jdk.internal.reflect.DelegatingMethodAccessorImpl.invoke(DelegatingMethodAccessorImpl.java:43)
at java.base/java.lang.reflect.Method.invoke(Method.java:568)
at org.testng.internal.invokers.MethodInvocationHelper.invokeMethod(MethodInvocationHelper.java:141)
at org.testng.internal.invokers.TestInvoker.invokeMethod(TestInvoker.java:686)
at org.testng.internal.invokers.TestInvoker.retryFailed(TestInvoker.java:269)
at org.testng.internal.invokers.MethodRunner.runInSequence(MethodRunner.java:76)
at org.testng.internal.invokers.TestInvoker$MethodInvocationAgent.invoke(TestInvoker.java:992)
at org.testng.internal.invokers.TestInvoker.invokeTestMethods(TestInvoker.java:203)
at org.testng.internal.invokers.TestMethodWorker.invokeTestMethods(TestMethodWorker.java:154)
at org.testng.internal.invokers.TestMethodWorker.run(TestMethodWorker.java:134)
at java.base/java.util.ArrayList.forEach(ArrayList.java:1511)
at org.testng.TestRunner.privateRun(TestRunner.java:739)
at org.testng.TestRunner.run(TestRunner.java:614)
at org.testng.SuiteRunner.runTest(SuiteRunner.java:421)
at org.testng.SuiteRunner.runSequentially(SuiteRunner.java:413)
at org.testng.SuiteRunner.privateRun(SuiteRunner.java:373)
at org.testng.SuiteRunner.run(SuiteRunner.java:312)
at org.testng.SuiteRunnerWorker.runSuite(SuiteRunnerWorker.java:52)
at org.testng.SuiteRunnerWorker.run(SuiteRunnerWorker.java:95)
at org.testng.TestNG.runSuitesSequentially(TestNG.java:1274)
at org.testng.TestNG.runSuitesLocally(TestNG.java:1208)
at org.testng.TestNG.runSuites(TestNG.java:1112)
at org.testng.TestNG.run(TestNG.java:1079)
at org.apache.maven.surefire.testng.TestNGExecutor.run(TestNGExecutor.java:308)
at org.apache.maven.surefire.testng.TestNGXmlTestSuite.execute(TestNGXmlTestSuite.java:71)
at org.apache.maven.surefire.testng.TestNGProvider.invoke(TestNGProvider.java:113)
at org.apache.maven.surefire.booter.ForkedBooter.runSuitesInProcess(ForkedBooter.java:385)
at org.apache.maven.surefire.booter.ForkedBooter.execute(ForkedBooter.java:162)
at org.apache.maven.surefire.booter.ForkedBooter.run(ForkedBooter.java:507)
at org.apache.maven.surefire.booter.ForkedBooter.main(ForkedBooter.java:495)
]]>
            </full-stacktrace>
          </exception> <!-- java.lang.NullPointerException -->
          <reporter-output>
            <line>
              <![CDATA[Exception is handaled]]>
            </line>
            <line>
              <![CDATA[Exception is Handeled]]>
            </line>
            <line>
              <![CDATA[Exception is Handeled]]>
            </line>
            <line>
              <![CDATA[Exception is Handeled]]>
            </line>
            <line>
              <![CDATA[Exception is handaled]]>
            </line>
            <line>
              <![CDATA[Test case failed: loginwithDDT]]>
            </line>
          </reporter-output>
        </test-method> <!-- loginwithDDT -->
        <test-method is-config="true" signature="browserQuit()[pri:0, instance:Amazon1.TC_4EditYourProfile@37afeb11]" started-at="2025-06-21T14:16:59 EDT" name="browserQuit" finished-at="2025-06-21T14:17:00 EDT" duration-ms="495" status="PASS">
          <reporter-output>
          </reporter-output>
        </test-method> <!-- browserQuit -->
        <test-method is-config="true" signature="browserLaunch(java.lang.String)[pri:0, instance:Amazon1.TC_4EditYourProfile@37afeb11]" started-at="2025-06-21T14:17:00 EDT" name="browserLaunch" finished-at="2025-06-21T14:17:02 EDT" duration-ms="1960" status="PASS">
          <params>
            <param index="0">
              <value>
                <![CDATA[Chrome]]>
              </value>
            </param>
          </params>
          <reporter-output>
            <line>
              <![CDATA[Chrome browser is launched succesfully]]>
            </line>
          </reporter-output>
        </test-method> <!-- browserLaunch -->
        <test-method retried="true" signature="loginwithDDT(java.lang.String,java.lang.String)[pri:0, instance:Amazon1.TC_4EditYourProfile@37afeb11]" started-at="2025-06-21T14:17:02 EDT" name="loginwithDDT" data-provider="loginData1" finished-at="2025-06-21T14:17:49 EDT" duration-ms="47107" status="SKIP">
          <params>
            <param index="0">
              <value>
                <![CDATA[anujagaikwad86@gmail.com]]>
              </value>
            </param>
            <param index="1">
              <value>
                <![CDATA[anuja@89]]>
              </value>
            </param>
          </params>
          <exception class="java.lang.NullPointerException">
            <message>
              <![CDATA[Cannot invoke "org.openqa.selenium.WebDriver.getClass()" because "exceptionDriver" is null]]>
            </message>
            <full-stacktrace>
              <![CDATA[java.lang.NullPointerException: Cannot invoke "org.openqa.selenium.WebDriver.getClass()" because "exceptionDriver" is null
at org.openqa.selenium.support.ui.WebDriverWait.timeoutException(WebDriverWait.java:85)
at org.openqa.selenium.support.ui.FluentWait.until(FluentWait.java:228)
at Amazon1.AmazonProfileEditPage.clickingyouraddress(AmazonProfileEditPage.java:43)
at Amazon1.TC_4EditYourProfile.loginwithDDT(TC_4EditYourProfile.java:37)
at java.base/jdk.internal.reflect.NativeMethodAccessorImpl.invoke0(Native Method)
at java.base/jdk.internal.reflect.NativeMethodAccessorImpl.invoke(NativeMethodAccessorImpl.java:77)
at java.base/jdk.internal.reflect.DelegatingMethodAccessorImpl.invoke(DelegatingMethodAccessorImpl.java:43)
at java.base/java.lang.reflect.Method.invoke(Method.java:568)
at org.testng.internal.invokers.MethodInvocationHelper.invokeMethod(MethodInvocationHelper.java:141)
at org.testng.internal.invokers.TestInvoker.invokeMethod(TestInvoker.java:686)
at org.testng.internal.invokers.TestInvoker.invokeTestMethod(TestInvoker.java:230)
at org.testng.internal.invokers.MethodRunner.runInSequence(MethodRunner.java:63)
at org.testng.internal.invokers.TestInvoker$MethodInvocationAgent.invoke(TestInvoker.java:992)
at org.testng.internal.invokers.TestInvoker.invokeTestMethods(TestInvoker.java:203)
at org.testng.internal.invokers.TestMethodWorker.invokeTestMethods(TestMethodWorker.java:154)
at org.testng.internal.invokers.TestMethodWorker.run(TestMethodWorker.java:134)
at java.base/java.util.ArrayList.forEach(ArrayList.java:1511)
at org.testng.TestRunner.privateRun(TestRunner.java:739)
at org.testng.TestRunner.run(TestRunner.java:614)
at org.testng.SuiteRunner.runTest(SuiteRunner.java:421)
at org.testng.SuiteRunner.runSequentially(SuiteRunner.java:413)
at org.testng.SuiteRunner.privateRun(SuiteRunner.java:373)
at org.testng.SuiteRunner.run(SuiteRunner.java:312)
at org.testng.SuiteRunnerWorker.runSuite(SuiteRunnerWorker.java:52)
at org.testng.SuiteRunnerWorker.run(SuiteRunnerWorker.java:95)
at org.testng.TestNG.runSuitesSequentially(TestNG.java:1274)
at org.testng.TestNG.runSuitesLocally(TestNG.java:1208)
at org.testng.TestNG.runSuites(TestNG.java:1112)
at org.testng.TestNG.run(TestNG.java:1079)
at org.apache.maven.surefire.testng.TestNGExecutor.run(TestNGExecutor.java:308)
at org.apache.maven.surefire.testng.TestNGXmlTestSuite.execute(TestNGXmlTestSuite.java:71)
at org.apache.maven.surefire.testng.TestNGProvider.invoke(TestNGProvider.java:113)
at org.apache.maven.surefire.booter.ForkedBooter.runSuitesInProcess(ForkedBooter.java:385)
at org.apache.maven.surefire.booter.ForkedBooter.execute(ForkedBooter.java:162)
at org.apache.maven.surefire.booter.ForkedBooter.run(ForkedBooter.java:507)
at org.apache.maven.surefire.booter.ForkedBooter.main(ForkedBooter.java:495)
]]>
            </full-stacktrace>
          </exception> <!-- java.lang.NullPointerException -->
          <reporter-output>
            <line>
              <![CDATA[Exception is handaled]]>
            </line>
            <line>
              <![CDATA[Exception is Handeled]]>
            </line>
          </reporter-output>
        </test-method> <!-- loginwithDDT -->
        <test-method is-config="true" signature="browserQuit()[pri:0, instance:Amazon1.TC_4EditYourProfile@37afeb11]" started-at="2025-06-21T14:17:49 EDT" name="browserQuit" finished-at="2025-06-21T14:17:52 EDT" duration-ms="2683" status="PASS">
          <reporter-output>
          </reporter-output>
        </test-method> <!-- browserQuit -->
        <test-method is-config="true" signature="browserLaunch(java.lang.String)[pri:0, instance:Amazon1.TC_4EditYourProfile@37afeb11]" started-at="2025-06-21T14:17:52 EDT" name="browserLaunch" finished-at="2025-06-21T14:17:55 EDT" duration-ms="3637" status="PASS">
          <params>
            <param index="0">
              <value>
                <![CDATA[Chrome]]>
              </value>
            </param>
          </params>
          <reporter-output>
            <line>
              <![CDATA[Chrome browser is launched succesfully]]>
            </line>
          </reporter-output>
        </test-method> <!-- browserLaunch -->
        <test-method retried="true" signature="loginwithDDT(java.lang.String,java.lang.String)[pri:0, instance:Amazon1.TC_4EditYourProfile@37afeb11]" started-at="2025-06-21T14:17:55 EDT" name="loginwithDDT" data-provider="loginData1" finished-at="2025-06-21T14:18:44 EDT" duration-ms="48920" status="SKIP">
          <params>
            <param index="0">
              <value>
                <![CDATA[anujagaikwad86@gmail.com]]>
              </value>
            </param>
            <param index="1">
              <value>
                <![CDATA[anuja@89]]>
              </value>
            </param>
          </params>
          <exception class="java.lang.NullPointerException">
            <message>
              <![CDATA[Cannot invoke "org.openqa.selenium.WebDriver.getClass()" because "exceptionDriver" is null]]>
            </message>
            <full-stacktrace>
              <![CDATA[java.lang.NullPointerException: Cannot invoke "org.openqa.selenium.WebDriver.getClass()" because "exceptionDriver" is null
at org.openqa.selenium.support.ui.WebDriverWait.timeoutException(WebDriverWait.java:85)
at org.openqa.selenium.support.ui.FluentWait.until(FluentWait.java:228)
at Amazon1.AmazonProfileEditPage.clickingyouraddress(AmazonProfileEditPage.java:43)
at Amazon1.TC_4EditYourProfile.loginwithDDT(TC_4EditYourProfile.java:37)
at java.base/jdk.internal.reflect.NativeMethodAccessorImpl.invoke0(Native Method)
at java.base/jdk.internal.reflect.NativeMethodAccessorImpl.invoke(NativeMethodAccessorImpl.java:77)
at java.base/jdk.internal.reflect.DelegatingMethodAccessorImpl.invoke(DelegatingMethodAccessorImpl.java:43)
at java.base/java.lang.reflect.Method.invoke(Method.java:568)
at org.testng.internal.invokers.MethodInvocationHelper.invokeMethod(MethodInvocationHelper.java:141)
at org.testng.internal.invokers.TestInvoker.invokeMethod(TestInvoker.java:686)
at org.testng.internal.invokers.TestInvoker.retryFailed(TestInvoker.java:269)
at org.testng.internal.invokers.MethodRunner.runInSequence(MethodRunner.java:76)
at org.testng.internal.invokers.TestInvoker$MethodInvocationAgent.invoke(TestInvoker.java:992)
at org.testng.internal.invokers.TestInvoker.invokeTestMethods(TestInvoker.java:203)
at org.testng.internal.invokers.TestMethodWorker.invokeTestMethods(TestMethodWorker.java:154)
at org.testng.internal.invokers.TestMethodWorker.run(TestMethodWorker.java:134)
at java.base/java.util.ArrayList.forEach(ArrayList.java:1511)
at org.testng.TestRunner.privateRun(TestRunner.java:739)
at org.testng.TestRunner.run(TestRunner.java:614)
at org.testng.SuiteRunner.runTest(SuiteRunner.java:421)
at org.testng.SuiteRunner.runSequentially(SuiteRunner.java:413)
at org.testng.SuiteRunner.privateRun(SuiteRunner.java:373)
at org.testng.SuiteRunner.run(SuiteRunner.java:312)
at org.testng.SuiteRunnerWorker.runSuite(SuiteRunnerWorker.java:52)
at org.testng.SuiteRunnerWorker.run(SuiteRunnerWorker.java:95)
at org.testng.TestNG.runSuitesSequentially(TestNG.java:1274)
at org.testng.TestNG.runSuitesLocally(TestNG.java:1208)
at org.testng.TestNG.runSuites(TestNG.java:1112)
at org.testng.TestNG.run(TestNG.java:1079)
at org.apache.maven.surefire.testng.TestNGExecutor.run(TestNGExecutor.java:308)
at org.apache.maven.surefire.testng.TestNGXmlTestSuite.execute(TestNGXmlTestSuite.java:71)
at org.apache.maven.surefire.testng.TestNGProvider.invoke(TestNGProvider.java:113)
at org.apache.maven.surefire.booter.ForkedBooter.runSuitesInProcess(ForkedBooter.java:385)
at org.apache.maven.surefire.booter.ForkedBooter.execute(ForkedBooter.java:162)
at org.apache.maven.surefire.booter.ForkedBooter.run(ForkedBooter.java:507)
at org.apache.maven.surefire.booter.ForkedBooter.main(ForkedBooter.java:495)
]]>
            </full-stacktrace>
          </exception> <!-- java.lang.NullPointerException -->
          <reporter-output>
            <line>
              <![CDATA[Exception is handaled]]>
            </line>
            <line>
              <![CDATA[Exception is Handeled]]>
            </line>
          </reporter-output>
        </test-method> <!-- loginwithDDT -->
        <test-method is-config="true" signature="browserQuit()[pri:0, instance:Amazon1.TC_4EditYourProfile@37afeb11]" started-at="2025-06-21T14:18:44 EDT" name="browserQuit" finished-at="2025-06-21T14:18:47 EDT" duration-ms="2491" status="PASS">
          <reporter-output>
          </reporter-output>
        </test-method> <!-- browserQuit -->
        <test-method is-config="true" signature="browserLaunch(java.lang.String)[pri:0, instance:Amazon1.TC_4EditYourProfile@37afeb11]" started-at="2025-06-21T14:18:47 EDT" name="browserLaunch" finished-at="2025-06-21T14:18:49 EDT" duration-ms="1954" status="PASS">
          <params>
            <param index="0">
              <value>
                <![CDATA[Chrome]]>
              </value>
            </param>
          </params>
          <reporter-output>
            <line>
              <![CDATA[Chrome browser is launched succesfully]]>
            </line>
          </reporter-output>
        </test-method> <!-- browserLaunch -->
        <test-method signature="loginwithDDT(java.lang.String,java.lang.String)[pri:0, instance:Amazon1.TC_4EditYourProfile@37afeb11]" started-at="2025-06-21T14:18:49 EDT" name="loginwithDDT" data-provider="loginData1" finished-at="2025-06-21T14:19:29 EDT" duration-ms="40132" status="FAIL">
          <params>
            <param index="0">
              <value>
                <![CDATA[anujagaikwad86@gmail.com]]>
              </value>
            </param>
            <param index="1">
              <value>
                <![CDATA[anuja@89]]>
              </value>
            </param>
          </params>
          <exception class="java.lang.NullPointerException">
            <message>
              <![CDATA[Cannot invoke "org.openqa.selenium.WebDriver.getClass()" because "exceptionDriver" is null]]>
            </message>
            <full-stacktrace>
              <![CDATA[java.lang.NullPointerException: Cannot invoke "org.openqa.selenium.WebDriver.getClass()" because "exceptionDriver" is null
at org.openqa.selenium.support.ui.WebDriverWait.timeoutException(WebDriverWait.java:85)
at org.openqa.selenium.support.ui.FluentWait.until(FluentWait.java:228)
at Amazon1.AmazonProfileEditPage.clickingyouraddress(AmazonProfileEditPage.java:43)
at Amazon1.TC_4EditYourProfile.loginwithDDT(TC_4EditYourProfile.java:37)
at java.base/jdk.internal.reflect.NativeMethodAccessorImpl.invoke0(Native Method)
at java.base/jdk.internal.reflect.NativeMethodAccessorImpl.invoke(NativeMethodAccessorImpl.java:77)
at java.base/jdk.internal.reflect.DelegatingMethodAccessorImpl.invoke(DelegatingMethodAccessorImpl.java:43)
at java.base/java.lang.reflect.Method.invoke(Method.java:568)
at org.testng.internal.invokers.MethodInvocationHelper.invokeMethod(MethodInvocationHelper.java:141)
at org.testng.internal.invokers.TestInvoker.invokeMethod(TestInvoker.java:686)
at org.testng.internal.invokers.TestInvoker.retryFailed(TestInvoker.java:269)
at org.testng.internal.invokers.MethodRunner.runInSequence(MethodRunner.java:76)
at org.testng.internal.invokers.TestInvoker$MethodInvocationAgent.invoke(TestInvoker.java:992)
at org.testng.internal.invokers.TestInvoker.invokeTestMethods(TestInvoker.java:203)
at org.testng.internal.invokers.TestMethodWorker.invokeTestMethods(TestMethodWorker.java:154)
at org.testng.internal.invokers.TestMethodWorker.run(TestMethodWorker.java:134)
at java.base/java.util.ArrayList.forEach(ArrayList.java:1511)
at org.testng.TestRunner.privateRun(TestRunner.java:739)
at org.testng.TestRunner.run(TestRunner.java:614)
at org.testng.SuiteRunner.runTest(SuiteRunner.java:421)
at org.testng.SuiteRunner.runSequentially(SuiteRunner.java:413)
at org.testng.SuiteRunner.privateRun(SuiteRunner.java:373)
at org.testng.SuiteRunner.run(SuiteRunner.java:312)
at org.testng.SuiteRunnerWorker.runSuite(SuiteRunnerWorker.java:52)
at org.testng.SuiteRunnerWorker.run(SuiteRunnerWorker.java:95)
at org.testng.TestNG.runSuitesSequentially(TestNG.java:1274)
at org.testng.TestNG.runSuitesLocally(TestNG.java:1208)
at org.testng.TestNG.runSuites(TestNG.java:1112)
at org.testng.TestNG.run(TestNG.java:1079)
at org.apache.maven.surefire.testng.TestNGExecutor.run(TestNGExecutor.java:308)
at org.apache.maven.surefire.testng.TestNGXmlTestSuite.execute(TestNGXmlTestSuite.java:71)
at org.apache.maven.surefire.testng.TestNGProvider.invoke(TestNGProvider.java:113)
at org.apache.maven.surefire.booter.ForkedBooter.runSuitesInProcess(ForkedBooter.java:385)
at org.apache.maven.surefire.booter.ForkedBooter.execute(ForkedBooter.java:162)
at org.apache.maven.surefire.booter.ForkedBooter.run(ForkedBooter.java:507)
at org.apache.maven.surefire.booter.ForkedBooter.main(ForkedBooter.java:495)
]]>
            </full-stacktrace>
          </exception> <!-- java.lang.NullPointerException -->
          <reporter-output>
            <line>
              <![CDATA[Exception is Handeled]]>
            </line>
            <line>
              <![CDATA[Test case failed: loginwithDDT]]>
            </line>
          </reporter-output>
        </test-method> <!-- loginwithDDT -->
        <test-method is-config="true" signature="browserQuit()[pri:0, instance:Amazon1.TC_4EditYourProfile@37afeb11]" started-at="2025-06-21T14:19:29 EDT" name="browserQuit" finished-at="2025-06-21T14:19:30 EDT" duration-ms="1675" status="PASS">
          <reporter-output>
          </reporter-output>
        </test-method> <!-- browserQuit -->
      </class> <!-- Amazon1.TC_4EditYourProfile -->
      <class name="Amazon1.TC_10ItemUpdateRemove">
        <test-method is-config="true" signature="browserLaunch(java.lang.String)[pri:0, instance:Amazon1.TC_10ItemUpdateRemove@222545dc]" started-at="2025-06-21T14:34:49 EDT" name="browserLaunch" finished-at="2025-06-21T14:34:51 EDT" duration-ms="2268" status="PASS">
          <params>
            <param index="0">
              <value>
                <![CDATA[Chrome]]>
              </value>
            </param>
          </params>
          <reporter-output>
            <line>
              <![CDATA[Chrome browser is launched succesfully]]>
            </line>
          </reporter-output>
        </test-method> <!-- browserLaunch -->
        <test-method signature="addRemoveproduct(java.lang.String,java.lang.String)[pri:0, instance:Amazon1.TC_10ItemUpdateRemove@222545dc]" started-at="2025-06-21T14:34:51 EDT" name="addRemoveproduct" data-provider="loginData1" finished-at="2025-06-21T14:38:06 EDT" duration-ms="194676" status="FAIL">
          <params>
            <param index="0">
              <value>
                <![CDATA[]]>
              </value>
            </param>
            <param index="1">
              <value>
                <![CDATA[]]>
              </value>
            </param>
          </params>
          <exception class="java.lang.NullPointerException">
            <message>
              <![CDATA[Cannot invoke "org.openqa.selenium.WebDriver.getClass()" because "exceptionDriver" is null]]>
            </message>
            <full-stacktrace>
              <![CDATA[java.lang.NullPointerException: Cannot invoke "org.openqa.selenium.WebDriver.getClass()" because "exceptionDriver" is null
at org.openqa.selenium.support.ui.WebDriverWait.timeoutException(WebDriverWait.java:85)
at org.openqa.selenium.support.ui.FluentWait.until(FluentWait.java:228)
at Amazon1.AmazonProductDetailPage.clickdecreasequantity(AmazonProductDetailPage.java:146)
at Amazon1.TC_10ItemUpdateRemove.addRemoveproduct(TC_10ItemUpdateRemove.java:41)
at java.base/jdk.internal.reflect.NativeMethodAccessorImpl.invoke0(Native Method)
at java.base/jdk.internal.reflect.NativeMethodAccessorImpl.invoke(NativeMethodAccessorImpl.java:77)
at java.base/jdk.internal.reflect.DelegatingMethodAccessorImpl.invoke(DelegatingMethodAccessorImpl.java:43)
at java.base/java.lang.reflect.Method.invoke(Method.java:568)
at org.testng.internal.invokers.MethodInvocationHelper.invokeMethod(MethodInvocationHelper.java:141)
at org.testng.internal.invokers.TestInvoker.invokeMethod(TestInvoker.java:686)
at org.testng.internal.invokers.TestInvoker.invokeTestMethod(TestInvoker.java:230)
at org.testng.internal.invokers.MethodRunner.runInSequence(MethodRunner.java:63)
at org.testng.internal.invokers.TestInvoker$MethodInvocationAgent.invoke(TestInvoker.java:992)
at org.testng.internal.invokers.TestInvoker.invokeTestMethods(TestInvoker.java:203)
at org.testng.internal.invokers.TestMethodWorker.invokeTestMethods(TestMethodWorker.java:154)
at org.testng.internal.invokers.TestMethodWorker.run(TestMethodWorker.java:134)
at java.base/java.util.ArrayList.forEach(ArrayList.java:1511)
at org.testng.TestRunner.privateRun(TestRunner.java:739)
at org.testng.TestRunner.run(TestRunner.java:614)
at org.testng.SuiteRunner.runTest(SuiteRunner.java:421)
at org.testng.SuiteRunner.runSequentially(SuiteRunner.java:413)
at org.testng.SuiteRunner.privateRun(SuiteRunner.java:373)
at org.testng.SuiteRunner.run(SuiteRunner.java:312)
at org.testng.SuiteRunnerWorker.runSuite(SuiteRunnerWorker.java:52)
at org.testng.SuiteRunnerWorker.run(SuiteRunnerWorker.java:95)
at org.testng.TestNG.runSuitesSequentially(TestNG.java:1274)
at org.testng.TestNG.runSuitesLocally(TestNG.java:1208)
at org.testng.TestNG.runSuites(TestNG.java:1112)
at org.testng.TestNG.run(TestNG.java:1079)
at org.apache.maven.surefire.testng.TestNGExecutor.run(TestNGExecutor.java:308)
at org.apache.maven.surefire.testng.TestNGXmlTestSuite.execute(TestNGXmlTestSuite.java:71)
at org.apache.maven.surefire.testng.TestNGProvider.invoke(TestNGProvider.java:113)
at org.apache.maven.surefire.booter.ForkedBooter.runSuitesInProcess(ForkedBooter.java:385)
at org.apache.maven.surefire.booter.ForkedBooter.execute(ForkedBooter.java:162)
at org.apache.maven.surefire.booter.ForkedBooter.run(ForkedBooter.java:507)
at org.apache.maven.surefire.booter.ForkedBooter.main(ForkedBooter.java:495)
]]>
            </full-stacktrace>
          </exception> <!-- java.lang.NullPointerException -->
          <reporter-output>
            <line>
              <![CDATA[Exception is handaled]]>
            </line>
            <line>
              <![CDATA[Exception is Handeled]]>
            </line>
            <line>
              <![CDATA[Exception is Handeled]]>
            </line>
            <line>
              <![CDATA[Exception is Handeled]]>
            </line>
            <line>
              <![CDATA[Exception is Handeled]]>
            </line>
            <line>
              <![CDATA[Exception is Handaled]]>
            </line>
            <line>
              <![CDATA[Exception is handaled]]>
            </line>
            <line>
              <![CDATA[Exception is handeled]]>
            </line>
            <line>
              <![CDATA[Test case failed: addRemoveproduct]]>
            </line>
          </reporter-output>
        </test-method> <!-- addRemoveproduct -->
        <test-method is-config="true" signature="browserQuit()[pri:0, instance:Amazon1.TC_10ItemUpdateRemove@222545dc]" started-at="2025-06-21T14:38:06 EDT" name="browserQuit" finished-at="2025-06-21T14:38:07 EDT" duration-ms="1130" status="PASS">
          <reporter-output>
          </reporter-output>
        </test-method> <!-- browserQuit -->
        <test-method is-config="true" signature="browserLaunch(java.lang.String)[pri:0, instance:Amazon1.TC_10ItemUpdateRemove@222545dc]" started-at="2025-06-21T14:38:07 EDT" name="browserLaunch" finished-at="2025-06-21T14:38:09 EDT" duration-ms="1971" status="PASS">
          <params>
            <param index="0">
              <value>
                <![CDATA[Chrome]]>
              </value>
            </param>
          </params>
          <reporter-output>
            <line>
              <![CDATA[Chrome browser is launched succesfully]]>
            </line>
          </reporter-output>
        </test-method> <!-- browserLaunch -->
        <test-method signature="addRemoveproduct(java.lang.String,java.lang.String)[pri:0, instance:Amazon1.TC_10ItemUpdateRemove@222545dc]" started-at="2025-06-21T14:38:09 EDT" name="addRemoveproduct" data-provider="loginData1" finished-at="2025-06-21T14:38:49 EDT" duration-ms="40417" status="PASS">
          <params>
            <param index="0">
              <value>
                <![CDATA[anujagaikwad86@gmail.com]]>
              </value>
            </param>
            <param index="1">
              <value>
                <![CDATA[anuja@89]]>
              </value>
            </param>
          </params>
          <reporter-output>
            <line>
              <![CDATA[Exception is Handeled]]>
            </line>
            <line>
              <![CDATA[Exception is Handaled]]>
            </line>
            <line>
              <![CDATA[Exception is handeled]]>
            </line>
            <line>
              <![CDATA[Test case passed: addRemoveproduct]]>
            </line>
          </reporter-output>
        </test-method> <!-- addRemoveproduct -->
        <test-method is-config="true" signature="browserQuit()[pri:0, instance:Amazon1.TC_10ItemUpdateRemove@222545dc]" started-at="2025-06-21T14:38:49 EDT" name="browserQuit" finished-at="2025-06-21T14:38:51 EDT" duration-ms="1617" status="PASS">
          <reporter-output>
          </reporter-output>
        </test-method> <!-- browserQuit -->
      </class> <!-- Amazon1.TC_10ItemUpdateRemove -->
      <class name="Amazon1.TC_5AmazonSearchProduct">
        <test-method is-config="true" signature="browserLaunch(java.lang.String)[pri:0, instance:Amazon1.TC_5AmazonSearchProduct@515aebb0]" started-at="2025-06-21T14:19:30 EDT" name="browserLaunch" finished-at="2025-06-21T14:19:32 EDT" duration-ms="1709" status="PASS">
          <params>
            <param index="0">
              <value>
                <![CDATA[Chrome]]>
              </value>
            </param>
          </params>
          <reporter-output>
            <line>
              <![CDATA[Chrome browser is launched succesfully]]>
            </line>
          </reporter-output>
        </test-method> <!-- browserLaunch -->
        <test-method signature="loginwithDDT(java.lang.String,java.lang.String)[pri:0, instance:Amazon1.TC_5AmazonSearchProduct@515aebb0]" started-at="2025-06-21T14:19:32 EDT" name="loginwithDDT" data-provider="loginData1" finished-at="2025-06-21T14:21:19 EDT" duration-ms="106932" status="PASS">
          <params>
            <param index="0">
              <value>
                <![CDATA[]]>
              </value>
            </param>
            <param index="1">
              <value>
                <![CDATA[]]>
              </value>
            </param>
          </params>
          <reporter-output>
            <line>
              <![CDATA[Exception is Handeled]]>
            </line>
            <line>
              <![CDATA[Exception is Handeled]]>
            </line>
            <line>
              <![CDATA[Exception is Handeled]]>
            </line>
            <line>
              <![CDATA[Exception is Handeled]]>
            </line>
            <line>
              <![CDATA[Test case passed: loginwithDDT]]>
            </line>
          </reporter-output>
        </test-method> <!-- loginwithDDT -->
        <test-method is-config="true" signature="browserQuit()[pri:0, instance:Amazon1.TC_5AmazonSearchProduct@515aebb0]" started-at="2025-06-21T14:21:19 EDT" name="browserQuit" finished-at="2025-06-21T14:21:20 EDT" duration-ms="670" status="PASS">
          <reporter-output>
          </reporter-output>
        </test-method> <!-- browserQuit -->
        <test-method is-config="true" signature="browserLaunch(java.lang.String)[pri:0, instance:Amazon1.TC_5AmazonSearchProduct@515aebb0]" started-at="2025-06-21T14:21:20 EDT" name="browserLaunch" finished-at="2025-06-21T14:21:22 EDT" duration-ms="2209" status="PASS">
          <params>
            <param index="0">
              <value>
                <![CDATA[Chrome]]>
              </value>
            </param>
          </params>
          <reporter-output>
            <line>
              <![CDATA[Chrome browser is launched succesfully]]>
            </line>
          </reporter-output>
        </test-method> <!-- browserLaunch -->
        <test-method signature="loginwithDDT(java.lang.String,java.lang.String)[pri:0, instance:Amazon1.TC_5AmazonSearchProduct@515aebb0]" started-at="2025-06-21T14:21:22 EDT" name="loginwithDDT" data-provider="loginData1" finished-at="2025-06-21T14:21:52 EDT" duration-ms="30526" status="PASS">
          <params>
            <param index="0">
              <value>
                <![CDATA[anujagaikwad86@gmail.com]]>
              </value>
            </param>
            <param index="1">
              <value>
                <![CDATA[anuja@89]]>
              </value>
            </param>
          </params>
          <reporter-output>
            <line>
              <![CDATA[Exception is handaled]]>
            </line>
            <line>
              <![CDATA[Exception is Handeled]]>
            </line>
            <line>
              <![CDATA[Test case passed: loginwithDDT]]>
            </line>
          </reporter-output>
        </test-method> <!-- loginwithDDT -->
        <test-method is-config="true" signature="browserQuit()[pri:0, instance:Amazon1.TC_5AmazonSearchProduct@515aebb0]" started-at="2025-06-21T14:21:52 EDT" name="browserQuit" finished-at="2025-06-21T14:21:55 EDT" duration-ms="2995" status="PASS">
          <reporter-output>
          </reporter-output>
        </test-method> <!-- browserQuit -->
      </class> <!-- Amazon1.TC_5AmazonSearchProduct -->
      <class name="Amazon1.TC_1AmazonRegistration">
        <test-method is-config="true" signature="amazonBrowserLaunch()[pri:0, instance:Amazon1.TC_1AmazonRegistration@61862a7f]" started-at="2025-06-21T14:05:28 EDT" name="amazonBrowserLaunch" finished-at="2025-06-21T14:05:33 EDT" duration-ms="4494" status="PASS">
          <reporter-output>
          </reporter-output>
        </test-method> <!-- amazonBrowserLaunch -->
        <test-method signature="registration(java.lang.String,java.lang.String,java.lang.String,java.lang.String)[pri:0, instance:Amazon1.TC_1AmazonRegistration@61862a7f]" started-at="2025-06-21T14:05:33 EDT" name="registration" data-provider="loginData1" finished-at="2025-06-21T14:05:46 EDT" duration-ms="13010" status="FAIL">
          <params>
            <param index="0">
              <value>
                <![CDATA[]]>
              </value>
            </param>
            <param index="1">
              <value>
                <![CDATA[]]>
              </value>
            </param>
            <param index="2">
              <value>
                <![CDATA[]]>
              </value>
            </param>
            <param index="3">
              <value>
                <![CDATA[0]]>
              </value>
            </param>
          </params>
          <exception class="org.openqa.selenium.NoSuchElementException">
            <message>
              <![CDATA[no such element: Unable to locate element: {"method":"link text","selector":"            Privacy Notice"}
  (Session info: chrome=137.0.7151.119)
For documentation on this error, please visit: https://www.selenium.dev/documentation/webdriver/troubleshooting/errors#no-such-element-exception
Build info: version: '4.33.0', revision: '2c6aaad03a'
System info: os.name: 'Windows 11', os.arch: 'amd64', os.version: '10.0', java.version: '17.0.12'
Driver info: org.openqa.selenium.chrome.ChromeDriver
Command: [9608573a1bc90883395808752ed31d84, findElement {using=link text, value=            Privacy Notice}]
Capabilities {acceptInsecureCerts: false, browserName: chrome, browserVersion: 137.0.7151.119, chrome: {chromedriverVersion: 137.0.7151.119 (e0ac9d12dff..., userDataDir: C:\Users\ganesh\AppData\Loc...}, fedcm:accounts: true, goog:chromeOptions: {debuggerAddress: localhost:53651}, networkConnectionEnabled: false, pageLoadStrategy: normal, platformName: windows, proxy: Proxy(), se:cdp: ws://localhost:53651/devtoo..., se:cdpVersion: 137.0.7151.119, setWindowRect: true, strictFileInteractability: false, timeouts: {implicit: 0, pageLoad: 300000, script: 30000}, unhandledPromptBehavior: dismiss and notify, webauthn:extension:credBlob: true, webauthn:extension:largeBlob: true, webauthn:extension:minPinLength: true, webauthn:extension:prf: true, webauthn:virtualAuthenticators: true}
Session ID: 9608573a1bc90883395808752ed31d84]]>
            </message>
            <full-stacktrace>
              <![CDATA[org.openqa.selenium.NoSuchElementException: no such element: Unable to locate element: {"method":"link text","selector":"            Privacy Notice"}
  (Session info: chrome=137.0.7151.119)
For documentation on this error, please visit: https://www.selenium.dev/documentation/webdriver/troubleshooting/errors#no-such-element-exception
Build info: version: '4.33.0', revision: '2c6aaad03a'
System info: os.name: 'Windows 11', os.arch: 'amd64', os.version: '10.0', java.version: '17.0.12'
Driver info: org.openqa.selenium.chrome.ChromeDriver
Command: [9608573a1bc90883395808752ed31d84, findElement {using=link text, value=            Privacy Notice}]
Capabilities {acceptInsecureCerts: false, browserName: chrome, browserVersion: 137.0.7151.119, chrome: {chromedriverVersion: 137.0.7151.119 (e0ac9d12dff..., userDataDir: C:\Users\ganesh\AppData\Loc...}, fedcm:accounts: true, goog:chromeOptions: {debuggerAddress: localhost:53651}, networkConnectionEnabled: false, pageLoadStrategy: normal, platformName: windows, proxy: Proxy(), se:cdp: ws://localhost:53651/devtoo..., se:cdpVersion: 137.0.7151.119, setWindowRect: true, strictFileInteractability: false, timeouts: {implicit: 0, pageLoad: 300000, script: 30000}, unhandledPromptBehavior: dismiss and notify, webauthn:extension:credBlob: true, webauthn:extension:largeBlob: true, webauthn:extension:minPinLength: true, webauthn:extension:prf: true, webauthn:virtualAuthenticators: true}
Session ID: 9608573a1bc90883395808752ed31d84
at java.base/jdk.internal.reflect.NativeConstructorAccessorImpl.newInstance0(Native Method)
at java.base/jdk.internal.reflect.NativeConstructorAccessorImpl.newInstance(NativeConstructorAccessorImpl.java:77)
at java.base/jdk.internal.reflect.DelegatingConstructorAccessorImpl.newInstance(DelegatingConstructorAccessorImpl.java:45)
at java.base/java.lang.reflect.Constructor.newInstanceWithCaller(Constructor.java:499)
at java.base/java.lang.reflect.Constructor.newInstance(Constructor.java:480)
at org.openqa.selenium.remote.ErrorCodec.decode(ErrorCodec.java:167)
at org.openqa.selenium.remote.codec.w3c.W3CHttpResponseCodec.decode(W3CHttpResponseCodec.java:138)
at org.openqa.selenium.remote.codec.w3c.W3CHttpResponseCodec.decode(W3CHttpResponseCodec.java:50)
at org.openqa.selenium.remote.HttpCommandExecutor.execute(HttpCommandExecutor.java:215)
at org.openqa.selenium.remote.service.DriverCommandExecutor.invokeExecute(DriverCommandExecutor.java:216)
at org.openqa.selenium.remote.service.DriverCommandExecutor.execute(DriverCommandExecutor.java:174)
at org.openqa.selenium.remote.RemoteWebDriver.execute(RemoteWebDriver.java:544)
at org.openqa.selenium.remote.ElementLocation$ElementFinder$2.findElement(ElementLocation.java:165)
at org.openqa.selenium.remote.ElementLocation.findElement(ElementLocation.java:59)
at org.openqa.selenium.remote.RemoteWebDriver.findElement(RemoteWebDriver.java:367)
at org.openqa.selenium.remote.RemoteWebDriver.findElement(RemoteWebDriver.java:361)
at org.openqa.selenium.support.pagefactory.DefaultElementLocator.findElement(DefaultElementLocator.java:68)
at org.openqa.selenium.support.pagefactory.internal.LocatingElementHandler.invoke(LocatingElementHandler.java:38)
at jdk.proxy2/jdk.proxy2.$Proxy13.isDisplayed(Unknown Source)
at Amazon1.AmazonRegiPage.authenticationpage(AmazonRegiPage.java:53)
at Amazon1.TC_1AmazonRegistration.registration(TC_1AmazonRegistration.java:25)
at java.base/jdk.internal.reflect.NativeMethodAccessorImpl.invoke0(Native Method)
at java.base/jdk.internal.reflect.NativeMethodAccessorImpl.invoke(NativeMethodAccessorImpl.java:77)
at java.base/jdk.internal.reflect.DelegatingMethodAccessorImpl.invoke(DelegatingMethodAccessorImpl.java:43)
at java.base/java.lang.reflect.Method.invoke(Method.java:568)
at org.testng.internal.invokers.MethodInvocationHelper.invokeMethod(MethodInvocationHelper.java:141)
at org.testng.internal.invokers.TestInvoker.invokeMethod(TestInvoker.java:686)
at org.testng.internal.invokers.TestInvoker.invokeTestMethod(TestInvoker.java:230)
at org.testng.internal.invokers.MethodRunner.runInSequence(MethodRunner.java:63)
at org.testng.internal.invokers.TestInvoker$MethodInvocationAgent.invoke(TestInvoker.java:992)
at org.testng.internal.invokers.TestInvoker.invokeTestMethods(TestInvoker.java:203)
at org.testng.internal.invokers.TestMethodWorker.invokeTestMethods(TestMethodWorker.java:154)
at org.testng.internal.invokers.TestMethodWorker.run(TestMethodWorker.java:134)
at java.base/java.util.ArrayList.forEach(ArrayList.java:1511)
at org.testng.TestRunner.privateRun(TestRunner.java:739)
at org.testng.TestRunner.run(TestRunner.java:614)
at org.testng.SuiteRunner.runTest(SuiteRunner.java:421)
at org.testng.SuiteRunner.runSequentially(SuiteRunner.java:413)
at org.testng.SuiteRunner.privateRun(SuiteRunner.java:373)
at org.testng.SuiteRunner.run(SuiteRunner.java:312)
at org.testng.SuiteRunnerWorker.runSuite(SuiteRunnerWorker.java:52)
at org.testng.SuiteRunnerWorker.run(SuiteRunnerWorker.java:95)
at org.testng.TestNG.runSuitesSequentially(TestNG.java:1274)
at org.testng.TestNG.runSuitesLocally(TestNG.java:1208)
at org.testng.TestNG.runSuites(TestNG.java:1112)
at org.testng.TestNG.run(TestNG.java:1079)
at org.apache.maven.surefire.testng.TestNGExecutor.run(TestNGExecutor.java:308)
at org.apache.maven.surefire.testng.TestNGXmlTestSuite.execute(TestNGXmlTestSuite.java:71)
at org.apache.maven.surefire.testng.TestNGProvider.invoke(TestNGProvider.java:113)
at org.apache.maven.surefire.booter.ForkedBooter.runSuitesInProcess(ForkedBooter.java:385)
at org.apache.maven.surefire.booter.ForkedBooter.execute(ForkedBooter.java:162)
at org.apache.maven.surefire.booter.ForkedBooter.run(ForkedBooter.java:507)
at org.apache.maven.surefire.booter.ForkedBooter.main(ForkedBooter.java:495)
]]>
            </full-stacktrace>
          </exception> <!-- org.openqa.selenium.NoSuchElementException -->
          <reporter-output>
            <line>
              <![CDATA[Test case failed: registration]]>
            </line>
          </reporter-output>
        </test-method> <!-- registration -->
        <test-method is-config="true" signature="browserQuit()[pri:0, instance:Amazon1.TC_1AmazonRegistration@61862a7f]" started-at="2025-06-21T14:05:46 EDT" name="browserQuit" finished-at="2025-06-21T14:05:46 EDT" duration-ms="713" status="PASS">
          <reporter-output>
          </reporter-output>
        </test-method> <!-- browserQuit -->
        <test-method is-config="true" signature="amazonBrowserLaunch()[pri:0, instance:Amazon1.TC_1AmazonRegistration@61862a7f]" started-at="2025-06-21T14:05:46 EDT" name="amazonBrowserLaunch" finished-at="2025-06-21T14:05:48 EDT" duration-ms="1844" status="PASS">
          <reporter-output>
          </reporter-output>
        </test-method> <!-- amazonBrowserLaunch -->
        <test-method signature="registration(java.lang.String,java.lang.String,java.lang.String,java.lang.String)[pri:0, instance:Amazon1.TC_1AmazonRegistration@61862a7f]" started-at="2025-06-21T14:05:48 EDT" name="registration" data-provider="loginData1" finished-at="2025-06-21T14:05:58 EDT" duration-ms="10036" status="FAIL">
          <params>
            <param index="0">
              <value>
                <![CDATA[anujagaikwad86@gmail.com]]>
              </value>
            </param>
            <param index="1">
              <value>
                <![CDATA[anuja@89]]>
              </value>
            </param>
            <param index="2">
              <value>
                <![CDATA[]]>
              </value>
            </param>
            <param index="3">
              <value>
                <![CDATA[]]>
              </value>
            </param>
          </params>
          <exception class="org.openqa.selenium.NoSuchElementException">
            <message>
              <![CDATA[no such element: Unable to locate element: {"method":"xpath","selector":"//input[@id='ap_customer_name']"}
  (Session info: chrome=137.0.7151.119)
For documentation on this error, please visit: https://www.selenium.dev/documentation/webdriver/troubleshooting/errors#no-such-element-exception
Build info: version: '4.33.0', revision: '2c6aaad03a'
System info: os.name: 'Windows 11', os.arch: 'amd64', os.version: '10.0', java.version: '17.0.12'
Driver info: org.openqa.selenium.chrome.ChromeDriver
Command: [5705daf2974e7ae764ac27603fcb0a2f, findElement {using=xpath, value=//input[@id='ap_customer_name']}]
Capabilities {acceptInsecureCerts: false, browserName: chrome, browserVersion: 137.0.7151.119, chrome: {chromedriverVersion: 137.0.7151.119 (e0ac9d12dff..., userDataDir: C:\Users\ganesh\AppData\Loc...}, fedcm:accounts: true, goog:chromeOptions: {debuggerAddress: localhost:51301}, networkConnectionEnabled: false, pageLoadStrategy: normal, platformName: windows, proxy: Proxy(), se:cdp: ws://localhost:51301/devtoo..., se:cdpVersion: 137.0.7151.119, setWindowRect: true, strictFileInteractability: false, timeouts: {implicit: 0, pageLoad: 300000, script: 30000}, unhandledPromptBehavior: dismiss and notify, webauthn:extension:credBlob: true, webauthn:extension:largeBlob: true, webauthn:extension:minPinLength: true, webauthn:extension:prf: true, webauthn:virtualAuthenticators: true}
Session ID: 5705daf2974e7ae764ac27603fcb0a2f]]>
            </message>
            <full-stacktrace>
              <![CDATA[org.openqa.selenium.NoSuchElementException: no such element: Unable to locate element: {"method":"xpath","selector":"//input[@id='ap_customer_name']"}
  (Session info: chrome=137.0.7151.119)
For documentation on this error, please visit: https://www.selenium.dev/documentation/webdriver/troubleshooting/errors#no-such-element-exception
Build info: version: '4.33.0', revision: '2c6aaad03a'
System info: os.name: 'Windows 11', os.arch: 'amd64', os.version: '10.0', java.version: '17.0.12'
Driver info: org.openqa.selenium.chrome.ChromeDriver
Command: [5705daf2974e7ae764ac27603fcb0a2f, findElement {using=xpath, value=//input[@id='ap_customer_name']}]
Capabilities {acceptInsecureCerts: false, browserName: chrome, browserVersion: 137.0.7151.119, chrome: {chromedriverVersion: 137.0.7151.119 (e0ac9d12dff..., userDataDir: C:\Users\ganesh\AppData\Loc...}, fedcm:accounts: true, goog:chromeOptions: {debuggerAddress: localhost:51301}, networkConnectionEnabled: false, pageLoadStrategy: normal, platformName: windows, proxy: Proxy(), se:cdp: ws://localhost:51301/devtoo..., se:cdpVersion: 137.0.7151.119, setWindowRect: true, strictFileInteractability: false, timeouts: {implicit: 0, pageLoad: 300000, script: 30000}, unhandledPromptBehavior: dismiss and notify, webauthn:extension:credBlob: true, webauthn:extension:largeBlob: true, webauthn:extension:minPinLength: true, webauthn:extension:prf: true, webauthn:virtualAuthenticators: true}
Session ID: 5705daf2974e7ae764ac27603fcb0a2f
at java.base/jdk.internal.reflect.NativeConstructorAccessorImpl.newInstance0(Native Method)
at java.base/jdk.internal.reflect.NativeConstructorAccessorImpl.newInstance(NativeConstructorAccessorImpl.java:77)
at java.base/jdk.internal.reflect.DelegatingConstructorAccessorImpl.newInstance(DelegatingConstructorAccessorImpl.java:45)
at java.base/java.lang.reflect.Constructor.newInstanceWithCaller(Constructor.java:499)
at java.base/java.lang.reflect.Constructor.newInstance(Constructor.java:480)
at org.openqa.selenium.remote.ErrorCodec.decode(ErrorCodec.java:167)
at org.openqa.selenium.remote.codec.w3c.W3CHttpResponseCodec.decode(W3CHttpResponseCodec.java:138)
at org.openqa.selenium.remote.codec.w3c.W3CHttpResponseCodec.decode(W3CHttpResponseCodec.java:50)
at org.openqa.selenium.remote.HttpCommandExecutor.execute(HttpCommandExecutor.java:215)
at org.openqa.selenium.remote.service.DriverCommandExecutor.invokeExecute(DriverCommandExecutor.java:216)
at org.openqa.selenium.remote.service.DriverCommandExecutor.execute(DriverCommandExecutor.java:174)
at org.openqa.selenium.remote.RemoteWebDriver.execute(RemoteWebDriver.java:544)
at org.openqa.selenium.remote.ElementLocation$ElementFinder$2.findElement(ElementLocation.java:165)
at org.openqa.selenium.remote.ElementLocation.findElement(ElementLocation.java:59)
at org.openqa.selenium.remote.RemoteWebDriver.findElement(RemoteWebDriver.java:367)
at org.openqa.selenium.remote.RemoteWebDriver.findElement(RemoteWebDriver.java:361)
at org.openqa.selenium.support.pagefactory.DefaultElementLocator.findElement(DefaultElementLocator.java:68)
at org.openqa.selenium.support.pagefactory.internal.LocatingElementHandler.invoke(LocatingElementHandler.java:38)
at jdk.proxy2/jdk.proxy2.$Proxy13.sendKeys(Unknown Source)
at Amazon1.AmazonRegiPage.addusername(AmazonRegiPage.java:34)
at Amazon1.TC_1AmazonRegistration.registration(TC_1AmazonRegistration.java:21)
at java.base/jdk.internal.reflect.NativeMethodAccessorImpl.invoke0(Native Method)
at java.base/jdk.internal.reflect.NativeMethodAccessorImpl.invoke(NativeMethodAccessorImpl.java:77)
at java.base/jdk.internal.reflect.DelegatingMethodAccessorImpl.invoke(DelegatingMethodAccessorImpl.java:43)
at java.base/java.lang.reflect.Method.invoke(Method.java:568)
at org.testng.internal.invokers.MethodInvocationHelper.invokeMethod(MethodInvocationHelper.java:141)
at org.testng.internal.invokers.TestInvoker.invokeMethod(TestInvoker.java:686)
at org.testng.internal.invokers.TestInvoker.invokeTestMethod(TestInvoker.java:230)
at org.testng.internal.invokers.MethodRunner.runInSequence(MethodRunner.java:63)
at org.testng.internal.invokers.TestInvoker$MethodInvocationAgent.invoke(TestInvoker.java:992)
at org.testng.internal.invokers.TestInvoker.invokeTestMethods(TestInvoker.java:203)
at org.testng.internal.invokers.TestMethodWorker.invokeTestMethods(TestMethodWorker.java:154)
at org.testng.internal.invokers.TestMethodWorker.run(TestMethodWorker.java:134)
at java.base/java.util.ArrayList.forEach(ArrayList.java:1511)
at org.testng.TestRunner.privateRun(TestRunner.java:739)
at org.testng.TestRunner.run(TestRunner.java:614)
at org.testng.SuiteRunner.runTest(SuiteRunner.java:421)
at org.testng.SuiteRunner.runSequentially(SuiteRunner.java:413)
at org.testng.SuiteRunner.privateRun(SuiteRunner.java:373)
at org.testng.SuiteRunner.run(SuiteRunner.java:312)
at org.testng.SuiteRunnerWorker.runSuite(SuiteRunnerWorker.java:52)
at org.testng.SuiteRunnerWorker.run(SuiteRunnerWorker.java:95)
at org.testng.TestNG.runSuitesSequentially(TestNG.java:1274)
at org.testng.TestNG.runSuitesLocally(TestNG.java:1208)
at org.testng.TestNG.runSuites(TestNG.java:1112)
at org.testng.TestNG.run(TestNG.java:1079)
at org.apache.maven.surefire.testng.TestNGExecutor.run(TestNGExecutor.java:308)
at org.apache.maven.surefire.testng.TestNGXmlTestSuite.execute(TestNGXmlTestSuite.java:71)
at org.apache.maven.surefire.testng.TestNGProvider.invoke(TestNGProvider.java:113)
at org.apache.maven.surefire.booter.ForkedBooter.runSuitesInProcess(ForkedBooter.java:385)
at org.apache.maven.surefire.booter.ForkedBooter.execute(ForkedBooter.java:162)
at org.apache.maven.surefire.booter.ForkedBooter.run(ForkedBooter.java:507)
at org.apache.maven.surefire.booter.ForkedBooter.main(ForkedBooter.java:495)
]]>
            </full-stacktrace>
          </exception> <!-- org.openqa.selenium.NoSuchElementException -->
          <reporter-output>
            <line>
              <![CDATA[Test case failed: registration]]>
            </line>
          </reporter-output>
        </test-method> <!-- registration -->
        <test-method is-config="true" signature="browserQuit()[pri:0, instance:Amazon1.TC_1AmazonRegistration@61862a7f]" started-at="2025-06-21T14:05:58 EDT" name="browserQuit" finished-at="2025-06-21T14:05:59 EDT" duration-ms="514" status="PASS">
          <reporter-output>
          </reporter-output>
        </test-method> <!-- browserQuit -->
      </class> <!-- Amazon1.TC_1AmazonRegistration -->
      <class name="Amazon1.TC_12CheckEachPaymentMethod">
        <test-method is-config="true" signature="browserLaunch(java.lang.String)[pri:0, instance:Amazon1.TC_12CheckEachPaymentMethod@16293aa2]" started-at="2025-06-21T14:43:29 EDT" name="browserLaunch" finished-at="2025-06-21T14:43:31 EDT" duration-ms="2325" status="PASS">
          <params>
            <param index="0">
              <value>
                <![CDATA[Chrome]]>
              </value>
            </param>
          </params>
          <reporter-output>
            <line>
              <![CDATA[Chrome browser is launched succesfully]]>
            </line>
          </reporter-output>
        </test-method> <!-- browserLaunch -->
        <test-method signature="paymentMethodValidation(java.lang.String,java.lang.String)[pri:0, instance:Amazon1.TC_12CheckEachPaymentMethod@16293aa2]" started-at="2025-06-21T14:43:31 EDT" name="paymentMethodValidation" data-provider="loginData1" finished-at="2025-06-21T14:47:48 EDT" duration-ms="256607" status="PASS">
          <params>
            <param index="0">
              <value>
                <![CDATA[]]>
              </value>
            </param>
            <param index="1">
              <value>
                <![CDATA[]]>
              </value>
            </param>
          </params>
          <reporter-output>
            <line>
              <![CDATA[Exception is handaled]]>
            </line>
            <line>
              <![CDATA[Exception is Handeled]]>
            </line>
            <line>
              <![CDATA[Exception is Handeled]]>
            </line>
            <line>
              <![CDATA[Exception is Handeled]]>
            </line>
            <line>
              <![CDATA[Exception is Handeled]]>
            </line>
            <line>
              <![CDATA[Exception is Handaled]]>
            </line>
            <line>
              <![CDATA[Exception is handeled]]>
            </line>
            <line>
              <![CDATA[Test case passed: paymentMethodValidation]]>
            </line>
          </reporter-output>
        </test-method> <!-- paymentMethodValidation -->
        <test-method is-config="true" signature="browserQuit()[pri:0, instance:Amazon1.TC_12CheckEachPaymentMethod@16293aa2]" started-at="2025-06-21T14:47:48 EDT" name="browserQuit" finished-at="2025-06-21T14:47:48 EDT" duration-ms="654" status="PASS">
          <reporter-output>
          </reporter-output>
        </test-method> <!-- browserQuit -->
        <test-method is-config="true" signature="browserLaunch(java.lang.String)[pri:0, instance:Amazon1.TC_12CheckEachPaymentMethod@16293aa2]" started-at="2025-06-21T14:47:48 EDT" name="browserLaunch" finished-at="2025-06-21T14:47:52 EDT" duration-ms="3142" status="PASS">
          <params>
            <param index="0">
              <value>
                <![CDATA[Chrome]]>
              </value>
            </param>
          </params>
          <reporter-output>
            <line>
              <![CDATA[Chrome browser is launched succesfully]]>
            </line>
          </reporter-output>
        </test-method> <!-- browserLaunch -->
        <test-method signature="paymentMethodValidation(java.lang.String,java.lang.String)[pri:0, instance:Amazon1.TC_12CheckEachPaymentMethod@16293aa2]" started-at="2025-06-21T14:47:52 EDT" name="paymentMethodValidation" data-provider="loginData1" finished-at="2025-06-21T14:50:22 EDT" duration-ms="150087" status="PASS">
          <params>
            <param index="0">
              <value>
                <![CDATA[anujagaikwad86@gmail.com]]>
              </value>
            </param>
            <param index="1">
              <value>
                <![CDATA[anuja@89]]>
              </value>
            </param>
          </params>
          <reporter-output>
            <line>
              <![CDATA[Exception is handaled]]>
            </line>
            <line>
              <![CDATA[Exception is Handeled]]>
            </line>
            <line>
              <![CDATA[Exception is Handaled]]>
            </line>
            <line>
              <![CDATA[Exception is handeled]]>
            </line>
            <line>
              <![CDATA[Test case passed: paymentMethodValidation]]>
            </line>
          </reporter-output>
        </test-method> <!-- paymentMethodValidation -->
        <test-method is-config="true" signature="browserQuit()[pri:0, instance:Amazon1.TC_12CheckEachPaymentMethod@16293aa2]" started-at="2025-06-21T14:50:22 EDT" name="browserQuit" finished-at="2025-06-21T14:50:25 EDT" duration-ms="3468" status="PASS">
          <reporter-output>
          </reporter-output>
        </test-method> <!-- browserQuit -->
      </class> <!-- Amazon1.TC_12CheckEachPaymentMethod -->
      <class name="Amazon1.TC_14_5StarRatingOnLastOrderProduct">
        <test-method is-config="true" signature="browserLaunch(java.lang.String)[pri:0, instance:Amazon1.TC_14_5StarRatingOnLastOrderProduct@595b007d]" started-at="2025-06-21T14:54:39 EDT" name="browserLaunch" finished-at="2025-06-21T14:54:42 EDT" duration-ms="3457" status="PASS">
          <params>
            <param index="0">
              <value>
                <![CDATA[Chrome]]>
              </value>
            </param>
          </params>
          <reporter-output>
            <line>
              <![CDATA[Chrome browser is launched succesfully]]>
            </line>
          </reporter-output>
        </test-method> <!-- browserLaunch -->
        <test-method signature="givingRatingforLastOrder(java.lang.String,java.lang.String)[pri:0, instance:Amazon1.TC_14_5StarRatingOnLastOrderProduct@595b007d]" started-at="2025-06-21T14:54:42 EDT" name="givingRatingforLastOrder" data-provider="loginData1" finished-at="2025-06-21T14:56:38 EDT" duration-ms="115946" status="FAIL">
          <params>
            <param index="0">
              <value>
                <![CDATA[]]>
              </value>
            </param>
            <param index="1">
              <value>
                <![CDATA[]]>
              </value>
            </param>
          </params>
          <exception class="java.lang.NullPointerException">
            <message>
              <![CDATA[Cannot invoke "org.openqa.selenium.WebDriver.getClass()" because "exceptionDriver" is null]]>
            </message>
            <full-stacktrace>
              <![CDATA[java.lang.NullPointerException: Cannot invoke "org.openqa.selenium.WebDriver.getClass()" because "exceptionDriver" is null
at org.openqa.selenium.support.ui.WebDriverWait.timeoutException(WebDriverWait.java:85)
at org.openqa.selenium.support.ui.FluentWait.until(FluentWait.java:228)
at Amazon1.AmazonHomeLoginPage.clickingReturnsAndOrders(AmazonHomeLoginPage.java:229)
at Amazon1.TC_14_5StarRatingOnLastOrderProduct.givingRatingforLastOrder(TC_14_5StarRatingOnLastOrderProduct.java:31)
at java.base/jdk.internal.reflect.NativeMethodAccessorImpl.invoke0(Native Method)
at java.base/jdk.internal.reflect.NativeMethodAccessorImpl.invoke(NativeMethodAccessorImpl.java:77)
at java.base/jdk.internal.reflect.DelegatingMethodAccessorImpl.invoke(DelegatingMethodAccessorImpl.java:43)
at java.base/java.lang.reflect.Method.invoke(Method.java:568)
at org.testng.internal.invokers.MethodInvocationHelper.invokeMethod(MethodInvocationHelper.java:141)
at org.testng.internal.invokers.TestInvoker.invokeMethod(TestInvoker.java:686)
at org.testng.internal.invokers.TestInvoker.invokeTestMethod(TestInvoker.java:230)
at org.testng.internal.invokers.MethodRunner.runInSequence(MethodRunner.java:63)
at org.testng.internal.invokers.TestInvoker$MethodInvocationAgent.invoke(TestInvoker.java:992)
at org.testng.internal.invokers.TestInvoker.invokeTestMethods(TestInvoker.java:203)
at org.testng.internal.invokers.TestMethodWorker.invokeTestMethods(TestMethodWorker.java:154)
at org.testng.internal.invokers.TestMethodWorker.run(TestMethodWorker.java:134)
at java.base/java.util.ArrayList.forEach(ArrayList.java:1511)
at org.testng.TestRunner.privateRun(TestRunner.java:739)
at org.testng.TestRunner.run(TestRunner.java:614)
at org.testng.SuiteRunner.runTest(SuiteRunner.java:421)
at org.testng.SuiteRunner.runSequentially(SuiteRunner.java:413)
at org.testng.SuiteRunner.privateRun(SuiteRunner.java:373)
at org.testng.SuiteRunner.run(SuiteRunner.java:312)
at org.testng.SuiteRunnerWorker.runSuite(SuiteRunnerWorker.java:52)
at org.testng.SuiteRunnerWorker.run(SuiteRunnerWorker.java:95)
at org.testng.TestNG.runSuitesSequentially(TestNG.java:1274)
at org.testng.TestNG.runSuitesLocally(TestNG.java:1208)
at org.testng.TestNG.runSuites(TestNG.java:1112)
at org.testng.TestNG.run(TestNG.java:1079)
at org.apache.maven.surefire.testng.TestNGExecutor.run(TestNGExecutor.java:308)
at org.apache.maven.surefire.testng.TestNGXmlTestSuite.execute(TestNGXmlTestSuite.java:71)
at org.apache.maven.surefire.testng.TestNGProvider.invoke(TestNGProvider.java:113)
at org.apache.maven.surefire.booter.ForkedBooter.runSuitesInProcess(ForkedBooter.java:385)
at org.apache.maven.surefire.booter.ForkedBooter.execute(ForkedBooter.java:162)
at org.apache.maven.surefire.booter.ForkedBooter.run(ForkedBooter.java:507)
at org.apache.maven.surefire.booter.ForkedBooter.main(ForkedBooter.java:495)
]]>
            </full-stacktrace>
          </exception> <!-- java.lang.NullPointerException -->
          <reporter-output>
            <line>
              <![CDATA[Exception is handaled]]>
            </line>
            <line>
              <![CDATA[Exception is Handeled]]>
            </line>
            <line>
              <![CDATA[Exception is Handeled]]>
            </line>
            <line>
              <![CDATA[Exception is Handeled]]>
            </line>
            <line>
              <![CDATA[Test case failed: givingRatingforLastOrder]]>
            </line>
          </reporter-output>
        </test-method> <!-- givingRatingforLastOrder -->
        <test-method is-config="true" signature="browserQuit()[pri:0, instance:Amazon1.TC_14_5StarRatingOnLastOrderProduct@595b007d]" started-at="2025-06-21T14:56:38 EDT" name="browserQuit" finished-at="2025-06-21T14:56:40 EDT" duration-ms="1464" status="PASS">
          <reporter-output>
          </reporter-output>
        </test-method> <!-- browserQuit -->
        <test-method is-config="true" signature="browserLaunch(java.lang.String)[pri:0, instance:Amazon1.TC_14_5StarRatingOnLastOrderProduct@595b007d]" started-at="2025-06-21T14:56:40 EDT" name="browserLaunch" finished-at="2025-06-21T14:56:42 EDT" duration-ms="2310" status="PASS">
          <params>
            <param index="0">
              <value>
                <![CDATA[Chrome]]>
              </value>
            </param>
          </params>
          <reporter-output>
            <line>
              <![CDATA[Chrome browser is launched succesfully]]>
            </line>
          </reporter-output>
        </test-method> <!-- browserLaunch -->
        <test-method signature="givingRatingforLastOrder(java.lang.String,java.lang.String)[pri:0, instance:Amazon1.TC_14_5StarRatingOnLastOrderProduct@595b007d]" started-at="2025-06-21T14:56:42 EDT" name="givingRatingforLastOrder" data-provider="loginData1" finished-at="2025-06-21T14:57:15 EDT" duration-ms="33059" status="PASS">
          <params>
            <param index="0">
              <value>
                <![CDATA[anujagaikwad86@gmail.com]]>
              </value>
            </param>
            <param index="1">
              <value>
                <![CDATA[anuja@89]]>
              </value>
            </param>
          </params>
          <reporter-output>
            <line>
              <![CDATA[Exception is handaled]]>
            </line>
            <line>
              <![CDATA[Exception is Handeled]]>
            </line>
            <line>
              <![CDATA[Test case passed: givingRatingforLastOrder]]>
            </line>
          </reporter-output>
        </test-method> <!-- givingRatingforLastOrder -->
        <test-method is-config="true" signature="browserQuit()[pri:0, instance:Amazon1.TC_14_5StarRatingOnLastOrderProduct@595b007d]" started-at="2025-06-21T14:57:15 EDT" name="browserQuit" finished-at="2025-06-21T14:57:16 EDT" duration-ms="1277" status="PASS">
          <reporter-output>
          </reporter-output>
        </test-method> <!-- browserQuit -->
      </class> <!-- Amazon1.TC_14_5StarRatingOnLastOrderProduct -->
      <class name="Amazon1.TC_6Filters">
        <test-method is-config="true" signature="browserLaunch(java.lang.String)[pri:0, instance:Amazon1.TC_6Filters@dd8ba08]" started-at="2025-06-21T14:21:55 EDT" name="browserLaunch" finished-at="2025-06-21T14:21:57 EDT" duration-ms="1684" status="PASS">
          <params>
            <param index="0">
              <value>
                <![CDATA[Chrome]]>
              </value>
            </param>
          </params>
          <reporter-output>
            <line>
              <![CDATA[Chrome browser is launched succesfully]]>
            </line>
          </reporter-output>
        </test-method> <!-- browserLaunch -->
        <test-method signature="loginwithDDT(java.lang.String,java.lang.String)[pri:0, instance:Amazon1.TC_6Filters@dd8ba08]" started-at="2025-06-21T14:21:57 EDT" name="loginwithDDT" data-provider="loginData1" finished-at="2025-06-21T14:24:25 EDT" duration-ms="147428" status="FAIL">
          <params>
            <param index="0">
              <value>
                <![CDATA[]]>
              </value>
            </param>
            <param index="1">
              <value>
                <![CDATA[]]>
              </value>
            </param>
          </params>
          <exception class="java.lang.NullPointerException">
            <message>
              <![CDATA[Cannot invoke "org.openqa.selenium.WebDriver.getClass()" because "exceptionDriver" is null]]>
            </message>
            <full-stacktrace>
              <![CDATA[java.lang.NullPointerException: Cannot invoke "org.openqa.selenium.WebDriver.getClass()" because "exceptionDriver" is null
at org.openqa.selenium.support.ui.WebDriverWait.timeoutException(WebDriverWait.java:85)
at org.openqa.selenium.support.ui.FluentWait.until(FluentWait.java:228)
at Amazon1.AmazonAfterSearchFilterSortCartWishPage.selectBrand(AmazonAfterSearchFilterSortCartWishPage.java:65)
at Amazon1.TC_6Filters.loginwithDDT(TC_6Filters.java:37)
at java.base/jdk.internal.reflect.NativeMethodAccessorImpl.invoke0(Native Method)
at java.base/jdk.internal.reflect.NativeMethodAccessorImpl.invoke(NativeMethodAccessorImpl.java:77)
at java.base/jdk.internal.reflect.DelegatingMethodAccessorImpl.invoke(DelegatingMethodAccessorImpl.java:43)
at java.base/java.lang.reflect.Method.invoke(Method.java:568)
at org.testng.internal.invokers.MethodInvocationHelper.invokeMethod(MethodInvocationHelper.java:141)
at org.testng.internal.invokers.TestInvoker.invokeMethod(TestInvoker.java:686)
at org.testng.internal.invokers.TestInvoker.invokeTestMethod(TestInvoker.java:230)
at org.testng.internal.invokers.MethodRunner.runInSequence(MethodRunner.java:63)
at org.testng.internal.invokers.TestInvoker$MethodInvocationAgent.invoke(TestInvoker.java:992)
at org.testng.internal.invokers.TestInvoker.invokeTestMethods(TestInvoker.java:203)
at org.testng.internal.invokers.TestMethodWorker.invokeTestMethods(TestMethodWorker.java:154)
at org.testng.internal.invokers.TestMethodWorker.run(TestMethodWorker.java:134)
at java.base/java.util.ArrayList.forEach(ArrayList.java:1511)
at org.testng.TestRunner.privateRun(TestRunner.java:739)
at org.testng.TestRunner.run(TestRunner.java:614)
at org.testng.SuiteRunner.runTest(SuiteRunner.java:421)
at org.testng.SuiteRunner.runSequentially(SuiteRunner.java:413)
at org.testng.SuiteRunner.privateRun(SuiteRunner.java:373)
at org.testng.SuiteRunner.run(SuiteRunner.java:312)
at org.testng.SuiteRunnerWorker.runSuite(SuiteRunnerWorker.java:52)
at org.testng.SuiteRunnerWorker.run(SuiteRunnerWorker.java:95)
at org.testng.TestNG.runSuitesSequentially(TestNG.java:1274)
at org.testng.TestNG.runSuitesLocally(TestNG.java:1208)
at org.testng.TestNG.runSuites(TestNG.java:1112)
at org.testng.TestNG.run(TestNG.java:1079)
at org.apache.maven.surefire.testng.TestNGExecutor.run(TestNGExecutor.java:308)
at org.apache.maven.surefire.testng.TestNGXmlTestSuite.execute(TestNGXmlTestSuite.java:71)
at org.apache.maven.surefire.testng.TestNGProvider.invoke(TestNGProvider.java:113)
at org.apache.maven.surefire.booter.ForkedBooter.runSuitesInProcess(ForkedBooter.java:385)
at org.apache.maven.surefire.booter.ForkedBooter.execute(ForkedBooter.java:162)
at org.apache.maven.surefire.booter.ForkedBooter.run(ForkedBooter.java:507)
at org.apache.maven.surefire.booter.ForkedBooter.main(ForkedBooter.java:495)
]]>
            </full-stacktrace>
          </exception> <!-- java.lang.NullPointerException -->
          <reporter-output>
            <line>
              <![CDATA[Exception is Handeled]]>
            </line>
            <line>
              <![CDATA[Exception is Handeled]]>
            </line>
            <line>
              <![CDATA[Exception is Handeled]]>
            </line>
            <line>
              <![CDATA[Exception is Handeled]]>
            </line>
            <line>
              <![CDATA[Exception is handeled]]>
            </line>
            <line>
              <![CDATA[Test case failed: loginwithDDT]]>
            </line>
          </reporter-output>
        </test-method> <!-- loginwithDDT -->
        <test-method is-config="true" signature="browserQuit()[pri:0, instance:Amazon1.TC_6Filters@dd8ba08]" started-at="2025-06-21T14:24:25 EDT" name="browserQuit" finished-at="2025-06-21T14:24:26 EDT" duration-ms="1050" status="PASS">
          <reporter-output>
          </reporter-output>
        </test-method> <!-- browserQuit -->
        <test-method is-config="true" signature="browserLaunch(java.lang.String)[pri:0, instance:Amazon1.TC_6Filters@dd8ba08]" started-at="2025-06-21T14:24:26 EDT" name="browserLaunch" finished-at="2025-06-21T14:24:28 EDT" duration-ms="1884" status="PASS">
          <params>
            <param index="0">
              <value>
                <![CDATA[Chrome]]>
              </value>
            </param>
          </params>
          <reporter-output>
            <line>
              <![CDATA[Chrome browser is launched succesfully]]>
            </line>
          </reporter-output>
        </test-method> <!-- browserLaunch -->
        <test-method signature="loginwithDDT(java.lang.String,java.lang.String)[pri:0, instance:Amazon1.TC_6Filters@dd8ba08]" started-at="2025-06-21T14:24:28 EDT" name="loginwithDDT" data-provider="loginData1" finished-at="2025-06-21T14:25:16 EDT" duration-ms="48725" status="PASS">
          <params>
            <param index="0">
              <value>
                <![CDATA[anujagaikwad86@gmail.com]]>
              </value>
            </param>
            <param index="1">
              <value>
                <![CDATA[anuja@89]]>
              </value>
            </param>
          </params>
          <reporter-output>
            <line>
              <![CDATA[Exception is Handeled]]>
            </line>
            <line>
              <![CDATA[Exception is handeled]]>
            </line>
            <line>
              <![CDATA[Test case passed: loginwithDDT]]>
            </line>
          </reporter-output>
        </test-method> <!-- loginwithDDT -->
        <test-method is-config="true" signature="browserQuit()[pri:0, instance:Amazon1.TC_6Filters@dd8ba08]" started-at="2025-06-21T14:25:16 EDT" name="browserQuit" finished-at="2025-06-21T14:25:19 EDT" duration-ms="2556" status="PASS">
          <reporter-output>
          </reporter-output>
        </test-method> <!-- browserQuit -->
      </class> <!-- Amazon1.TC_6Filters -->
      <class name="Amazon1.TC_3AmazonLoginFail">
        <test-method is-config="true" signature="browserLaunch(java.lang.String)[pri:0, instance:Amazon1.TC_3AmazonLoginFail@52bf72b5]" started-at="2025-06-21T14:07:56 EDT" name="browserLaunch" finished-at="2025-06-21T14:07:58 EDT" duration-ms="1738" status="PASS">
          <params>
            <param index="0">
              <value>
                <![CDATA[Chrome]]>
              </value>
            </param>
          </params>
          <reporter-output>
            <line>
              <![CDATA[Chrome browser is launched succesfully]]>
            </line>
          </reporter-output>
        </test-method> <!-- browserLaunch -->
        <test-method retried="true" signature="loginWithInvalidEmail(java.lang.String,java.lang.String)[pri:0, instance:Amazon1.TC_3AmazonLoginFail@52bf72b5]" started-at="2025-06-21T14:07:58 EDT" name="loginWithInvalidEmail" data-provider="loginData1" finished-at="2025-06-21T14:08:12 EDT" duration-ms="13355" status="SKIP">
          <params>
            <param index="0">
              <value>
                <![CDATA[]]>
              </value>
            </param>
            <param index="1">
              <value>
                <![CDATA[]]>
              </value>
            </param>
          </params>
          <exception class="org.openqa.selenium.NoSuchElementException">
            <message>
              <![CDATA[no such element: Unable to locate element: {"method":"xpath","selector":"//input[@id='ap_password']"}
  (Session info: chrome=137.0.7151.119)
For documentation on this error, please visit: https://www.selenium.dev/documentation/webdriver/troubleshooting/errors#no-such-element-exception
Build info: version: '4.33.0', revision: '2c6aaad03a'
System info: os.name: 'Windows 11', os.arch: 'amd64', os.version: '10.0', java.version: '17.0.12'
Driver info: org.openqa.selenium.chrome.ChromeDriver
Command: [4d3005cb0353e36737c8168108ccd5de, findElement {using=xpath, value=//input[@id='ap_password']}]
Capabilities {acceptInsecureCerts: false, browserName: chrome, browserVersion: 137.0.7151.119, chrome: {chromedriverVersion: 137.0.7151.119 (e0ac9d12dff..., userDataDir: C:\Users\ganesh\AppData\Loc...}, fedcm:accounts: true, goog:chromeOptions: {debuggerAddress: localhost:57738}, networkConnectionEnabled: false, pageLoadStrategy: normal, platformName: windows, proxy: Proxy(), se:cdp: ws://localhost:57738/devtoo..., se:cdpVersion: 137.0.7151.119, setWindowRect: true, strictFileInteractability: false, timeouts: {implicit: 0, pageLoad: 300000, script: 30000}, unhandledPromptBehavior: dismiss and notify, webauthn:extension:credBlob: true, webauthn:extension:largeBlob: true, webauthn:extension:minPinLength: true, webauthn:extension:prf: true, webauthn:virtualAuthenticators: true}
Session ID: 4d3005cb0353e36737c8168108ccd5de]]>
            </message>
            <full-stacktrace>
              <![CDATA[org.openqa.selenium.NoSuchElementException: no such element: Unable to locate element: {"method":"xpath","selector":"//input[@id='ap_password']"}
  (Session info: chrome=137.0.7151.119)
For documentation on this error, please visit: https://www.selenium.dev/documentation/webdriver/troubleshooting/errors#no-such-element-exception
Build info: version: '4.33.0', revision: '2c6aaad03a'
System info: os.name: 'Windows 11', os.arch: 'amd64', os.version: '10.0', java.version: '17.0.12'
Driver info: org.openqa.selenium.chrome.ChromeDriver
Command: [4d3005cb0353e36737c8168108ccd5de, findElement {using=xpath, value=//input[@id='ap_password']}]
Capabilities {acceptInsecureCerts: false, browserName: chrome, browserVersion: 137.0.7151.119, chrome: {chromedriverVersion: 137.0.7151.119 (e0ac9d12dff..., userDataDir: C:\Users\ganesh\AppData\Loc...}, fedcm:accounts: true, goog:chromeOptions: {debuggerAddress: localhost:57738}, networkConnectionEnabled: false, pageLoadStrategy: normal, platformName: windows, proxy: Proxy(), se:cdp: ws://localhost:57738/devtoo..., se:cdpVersion: 137.0.7151.119, setWindowRect: true, strictFileInteractability: false, timeouts: {implicit: 0, pageLoad: 300000, script: 30000}, unhandledPromptBehavior: dismiss and notify, webauthn:extension:credBlob: true, webauthn:extension:largeBlob: true, webauthn:extension:minPinLength: true, webauthn:extension:prf: true, webauthn:virtualAuthenticators: true}
Session ID: 4d3005cb0353e36737c8168108ccd5de
at java.base/jdk.internal.reflect.NativeConstructorAccessorImpl.newInstance0(Native Method)
at java.base/jdk.internal.reflect.NativeConstructorAccessorImpl.newInstance(NativeConstructorAccessorImpl.java:77)
at java.base/jdk.internal.reflect.DelegatingConstructorAccessorImpl.newInstance(DelegatingConstructorAccessorImpl.java:45)
at java.base/java.lang.reflect.Constructor.newInstanceWithCaller(Constructor.java:499)
at java.base/java.lang.reflect.Constructor.newInstance(Constructor.java:480)
at org.openqa.selenium.remote.ErrorCodec.decode(ErrorCodec.java:167)
at org.openqa.selenium.remote.codec.w3c.W3CHttpResponseCodec.decode(W3CHttpResponseCodec.java:138)
at org.openqa.selenium.remote.codec.w3c.W3CHttpResponseCodec.decode(W3CHttpResponseCodec.java:50)
at org.openqa.selenium.remote.HttpCommandExecutor.execute(HttpCommandExecutor.java:215)
at org.openqa.selenium.remote.service.DriverCommandExecutor.invokeExecute(DriverCommandExecutor.java:216)
at org.openqa.selenium.remote.service.DriverCommandExecutor.execute(DriverCommandExecutor.java:174)
at org.openqa.selenium.remote.RemoteWebDriver.execute(RemoteWebDriver.java:544)
at org.openqa.selenium.remote.ElementLocation$ElementFinder$2.findElement(ElementLocation.java:165)
at org.openqa.selenium.remote.ElementLocation.findElement(ElementLocation.java:59)
at org.openqa.selenium.remote.RemoteWebDriver.findElement(RemoteWebDriver.java:367)
at org.openqa.selenium.remote.RemoteWebDriver.findElement(RemoteWebDriver.java:361)
at org.openqa.selenium.support.pagefactory.DefaultElementLocator.findElement(DefaultElementLocator.java:68)
at org.openqa.selenium.support.pagefactory.internal.LocatingElementHandler.invoke(LocatingElementHandler.java:38)
at jdk.proxy2/jdk.proxy2.$Proxy13.sendKeys(Unknown Source)
at Amazon1.AmazonHomeLoginPage.pwdinvalid(AmazonHomeLoginPage.java:157)
at Amazon1.TC_3AmazonLoginFail.loginWithInvalidEmail(TC_3AmazonLoginFail.java:31)
at java.base/jdk.internal.reflect.NativeMethodAccessorImpl.invoke0(Native Method)
at java.base/jdk.internal.reflect.NativeMethodAccessorImpl.invoke(NativeMethodAccessorImpl.java:77)
at java.base/jdk.internal.reflect.DelegatingMethodAccessorImpl.invoke(DelegatingMethodAccessorImpl.java:43)
at java.base/java.lang.reflect.Method.invoke(Method.java:568)
at org.testng.internal.invokers.MethodInvocationHelper.invokeMethod(MethodInvocationHelper.java:141)
at org.testng.internal.invokers.TestInvoker.invokeMethod(TestInvoker.java:686)
at org.testng.internal.invokers.TestInvoker.invokeTestMethod(TestInvoker.java:230)
at org.testng.internal.invokers.MethodRunner.runInSequence(MethodRunner.java:63)
at org.testng.internal.invokers.TestInvoker$MethodInvocationAgent.invoke(TestInvoker.java:992)
at org.testng.internal.invokers.TestInvoker.invokeTestMethods(TestInvoker.java:203)
at org.testng.internal.invokers.TestMethodWorker.invokeTestMethods(TestMethodWorker.java:154)
at org.testng.internal.invokers.TestMethodWorker.run(TestMethodWorker.java:134)
at java.base/java.util.ArrayList.forEach(ArrayList.java:1511)
at org.testng.TestRunner.privateRun(TestRunner.java:739)
at org.testng.TestRunner.run(TestRunner.java:614)
at org.testng.SuiteRunner.runTest(SuiteRunner.java:421)
at org.testng.SuiteRunner.runSequentially(SuiteRunner.java:413)
at org.testng.SuiteRunner.privateRun(SuiteRunner.java:373)
at org.testng.SuiteRunner.run(SuiteRunner.java:312)
at org.testng.SuiteRunnerWorker.runSuite(SuiteRunnerWorker.java:52)
at org.testng.SuiteRunnerWorker.run(SuiteRunnerWorker.java:95)
at org.testng.TestNG.runSuitesSequentially(TestNG.java:1274)
at org.testng.TestNG.runSuitesLocally(TestNG.java:1208)
at org.testng.TestNG.runSuites(TestNG.java:1112)
at org.testng.TestNG.run(TestNG.java:1079)
at org.apache.maven.surefire.testng.TestNGExecutor.run(TestNGExecutor.java:308)
at org.apache.maven.surefire.testng.TestNGXmlTestSuite.execute(TestNGXmlTestSuite.java:71)
at org.apache.maven.surefire.testng.TestNGProvider.invoke(TestNGProvider.java:113)
at org.apache.maven.surefire.booter.ForkedBooter.runSuitesInProcess(ForkedBooter.java:385)
at org.apache.maven.surefire.booter.ForkedBooter.execute(ForkedBooter.java:162)
at org.apache.maven.surefire.booter.ForkedBooter.run(ForkedBooter.java:507)
at org.apache.maven.surefire.booter.ForkedBooter.main(ForkedBooter.java:495)
]]>
            </full-stacktrace>
          </exception> <!-- org.openqa.selenium.NoSuchElementException -->
          <reporter-output>
            <line>
              <![CDATA[Invalid Username is entered]]>
            </line>
          </reporter-output>
        </test-method> <!-- loginWithInvalidEmail -->
        <test-method is-config="true" signature="browserQuit()[pri:0, instance:Amazon1.TC_3AmazonLoginFail@52bf72b5]" started-at="2025-06-21T14:08:12 EDT" name="browserQuit" finished-at="2025-06-21T14:08:12 EDT" duration-ms="414" status="PASS">
          <reporter-output>
          </reporter-output>
        </test-method> <!-- browserQuit -->
        <test-method is-config="true" signature="browserLaunch(java.lang.String)[pri:0, instance:Amazon1.TC_3AmazonLoginFail@52bf72b5]" started-at="2025-06-21T14:08:12 EDT" name="browserLaunch" finished-at="2025-06-21T14:08:13 EDT" duration-ms="1483" status="PASS">
          <params>
            <param index="0">
              <value>
                <![CDATA[Chrome]]>
              </value>
            </param>
          </params>
          <reporter-output>
            <line>
              <![CDATA[Chrome browser is launched succesfully]]>
            </line>
          </reporter-output>
        </test-method> <!-- browserLaunch -->
        <test-method retried="true" signature="loginWithInvalidEmail(java.lang.String,java.lang.String)[pri:0, instance:Amazon1.TC_3AmazonLoginFail@52bf72b5]" started-at="2025-06-21T14:08:13 EDT" name="loginWithInvalidEmail" data-provider="loginData1" finished-at="2025-06-21T14:08:26 EDT" duration-ms="13038" status="SKIP">
          <params>
            <param index="0">
              <value>
                <![CDATA[]]>
              </value>
            </param>
            <param index="1">
              <value>
                <![CDATA[]]>
              </value>
            </param>
          </params>
          <exception class="org.openqa.selenium.NoSuchElementException">
            <message>
              <![CDATA[no such element: Unable to locate element: {"method":"xpath","selector":"//input[@id='ap_password']"}
  (Session info: chrome=137.0.7151.119)
For documentation on this error, please visit: https://www.selenium.dev/documentation/webdriver/troubleshooting/errors#no-such-element-exception
Build info: version: '4.33.0', revision: '2c6aaad03a'
System info: os.name: 'Windows 11', os.arch: 'amd64', os.version: '10.0', java.version: '17.0.12'
Driver info: org.openqa.selenium.chrome.ChromeDriver
Command: [f1a57d2ea84bc759af41a15a1bac14db, findElement {using=xpath, value=//input[@id='ap_password']}]
Capabilities {acceptInsecureCerts: false, browserName: chrome, browserVersion: 137.0.7151.119, chrome: {chromedriverVersion: 137.0.7151.119 (e0ac9d12dff..., userDataDir: C:\Users\ganesh\AppData\Loc...}, fedcm:accounts: true, goog:chromeOptions: {debuggerAddress: localhost:59078}, networkConnectionEnabled: false, pageLoadStrategy: normal, platformName: windows, proxy: Proxy(), se:cdp: ws://localhost:59078/devtoo..., se:cdpVersion: 137.0.7151.119, setWindowRect: true, strictFileInteractability: false, timeouts: {implicit: 0, pageLoad: 300000, script: 30000}, unhandledPromptBehavior: dismiss and notify, webauthn:extension:credBlob: true, webauthn:extension:largeBlob: true, webauthn:extension:minPinLength: true, webauthn:extension:prf: true, webauthn:virtualAuthenticators: true}
Session ID: f1a57d2ea84bc759af41a15a1bac14db]]>
            </message>
            <full-stacktrace>
              <![CDATA[org.openqa.selenium.NoSuchElementException: no such element: Unable to locate element: {"method":"xpath","selector":"//input[@id='ap_password']"}
  (Session info: chrome=137.0.7151.119)
For documentation on this error, please visit: https://www.selenium.dev/documentation/webdriver/troubleshooting/errors#no-such-element-exception
Build info: version: '4.33.0', revision: '2c6aaad03a'
System info: os.name: 'Windows 11', os.arch: 'amd64', os.version: '10.0', java.version: '17.0.12'
Driver info: org.openqa.selenium.chrome.ChromeDriver
Command: [f1a57d2ea84bc759af41a15a1bac14db, findElement {using=xpath, value=//input[@id='ap_password']}]
Capabilities {acceptInsecureCerts: false, browserName: chrome, browserVersion: 137.0.7151.119, chrome: {chromedriverVersion: 137.0.7151.119 (e0ac9d12dff..., userDataDir: C:\Users\ganesh\AppData\Loc...}, fedcm:accounts: true, goog:chromeOptions: {debuggerAddress: localhost:59078}, networkConnectionEnabled: false, pageLoadStrategy: normal, platformName: windows, proxy: Proxy(), se:cdp: ws://localhost:59078/devtoo..., se:cdpVersion: 137.0.7151.119, setWindowRect: true, strictFileInteractability: false, timeouts: {implicit: 0, pageLoad: 300000, script: 30000}, unhandledPromptBehavior: dismiss and notify, webauthn:extension:credBlob: true, webauthn:extension:largeBlob: true, webauthn:extension:minPinLength: true, webauthn:extension:prf: true, webauthn:virtualAuthenticators: true}
Session ID: f1a57d2ea84bc759af41a15a1bac14db
at java.base/jdk.internal.reflect.NativeConstructorAccessorImpl.newInstance0(Native Method)
at java.base/jdk.internal.reflect.NativeConstructorAccessorImpl.newInstance(NativeConstructorAccessorImpl.java:77)
at java.base/jdk.internal.reflect.DelegatingConstructorAccessorImpl.newInstance(DelegatingConstructorAccessorImpl.java:45)
at java.base/java.lang.reflect.Constructor.newInstanceWithCaller(Constructor.java:499)
at java.base/java.lang.reflect.Constructor.newInstance(Constructor.java:480)
at org.openqa.selenium.remote.ErrorCodec.decode(ErrorCodec.java:167)
at org.openqa.selenium.remote.codec.w3c.W3CHttpResponseCodec.decode(W3CHttpResponseCodec.java:138)
at org.openqa.selenium.remote.codec.w3c.W3CHttpResponseCodec.decode(W3CHttpResponseCodec.java:50)
at org.openqa.selenium.remote.HttpCommandExecutor.execute(HttpCommandExecutor.java:215)
at org.openqa.selenium.remote.service.DriverCommandExecutor.invokeExecute(DriverCommandExecutor.java:216)
at org.openqa.selenium.remote.service.DriverCommandExecutor.execute(DriverCommandExecutor.java:174)
at org.openqa.selenium.remote.RemoteWebDriver.execute(RemoteWebDriver.java:544)
at org.openqa.selenium.remote.ElementLocation$ElementFinder$2.findElement(ElementLocation.java:165)
at org.openqa.selenium.remote.ElementLocation.findElement(ElementLocation.java:59)
at org.openqa.selenium.remote.RemoteWebDriver.findElement(RemoteWebDriver.java:367)
at org.openqa.selenium.remote.RemoteWebDriver.findElement(RemoteWebDriver.java:361)
at org.openqa.selenium.support.pagefactory.DefaultElementLocator.findElement(DefaultElementLocator.java:68)
at org.openqa.selenium.support.pagefactory.internal.LocatingElementHandler.invoke(LocatingElementHandler.java:38)
at jdk.proxy2/jdk.proxy2.$Proxy13.sendKeys(Unknown Source)
at Amazon1.AmazonHomeLoginPage.pwdinvalid(AmazonHomeLoginPage.java:157)
at Amazon1.TC_3AmazonLoginFail.loginWithInvalidEmail(TC_3AmazonLoginFail.java:31)
at java.base/jdk.internal.reflect.NativeMethodAccessorImpl.invoke0(Native Method)
at java.base/jdk.internal.reflect.NativeMethodAccessorImpl.invoke(NativeMethodAccessorImpl.java:77)
at java.base/jdk.internal.reflect.DelegatingMethodAccessorImpl.invoke(DelegatingMethodAccessorImpl.java:43)
at java.base/java.lang.reflect.Method.invoke(Method.java:568)
at org.testng.internal.invokers.MethodInvocationHelper.invokeMethod(MethodInvocationHelper.java:141)
at org.testng.internal.invokers.TestInvoker.invokeMethod(TestInvoker.java:686)
at org.testng.internal.invokers.TestInvoker.retryFailed(TestInvoker.java:269)
at org.testng.internal.invokers.MethodRunner.runInSequence(MethodRunner.java:76)
at org.testng.internal.invokers.TestInvoker$MethodInvocationAgent.invoke(TestInvoker.java:992)
at org.testng.internal.invokers.TestInvoker.invokeTestMethods(TestInvoker.java:203)
at org.testng.internal.invokers.TestMethodWorker.invokeTestMethods(TestMethodWorker.java:154)
at org.testng.internal.invokers.TestMethodWorker.run(TestMethodWorker.java:134)
at java.base/java.util.ArrayList.forEach(ArrayList.java:1511)
at org.testng.TestRunner.privateRun(TestRunner.java:739)
at org.testng.TestRunner.run(TestRunner.java:614)
at org.testng.SuiteRunner.runTest(SuiteRunner.java:421)
at org.testng.SuiteRunner.runSequentially(SuiteRunner.java:413)
at org.testng.SuiteRunner.privateRun(SuiteRunner.java:373)
at org.testng.SuiteRunner.run(SuiteRunner.java:312)
at org.testng.SuiteRunnerWorker.runSuite(SuiteRunnerWorker.java:52)
at org.testng.SuiteRunnerWorker.run(SuiteRunnerWorker.java:95)
at org.testng.TestNG.runSuitesSequentially(TestNG.java:1274)
at org.testng.TestNG.runSuitesLocally(TestNG.java:1208)
at org.testng.TestNG.runSuites(TestNG.java:1112)
at org.testng.TestNG.run(TestNG.java:1079)
at org.apache.maven.surefire.testng.TestNGExecutor.run(TestNGExecutor.java:308)
at org.apache.maven.surefire.testng.TestNGXmlTestSuite.execute(TestNGXmlTestSuite.java:71)
at org.apache.maven.surefire.testng.TestNGProvider.invoke(TestNGProvider.java:113)
at org.apache.maven.surefire.booter.ForkedBooter.runSuitesInProcess(ForkedBooter.java:385)
at org.apache.maven.surefire.booter.ForkedBooter.execute(ForkedBooter.java:162)
at org.apache.maven.surefire.booter.ForkedBooter.run(ForkedBooter.java:507)
at org.apache.maven.surefire.booter.ForkedBooter.main(ForkedBooter.java:495)
]]>
            </full-stacktrace>
          </exception> <!-- org.openqa.selenium.NoSuchElementException -->
          <reporter-output>
            <line>
              <![CDATA[Invalid Username is entered]]>
            </line>
          </reporter-output>
        </test-method> <!-- loginWithInvalidEmail -->
        <test-method is-config="true" signature="browserQuit()[pri:0, instance:Amazon1.TC_3AmazonLoginFail@52bf72b5]" started-at="2025-06-21T14:08:26 EDT" name="browserQuit" finished-at="2025-06-21T14:08:27 EDT" duration-ms="563" status="PASS">
          <reporter-output>
          </reporter-output>
        </test-method> <!-- browserQuit -->
        <test-method is-config="true" signature="browserLaunch(java.lang.String)[pri:0, instance:Amazon1.TC_3AmazonLoginFail@52bf72b5]" started-at="2025-06-21T14:08:27 EDT" name="browserLaunch" finished-at="2025-06-21T14:08:28 EDT" duration-ms="1402" status="PASS">
          <params>
            <param index="0">
              <value>
                <![CDATA[Chrome]]>
              </value>
            </param>
          </params>
          <reporter-output>
            <line>
              <![CDATA[Chrome browser is launched succesfully]]>
            </line>
          </reporter-output>
        </test-method> <!-- browserLaunch -->
        <test-method signature="loginWithInvalidEmail(java.lang.String,java.lang.String)[pri:0, instance:Amazon1.TC_3AmazonLoginFail@52bf72b5]" started-at="2025-06-21T14:08:28 EDT" name="loginWithInvalidEmail" data-provider="loginData1" finished-at="2025-06-21T14:08:41 EDT" duration-ms="12960" status="FAIL">
          <params>
            <param index="0">
              <value>
                <![CDATA[]]>
              </value>
            </param>
            <param index="1">
              <value>
                <![CDATA[]]>
              </value>
            </param>
          </params>
          <exception class="org.openqa.selenium.NoSuchElementException">
            <message>
              <![CDATA[no such element: Unable to locate element: {"method":"xpath","selector":"//input[@id='ap_password']"}
  (Session info: chrome=137.0.7151.119)
For documentation on this error, please visit: https://www.selenium.dev/documentation/webdriver/troubleshooting/errors#no-such-element-exception
Build info: version: '4.33.0', revision: '2c6aaad03a'
System info: os.name: 'Windows 11', os.arch: 'amd64', os.version: '10.0', java.version: '17.0.12'
Driver info: org.openqa.selenium.chrome.ChromeDriver
Command: [4a0365730b4832bc8552eff64c49ef7e, findElement {using=xpath, value=//input[@id='ap_password']}]
Capabilities {acceptInsecureCerts: false, browserName: chrome, browserVersion: 137.0.7151.119, chrome: {chromedriverVersion: 137.0.7151.119 (e0ac9d12dff..., userDataDir: C:\Users\ganesh\AppData\Loc...}, fedcm:accounts: true, goog:chromeOptions: {debuggerAddress: localhost:65298}, networkConnectionEnabled: false, pageLoadStrategy: normal, platformName: windows, proxy: Proxy(), se:cdp: ws://localhost:65298/devtoo..., se:cdpVersion: 137.0.7151.119, setWindowRect: true, strictFileInteractability: false, timeouts: {implicit: 0, pageLoad: 300000, script: 30000}, unhandledPromptBehavior: dismiss and notify, webauthn:extension:credBlob: true, webauthn:extension:largeBlob: true, webauthn:extension:minPinLength: true, webauthn:extension:prf: true, webauthn:virtualAuthenticators: true}
Session ID: 4a0365730b4832bc8552eff64c49ef7e]]>
            </message>
            <full-stacktrace>
              <![CDATA[org.openqa.selenium.NoSuchElementException: no such element: Unable to locate element: {"method":"xpath","selector":"//input[@id='ap_password']"}
  (Session info: chrome=137.0.7151.119)
For documentation on this error, please visit: https://www.selenium.dev/documentation/webdriver/troubleshooting/errors#no-such-element-exception
Build info: version: '4.33.0', revision: '2c6aaad03a'
System info: os.name: 'Windows 11', os.arch: 'amd64', os.version: '10.0', java.version: '17.0.12'
Driver info: org.openqa.selenium.chrome.ChromeDriver
Command: [4a0365730b4832bc8552eff64c49ef7e, findElement {using=xpath, value=//input[@id='ap_password']}]
Capabilities {acceptInsecureCerts: false, browserName: chrome, browserVersion: 137.0.7151.119, chrome: {chromedriverVersion: 137.0.7151.119 (e0ac9d12dff..., userDataDir: C:\Users\ganesh\AppData\Loc...}, fedcm:accounts: true, goog:chromeOptions: {debuggerAddress: localhost:65298}, networkConnectionEnabled: false, pageLoadStrategy: normal, platformName: windows, proxy: Proxy(), se:cdp: ws://localhost:65298/devtoo..., se:cdpVersion: 137.0.7151.119, setWindowRect: true, strictFileInteractability: false, timeouts: {implicit: 0, pageLoad: 300000, script: 30000}, unhandledPromptBehavior: dismiss and notify, webauthn:extension:credBlob: true, webauthn:extension:largeBlob: true, webauthn:extension:minPinLength: true, webauthn:extension:prf: true, webauthn:virtualAuthenticators: true}
Session ID: 4a0365730b4832bc8552eff64c49ef7e
at java.base/jdk.internal.reflect.NativeConstructorAccessorImpl.newInstance0(Native Method)
at java.base/jdk.internal.reflect.NativeConstructorAccessorImpl.newInstance(NativeConstructorAccessorImpl.java:77)
at java.base/jdk.internal.reflect.DelegatingConstructorAccessorImpl.newInstance(DelegatingConstructorAccessorImpl.java:45)
at java.base/java.lang.reflect.Constructor.newInstanceWithCaller(Constructor.java:499)
at java.base/java.lang.reflect.Constructor.newInstance(Constructor.java:480)
at org.openqa.selenium.remote.ErrorCodec.decode(ErrorCodec.java:167)
at org.openqa.selenium.remote.codec.w3c.W3CHttpResponseCodec.decode(W3CHttpResponseCodec.java:138)
at org.openqa.selenium.remote.codec.w3c.W3CHttpResponseCodec.decode(W3CHttpResponseCodec.java:50)
at org.openqa.selenium.remote.HttpCommandExecutor.execute(HttpCommandExecutor.java:215)
at org.openqa.selenium.remote.service.DriverCommandExecutor.invokeExecute(DriverCommandExecutor.java:216)
at org.openqa.selenium.remote.service.DriverCommandExecutor.execute(DriverCommandExecutor.java:174)
at org.openqa.selenium.remote.RemoteWebDriver.execute(RemoteWebDriver.java:544)
at org.openqa.selenium.remote.ElementLocation$ElementFinder$2.findElement(ElementLocation.java:165)
at org.openqa.selenium.remote.ElementLocation.findElement(ElementLocation.java:59)
at org.openqa.selenium.remote.RemoteWebDriver.findElement(RemoteWebDriver.java:367)
at org.openqa.selenium.remote.RemoteWebDriver.findElement(RemoteWebDriver.java:361)
at org.openqa.selenium.support.pagefactory.DefaultElementLocator.findElement(DefaultElementLocator.java:68)
at org.openqa.selenium.support.pagefactory.internal.LocatingElementHandler.invoke(LocatingElementHandler.java:38)
at jdk.proxy2/jdk.proxy2.$Proxy13.sendKeys(Unknown Source)
at Amazon1.AmazonHomeLoginPage.pwdinvalid(AmazonHomeLoginPage.java:157)
at Amazon1.TC_3AmazonLoginFail.loginWithInvalidEmail(TC_3AmazonLoginFail.java:31)
at java.base/jdk.internal.reflect.NativeMethodAccessorImpl.invoke0(Native Method)
at java.base/jdk.internal.reflect.NativeMethodAccessorImpl.invoke(NativeMethodAccessorImpl.java:77)
at java.base/jdk.internal.reflect.DelegatingMethodAccessorImpl.invoke(DelegatingMethodAccessorImpl.java:43)
at java.base/java.lang.reflect.Method.invoke(Method.java:568)
at org.testng.internal.invokers.MethodInvocationHelper.invokeMethod(MethodInvocationHelper.java:141)
at org.testng.internal.invokers.TestInvoker.invokeMethod(TestInvoker.java:686)
at org.testng.internal.invokers.TestInvoker.retryFailed(TestInvoker.java:269)
at org.testng.internal.invokers.MethodRunner.runInSequence(MethodRunner.java:76)
at org.testng.internal.invokers.TestInvoker$MethodInvocationAgent.invoke(TestInvoker.java:992)
at org.testng.internal.invokers.TestInvoker.invokeTestMethods(TestInvoker.java:203)
at org.testng.internal.invokers.TestMethodWorker.invokeTestMethods(TestMethodWorker.java:154)
at org.testng.internal.invokers.TestMethodWorker.run(TestMethodWorker.java:134)
at java.base/java.util.ArrayList.forEach(ArrayList.java:1511)
at org.testng.TestRunner.privateRun(TestRunner.java:739)
at org.testng.TestRunner.run(TestRunner.java:614)
at org.testng.SuiteRunner.runTest(SuiteRunner.java:421)
at org.testng.SuiteRunner.runSequentially(SuiteRunner.java:413)
at org.testng.SuiteRunner.privateRun(SuiteRunner.java:373)
at org.testng.SuiteRunner.run(SuiteRunner.java:312)
at org.testng.SuiteRunnerWorker.runSuite(SuiteRunnerWorker.java:52)
at org.testng.SuiteRunnerWorker.run(SuiteRunnerWorker.java:95)
at org.testng.TestNG.runSuitesSequentially(TestNG.java:1274)
at org.testng.TestNG.runSuitesLocally(TestNG.java:1208)
at org.testng.TestNG.runSuites(TestNG.java:1112)
at org.testng.TestNG.run(TestNG.java:1079)
at org.apache.maven.surefire.testng.TestNGExecutor.run(TestNGExecutor.java:308)
at org.apache.maven.surefire.testng.TestNGXmlTestSuite.execute(TestNGXmlTestSuite.java:71)
at org.apache.maven.surefire.testng.TestNGProvider.invoke(TestNGProvider.java:113)
at org.apache.maven.surefire.booter.ForkedBooter.runSuitesInProcess(ForkedBooter.java:385)
at org.apache.maven.surefire.booter.ForkedBooter.execute(ForkedBooter.java:162)
at org.apache.maven.surefire.booter.ForkedBooter.run(ForkedBooter.java:507)
at org.apache.maven.surefire.booter.ForkedBooter.main(ForkedBooter.java:495)
]]>
            </full-stacktrace>
          </exception> <!-- org.openqa.selenium.NoSuchElementException -->
          <reporter-output>
            <line>
              <![CDATA[Invalid Username is entered]]>
            </line>
            <line>
              <![CDATA[Test case failed: loginWithInvalidEmail]]>
            </line>
          </reporter-output>
        </test-method> <!-- loginWithInvalidEmail -->
        <test-method is-config="true" signature="browserQuit()[pri:0, instance:Amazon1.TC_3AmazonLoginFail@52bf72b5]" started-at="2025-06-21T14:08:41 EDT" name="browserQuit" finished-at="2025-06-21T14:08:42 EDT" duration-ms="471" status="PASS">
          <reporter-output>
          </reporter-output>
        </test-method> <!-- browserQuit -->
        <test-method is-config="true" signature="browserLaunch(java.lang.String)[pri:0, instance:Amazon1.TC_3AmazonLoginFail@52bf72b5]" started-at="2025-06-21T14:08:42 EDT" name="browserLaunch" finished-at="2025-06-21T14:08:44 EDT" duration-ms="2574" status="PASS">
          <params>
            <param index="0">
              <value>
                <![CDATA[Chrome]]>
              </value>
            </param>
          </params>
          <reporter-output>
            <line>
              <![CDATA[Chrome browser is launched succesfully]]>
            </line>
          </reporter-output>
        </test-method> <!-- browserLaunch -->
        <test-method retried="true" signature="loginWithInvalidEmail(java.lang.String,java.lang.String)[pri:0, instance:Amazon1.TC_3AmazonLoginFail@52bf72b5]" started-at="2025-06-21T14:08:44 EDT" name="loginWithInvalidEmail" data-provider="loginData1" finished-at="2025-06-21T14:09:13 EDT" duration-ms="28249" status="SKIP">
          <params>
            <param index="0">
              <value>
                <![CDATA[anujagaikwad86@gmail.com]]>
              </value>
            </param>
            <param index="1">
              <value>
                <![CDATA[anuja@89]]>
              </value>
            </param>
          </params>
          <exception class="java.lang.AssertionError">
            <message>
              <![CDATA[expected [true] but found [false]]]>
            </message>
            <full-stacktrace>
              <![CDATA[java.lang.AssertionError: expected [true] but found [false]
at org.testng.Assert.fail(Assert.java:111)
at org.testng.Assert.failNotEquals(Assert.java:1578)
at org.testng.Assert.assertEqualsImpl(Assert.java:150)
at org.testng.Assert.assertEquals(Assert.java:132)
at org.testng.Assert.assertEquals(Assert.java:1067)
at org.testng.Assert.assertEquals(Assert.java:1031)
at org.testng.Assert.assertEquals(Assert.java:1077)
at Amazon1.AmazonHomeLoginPage.verifyAccountInvalid(AmazonHomeLoginPage.java:191)
at Amazon1.TC_3AmazonLoginFail.loginWithInvalidEmail(TC_3AmazonLoginFail.java:33)
at java.base/jdk.internal.reflect.NativeMethodAccessorImpl.invoke0(Native Method)
at java.base/jdk.internal.reflect.NativeMethodAccessorImpl.invoke(NativeMethodAccessorImpl.java:77)
at java.base/jdk.internal.reflect.DelegatingMethodAccessorImpl.invoke(DelegatingMethodAccessorImpl.java:43)
at java.base/java.lang.reflect.Method.invoke(Method.java:568)
at org.testng.internal.invokers.MethodInvocationHelper.invokeMethod(MethodInvocationHelper.java:141)
at org.testng.internal.invokers.TestInvoker.invokeMethod(TestInvoker.java:686)
at org.testng.internal.invokers.TestInvoker.invokeTestMethod(TestInvoker.java:230)
at org.testng.internal.invokers.MethodRunner.runInSequence(MethodRunner.java:63)
at org.testng.internal.invokers.TestInvoker$MethodInvocationAgent.invoke(TestInvoker.java:992)
at org.testng.internal.invokers.TestInvoker.invokeTestMethods(TestInvoker.java:203)
at org.testng.internal.invokers.TestMethodWorker.invokeTestMethods(TestMethodWorker.java:154)
at org.testng.internal.invokers.TestMethodWorker.run(TestMethodWorker.java:134)
at java.base/java.util.ArrayList.forEach(ArrayList.java:1511)
at org.testng.TestRunner.privateRun(TestRunner.java:739)
at org.testng.TestRunner.run(TestRunner.java:614)
at org.testng.SuiteRunner.runTest(SuiteRunner.java:421)
at org.testng.SuiteRunner.runSequentially(SuiteRunner.java:413)
at org.testng.SuiteRunner.privateRun(SuiteRunner.java:373)
at org.testng.SuiteRunner.run(SuiteRunner.java:312)
at org.testng.SuiteRunnerWorker.runSuite(SuiteRunnerWorker.java:52)
at org.testng.SuiteRunnerWorker.run(SuiteRunnerWorker.java:95)
at org.testng.TestNG.runSuitesSequentially(TestNG.java:1274)
at org.testng.TestNG.runSuitesLocally(TestNG.java:1208)
at org.testng.TestNG.runSuites(TestNG.java:1112)
at org.testng.TestNG.run(TestNG.java:1079)
at org.apache.maven.surefire.testng.TestNGExecutor.run(TestNGExecutor.java:308)
at org.apache.maven.surefire.testng.TestNGXmlTestSuite.execute(TestNGXmlTestSuite.java:71)
at org.apache.maven.surefire.testng.TestNGProvider.invoke(TestNGProvider.java:113)
at org.apache.maven.surefire.booter.ForkedBooter.runSuitesInProcess(ForkedBooter.java:385)
at org.apache.maven.surefire.booter.ForkedBooter.execute(ForkedBooter.java:162)
at org.apache.maven.surefire.booter.ForkedBooter.run(ForkedBooter.java:507)
at org.apache.maven.surefire.booter.ForkedBooter.main(ForkedBooter.java:495)
]]>
            </full-stacktrace>
          </exception> <!-- java.lang.AssertionError -->
          <reporter-output>
            <line>
              <![CDATA[Exception is handaled]]>
            </line>
            <line>
              <![CDATA[Invalid Username is entered]]>
            </line>
            <line>
              <![CDATA[Invalid Password is entered]]>
            </line>
            <line>
              <![CDATA[Exception is Handeled]]>
            </line>
          </reporter-output>
        </test-method> <!-- loginWithInvalidEmail -->
        <test-method is-config="true" signature="browserQuit()[pri:0, instance:Amazon1.TC_3AmazonLoginFail@52bf72b5]" started-at="2025-06-21T14:09:13 EDT" name="browserQuit" finished-at="2025-06-21T14:09:14 EDT" duration-ms="1592" status="PASS">
          <reporter-output>
          </reporter-output>
        </test-method> <!-- browserQuit -->
        <test-method is-config="true" signature="browserLaunch(java.lang.String)[pri:0, instance:Amazon1.TC_3AmazonLoginFail@52bf72b5]" started-at="2025-06-21T14:09:14 EDT" name="browserLaunch" finished-at="2025-06-21T14:09:18 EDT" duration-ms="3238" status="PASS">
          <params>
            <param index="0">
              <value>
                <![CDATA[Chrome]]>
              </value>
            </param>
          </params>
          <reporter-output>
            <line>
              <![CDATA[Chrome browser is launched succesfully]]>
            </line>
          </reporter-output>
        </test-method> <!-- browserLaunch -->
        <test-method retried="true" signature="loginWithInvalidEmail(java.lang.String,java.lang.String)[pri:0, instance:Amazon1.TC_3AmazonLoginFail@52bf72b5]" started-at="2025-06-21T14:09:18 EDT" name="loginWithInvalidEmail" data-provider="loginData1" finished-at="2025-06-21T14:09:46 EDT" duration-ms="28388" status="SKIP">
          <params>
            <param index="0">
              <value>
                <![CDATA[anujagaikwad86@gmail.com]]>
              </value>
            </param>
            <param index="1">
              <value>
                <![CDATA[anuja@89]]>
              </value>
            </param>
          </params>
          <exception class="java.lang.AssertionError">
            <message>
              <![CDATA[expected [true] but found [false]]]>
            </message>
            <full-stacktrace>
              <![CDATA[java.lang.AssertionError: expected [true] but found [false]
at org.testng.Assert.fail(Assert.java:111)
at org.testng.Assert.failNotEquals(Assert.java:1578)
at org.testng.Assert.assertEqualsImpl(Assert.java:150)
at org.testng.Assert.assertEquals(Assert.java:132)
at org.testng.Assert.assertEquals(Assert.java:1067)
at org.testng.Assert.assertEquals(Assert.java:1031)
at org.testng.Assert.assertEquals(Assert.java:1077)
at Amazon1.AmazonHomeLoginPage.verifyAccountInvalid(AmazonHomeLoginPage.java:191)
at Amazon1.TC_3AmazonLoginFail.loginWithInvalidEmail(TC_3AmazonLoginFail.java:33)
at java.base/jdk.internal.reflect.NativeMethodAccessorImpl.invoke0(Native Method)
at java.base/jdk.internal.reflect.NativeMethodAccessorImpl.invoke(NativeMethodAccessorImpl.java:77)
at java.base/jdk.internal.reflect.DelegatingMethodAccessorImpl.invoke(DelegatingMethodAccessorImpl.java:43)
at java.base/java.lang.reflect.Method.invoke(Method.java:568)
at org.testng.internal.invokers.MethodInvocationHelper.invokeMethod(MethodInvocationHelper.java:141)
at org.testng.internal.invokers.TestInvoker.invokeMethod(TestInvoker.java:686)
at org.testng.internal.invokers.TestInvoker.retryFailed(TestInvoker.java:269)
at org.testng.internal.invokers.MethodRunner.runInSequence(MethodRunner.java:76)
at org.testng.internal.invokers.TestInvoker$MethodInvocationAgent.invoke(TestInvoker.java:992)
at org.testng.internal.invokers.TestInvoker.invokeTestMethods(TestInvoker.java:203)
at org.testng.internal.invokers.TestMethodWorker.invokeTestMethods(TestMethodWorker.java:154)
at org.testng.internal.invokers.TestMethodWorker.run(TestMethodWorker.java:134)
at java.base/java.util.ArrayList.forEach(ArrayList.java:1511)
at org.testng.TestRunner.privateRun(TestRunner.java:739)
at org.testng.TestRunner.run(TestRunner.java:614)
at org.testng.SuiteRunner.runTest(SuiteRunner.java:421)
at org.testng.SuiteRunner.runSequentially(SuiteRunner.java:413)
at org.testng.SuiteRunner.privateRun(SuiteRunner.java:373)
at org.testng.SuiteRunner.run(SuiteRunner.java:312)
at org.testng.SuiteRunnerWorker.runSuite(SuiteRunnerWorker.java:52)
at org.testng.SuiteRunnerWorker.run(SuiteRunnerWorker.java:95)
at org.testng.TestNG.runSuitesSequentially(TestNG.java:1274)
at org.testng.TestNG.runSuitesLocally(TestNG.java:1208)
at org.testng.TestNG.runSuites(TestNG.java:1112)
at org.testng.TestNG.run(TestNG.java:1079)
at org.apache.maven.surefire.testng.TestNGExecutor.run(TestNGExecutor.java:308)
at org.apache.maven.surefire.testng.TestNGXmlTestSuite.execute(TestNGXmlTestSuite.java:71)
at org.apache.maven.surefire.testng.TestNGProvider.invoke(TestNGProvider.java:113)
at org.apache.maven.surefire.booter.ForkedBooter.runSuitesInProcess(ForkedBooter.java:385)
at org.apache.maven.surefire.booter.ForkedBooter.execute(ForkedBooter.java:162)
at org.apache.maven.surefire.booter.ForkedBooter.run(ForkedBooter.java:507)
at org.apache.maven.surefire.booter.ForkedBooter.main(ForkedBooter.java:495)
]]>
            </full-stacktrace>
          </exception> <!-- java.lang.AssertionError -->
          <reporter-output>
            <line>
              <![CDATA[Exception is handaled]]>
            </line>
            <line>
              <![CDATA[Invalid Username is entered]]>
            </line>
            <line>
              <![CDATA[Invalid Password is entered]]>
            </line>
            <line>
              <![CDATA[Exception is Handeled]]>
            </line>
          </reporter-output>
        </test-method> <!-- loginWithInvalidEmail -->
        <test-method is-config="true" signature="browserQuit()[pri:0, instance:Amazon1.TC_3AmazonLoginFail@52bf72b5]" started-at="2025-06-21T14:09:46 EDT" name="browserQuit" finished-at="2025-06-21T14:09:48 EDT" duration-ms="1804" status="PASS">
          <reporter-output>
          </reporter-output>
        </test-method> <!-- browserQuit -->
        <test-method is-config="true" signature="browserLaunch(java.lang.String)[pri:0, instance:Amazon1.TC_3AmazonLoginFail@52bf72b5]" started-at="2025-06-21T14:09:48 EDT" name="browserLaunch" finished-at="2025-06-21T14:09:49 EDT" duration-ms="1554" status="PASS">
          <params>
            <param index="0">
              <value>
                <![CDATA[Chrome]]>
              </value>
            </param>
          </params>
          <reporter-output>
            <line>
              <![CDATA[Chrome browser is launched succesfully]]>
            </line>
          </reporter-output>
        </test-method> <!-- browserLaunch -->
        <test-method signature="loginWithInvalidEmail(java.lang.String,java.lang.String)[pri:0, instance:Amazon1.TC_3AmazonLoginFail@52bf72b5]" started-at="2025-06-21T14:09:49 EDT" name="loginWithInvalidEmail" data-provider="loginData1" finished-at="2025-06-21T14:10:09 EDT" duration-ms="19912" status="FAIL">
          <params>
            <param index="0">
              <value>
                <![CDATA[anujagaikwad86@gmail.com]]>
              </value>
            </param>
            <param index="1">
              <value>
                <![CDATA[anuja@89]]>
              </value>
            </param>
          </params>
          <exception class="java.lang.AssertionError">
            <message>
              <![CDATA[expected [true] but found [false]]]>
            </message>
            <full-stacktrace>
              <![CDATA[java.lang.AssertionError: expected [true] but found [false]
at org.testng.Assert.fail(Assert.java:111)
at org.testng.Assert.failNotEquals(Assert.java:1578)
at org.testng.Assert.assertEqualsImpl(Assert.java:150)
at org.testng.Assert.assertEquals(Assert.java:132)
at org.testng.Assert.assertEquals(Assert.java:1067)
at org.testng.Assert.assertEquals(Assert.java:1031)
at org.testng.Assert.assertEquals(Assert.java:1077)
at Amazon1.AmazonHomeLoginPage.verifyAccountInvalid(AmazonHomeLoginPage.java:191)
at Amazon1.TC_3AmazonLoginFail.loginWithInvalidEmail(TC_3AmazonLoginFail.java:33)
at java.base/jdk.internal.reflect.NativeMethodAccessorImpl.invoke0(Native Method)
at java.base/jdk.internal.reflect.NativeMethodAccessorImpl.invoke(NativeMethodAccessorImpl.java:77)
at java.base/jdk.internal.reflect.DelegatingMethodAccessorImpl.invoke(DelegatingMethodAccessorImpl.java:43)
at java.base/java.lang.reflect.Method.invoke(Method.java:568)
at org.testng.internal.invokers.MethodInvocationHelper.invokeMethod(MethodInvocationHelper.java:141)
at org.testng.internal.invokers.TestInvoker.invokeMethod(TestInvoker.java:686)
at org.testng.internal.invokers.TestInvoker.retryFailed(TestInvoker.java:269)
at org.testng.internal.invokers.MethodRunner.runInSequence(MethodRunner.java:76)
at org.testng.internal.invokers.TestInvoker$MethodInvocationAgent.invoke(TestInvoker.java:992)
at org.testng.internal.invokers.TestInvoker.invokeTestMethods(TestInvoker.java:203)
at org.testng.internal.invokers.TestMethodWorker.invokeTestMethods(TestMethodWorker.java:154)
at org.testng.internal.invokers.TestMethodWorker.run(TestMethodWorker.java:134)
at java.base/java.util.ArrayList.forEach(ArrayList.java:1511)
at org.testng.TestRunner.privateRun(TestRunner.java:739)
at org.testng.TestRunner.run(TestRunner.java:614)
at org.testng.SuiteRunner.runTest(SuiteRunner.java:421)
at org.testng.SuiteRunner.runSequentially(SuiteRunner.java:413)
at org.testng.SuiteRunner.privateRun(SuiteRunner.java:373)
at org.testng.SuiteRunner.run(SuiteRunner.java:312)
at org.testng.SuiteRunnerWorker.runSuite(SuiteRunnerWorker.java:52)
at org.testng.SuiteRunnerWorker.run(SuiteRunnerWorker.java:95)
at org.testng.TestNG.runSuitesSequentially(TestNG.java:1274)
at org.testng.TestNG.runSuitesLocally(TestNG.java:1208)
at org.testng.TestNG.runSuites(TestNG.java:1112)
at org.testng.TestNG.run(TestNG.java:1079)
at org.apache.maven.surefire.testng.TestNGExecutor.run(TestNGExecutor.java:308)
at org.apache.maven.surefire.testng.TestNGXmlTestSuite.execute(TestNGXmlTestSuite.java:71)
at org.apache.maven.surefire.testng.TestNGProvider.invoke(TestNGProvider.java:113)
at org.apache.maven.surefire.booter.ForkedBooter.runSuitesInProcess(ForkedBooter.java:385)
at org.apache.maven.surefire.booter.ForkedBooter.execute(ForkedBooter.java:162)
at org.apache.maven.surefire.booter.ForkedBooter.run(ForkedBooter.java:507)
at org.apache.maven.surefire.booter.ForkedBooter.main(ForkedBooter.java:495)
]]>
            </full-stacktrace>
          </exception> <!-- java.lang.AssertionError -->
          <reporter-output>
            <line>
              <![CDATA[Invalid Username is entered]]>
            </line>
            <line>
              <![CDATA[Invalid Password is entered]]>
            </line>
            <line>
              <![CDATA[Exception is Handeled]]>
            </line>
            <line>
              <![CDATA[Test case failed: loginWithInvalidEmail]]>
            </line>
          </reporter-output>
        </test-method> <!-- loginWithInvalidEmail -->
        <test-method is-config="true" signature="browserQuit()[pri:0, instance:Amazon1.TC_3AmazonLoginFail@52bf72b5]" started-at="2025-06-21T14:10:09 EDT" name="browserQuit" finished-at="2025-06-21T14:10:11 EDT" duration-ms="1586" status="PASS">
          <reporter-output>
          </reporter-output>
        </test-method> <!-- browserQuit -->
      </class> <!-- Amazon1.TC_3AmazonLoginFail -->
      <class name="Amazon1.TC_11Checkout_AddressSelection">
        <test-method is-config="true" signature="browserLaunch(java.lang.String)[pri:0, instance:Amazon1.TC_11Checkout_AddressSelection@5c5eefef]" started-at="2025-06-21T14:38:51 EDT" name="browserLaunch" finished-at="2025-06-21T14:38:54 EDT" duration-ms="2617" status="PASS">
          <params>
            <param index="0">
              <value>
                <![CDATA[Chrome]]>
              </value>
            </param>
          </params>
          <reporter-output>
            <line>
              <![CDATA[Chrome browser is launched succesfully]]>
            </line>
          </reporter-output>
        </test-method> <!-- browserLaunch -->
        <test-method signature="selectingAddressPaymentMethod(java.lang.String,java.lang.String)[pri:0, instance:Amazon1.TC_11Checkout_AddressSelection@5c5eefef]" started-at="2025-06-21T14:38:54 EDT" name="selectingAddressPaymentMethod" data-provider="loginData1" finished-at="2025-06-21T14:42:10 EDT" duration-ms="196171" status="FAIL">
          <params>
            <param index="0">
              <value>
                <![CDATA[]]>
              </value>
            </param>
            <param index="1">
              <value>
                <![CDATA[]]>
              </value>
            </param>
          </params>
          <exception class="java.lang.NullPointerException">
            <message>
              <![CDATA[Cannot invoke "org.openqa.selenium.WebDriver.getClass()" because "exceptionDriver" is null]]>
            </message>
            <full-stacktrace>
              <![CDATA[java.lang.NullPointerException: Cannot invoke "org.openqa.selenium.WebDriver.getClass()" because "exceptionDriver" is null
at org.openqa.selenium.support.ui.WebDriverWait.timeoutException(WebDriverWait.java:85)
at org.openqa.selenium.support.ui.FluentWait.until(FluentWait.java:228)
at Amazon1.AmazonProductDetailPage.clickdecreasequantity(AmazonProductDetailPage.java:146)
at Amazon1.TC_11Checkout_AddressSelection.selectingAddressPaymentMethod(TC_11Checkout_AddressSelection.java:41)
at java.base/jdk.internal.reflect.NativeMethodAccessorImpl.invoke0(Native Method)
at java.base/jdk.internal.reflect.NativeMethodAccessorImpl.invoke(NativeMethodAccessorImpl.java:77)
at java.base/jdk.internal.reflect.DelegatingMethodAccessorImpl.invoke(DelegatingMethodAccessorImpl.java:43)
at java.base/java.lang.reflect.Method.invoke(Method.java:568)
at org.testng.internal.invokers.MethodInvocationHelper.invokeMethod(MethodInvocationHelper.java:141)
at org.testng.internal.invokers.TestInvoker.invokeMethod(TestInvoker.java:686)
at org.testng.internal.invokers.TestInvoker.invokeTestMethod(TestInvoker.java:230)
at org.testng.internal.invokers.MethodRunner.runInSequence(MethodRunner.java:63)
at org.testng.internal.invokers.TestInvoker$MethodInvocationAgent.invoke(TestInvoker.java:992)
at org.testng.internal.invokers.TestInvoker.invokeTestMethods(TestInvoker.java:203)
at org.testng.internal.invokers.TestMethodWorker.invokeTestMethods(TestMethodWorker.java:154)
at org.testng.internal.invokers.TestMethodWorker.run(TestMethodWorker.java:134)
at java.base/java.util.ArrayList.forEach(ArrayList.java:1511)
at org.testng.TestRunner.privateRun(TestRunner.java:739)
at org.testng.TestRunner.run(TestRunner.java:614)
at org.testng.SuiteRunner.runTest(SuiteRunner.java:421)
at org.testng.SuiteRunner.runSequentially(SuiteRunner.java:413)
at org.testng.SuiteRunner.privateRun(SuiteRunner.java:373)
at org.testng.SuiteRunner.run(SuiteRunner.java:312)
at org.testng.SuiteRunnerWorker.runSuite(SuiteRunnerWorker.java:52)
at org.testng.SuiteRunnerWorker.run(SuiteRunnerWorker.java:95)
at org.testng.TestNG.runSuitesSequentially(TestNG.java:1274)
at org.testng.TestNG.runSuitesLocally(TestNG.java:1208)
at org.testng.TestNG.runSuites(TestNG.java:1112)
at org.testng.TestNG.run(TestNG.java:1079)
at org.apache.maven.surefire.testng.TestNGExecutor.run(TestNGExecutor.java:308)
at org.apache.maven.surefire.testng.TestNGXmlTestSuite.execute(TestNGXmlTestSuite.java:71)
at org.apache.maven.surefire.testng.TestNGProvider.invoke(TestNGProvider.java:113)
at org.apache.maven.surefire.booter.ForkedBooter.runSuitesInProcess(ForkedBooter.java:385)
at org.apache.maven.surefire.booter.ForkedBooter.execute(ForkedBooter.java:162)
at org.apache.maven.surefire.booter.ForkedBooter.run(ForkedBooter.java:507)
at org.apache.maven.surefire.booter.ForkedBooter.main(ForkedBooter.java:495)
]]>
            </full-stacktrace>
          </exception> <!-- java.lang.NullPointerException -->
          <reporter-output>
            <line>
              <![CDATA[Exception is handaled]]>
            </line>
            <line>
              <![CDATA[Exception is Handeled]]>
            </line>
            <line>
              <![CDATA[Exception is Handeled]]>
            </line>
            <line>
              <![CDATA[Exception is Handeled]]>
            </line>
            <line>
              <![CDATA[Exception is Handeled]]>
            </line>
            <line>
              <![CDATA[Exception is Handaled]]>
            </line>
            <line>
              <![CDATA[Exception is handaled]]>
            </line>
            <line>
              <![CDATA[Exception is handeled]]>
            </line>
            <line>
              <![CDATA[Test case failed: selectingAddressPaymentMethod]]>
            </line>
          </reporter-output>
        </test-method> <!-- selectingAddressPaymentMethod -->
        <test-method is-config="true" signature="browserQuit()[pri:0, instance:Amazon1.TC_11Checkout_AddressSelection@5c5eefef]" started-at="2025-06-21T14:42:10 EDT" name="browserQuit" finished-at="2025-06-21T14:42:10 EDT" duration-ms="777" status="PASS">
          <reporter-output>
          </reporter-output>
        </test-method> <!-- browserQuit -->
        <test-method is-config="true" signature="browserLaunch(java.lang.String)[pri:0, instance:Amazon1.TC_11Checkout_AddressSelection@5c5eefef]" started-at="2025-06-21T14:42:11 EDT" name="browserLaunch" finished-at="2025-06-21T14:42:13 EDT" duration-ms="2316" status="PASS">
          <params>
            <param index="0">
              <value>
                <![CDATA[Chrome]]>
              </value>
            </param>
          </params>
          <reporter-output>
            <line>
              <![CDATA[Chrome browser is launched succesfully]]>
            </line>
          </reporter-output>
        </test-method> <!-- browserLaunch -->
        <test-method signature="selectingAddressPaymentMethod(java.lang.String,java.lang.String)[pri:0, instance:Amazon1.TC_11Checkout_AddressSelection@5c5eefef]" started-at="2025-06-21T14:42:13 EDT" name="selectingAddressPaymentMethod" data-provider="loginData1" finished-at="2025-06-21T14:43:26 EDT" duration-ms="73104" status="PASS">
          <params>
            <param index="0">
              <value>
                <![CDATA[anujagaikwad86@gmail.com]]>
              </value>
            </param>
            <param index="1">
              <value>
                <![CDATA[anuja@89]]>
              </value>
            </param>
          </params>
          <reporter-output>
            <line>
              <![CDATA[Exception is handaled]]>
            </line>
            <line>
              <![CDATA[Exception is Handeled]]>
            </line>
            <line>
              <![CDATA[Exception is Handaled]]>
            </line>
            <line>
              <![CDATA[Exception is handeled]]>
            </line>
            <line>
              <![CDATA[Exception is handeled]]>
            </line>
            <line>
              <![CDATA[Test case passed: selectingAddressPaymentMethod]]>
            </line>
          </reporter-output>
        </test-method> <!-- selectingAddressPaymentMethod -->
        <test-method is-config="true" signature="browserQuit()[pri:0, instance:Amazon1.TC_11Checkout_AddressSelection@5c5eefef]" started-at="2025-06-21T14:43:26 EDT" name="browserQuit" finished-at="2025-06-21T14:43:29 EDT" duration-ms="2880" status="PASS">
          <reporter-output>
          </reporter-output>
        </test-method> <!-- browserQuit -->
      </class> <!-- Amazon1.TC_11Checkout_AddressSelection -->
      <class name="Amazon1.TC_9AddToCart">
        <test-method is-config="true" signature="browserLaunch(java.lang.String)[pri:0, instance:Amazon1.TC_9AddToCart@6ae5aa72]" started-at="2025-06-21T14:31:47 EDT" name="browserLaunch" finished-at="2025-06-21T14:31:51 EDT" duration-ms="3224" status="PASS">
          <params>
            <param index="0">
              <value>
                <![CDATA[Chrome]]>
              </value>
            </param>
          </params>
          <reporter-output>
            <line>
              <![CDATA[Chrome browser is launched succesfully]]>
            </line>
          </reporter-output>
        </test-method> <!-- browserLaunch -->
        <test-method signature="loginwithDDT(java.lang.String,java.lang.String)[pri:0, instance:Amazon1.TC_9AddToCart@6ae5aa72]" started-at="2025-06-21T14:31:51 EDT" name="loginwithDDT" data-provider="loginData1" finished-at="2025-06-21T14:34:15 EDT" duration-ms="144437" status="PASS">
          <params>
            <param index="0">
              <value>
                <![CDATA[]]>
              </value>
            </param>
            <param index="1">
              <value>
                <![CDATA[]]>
              </value>
            </param>
          </params>
          <reporter-output>
            <line>
              <![CDATA[Exception is handaled]]>
            </line>
            <line>
              <![CDATA[Exception is Handeled]]>
            </line>
            <line>
              <![CDATA[Exception is Handeled]]>
            </line>
            <line>
              <![CDATA[Exception is Handeled]]>
            </line>
            <line>
              <![CDATA[Exception is Handeled]]>
            </line>
            <line>
              <![CDATA[Exception is Handaled]]>
            </line>
            <line>
              <![CDATA[Exception is handaled]]>
            </line>
            <line>
              <![CDATA[Test case passed: loginwithDDT]]>
            </line>
          </reporter-output>
        </test-method> <!-- loginwithDDT -->
        <test-method is-config="true" signature="browserQuit()[pri:0, instance:Amazon1.TC_9AddToCart@6ae5aa72]" started-at="2025-06-21T14:34:15 EDT" name="browserQuit" finished-at="2025-06-21T14:34:16 EDT" duration-ms="759" status="PASS">
          <reporter-output>
          </reporter-output>
        </test-method> <!-- browserQuit -->
        <test-method is-config="true" signature="browserLaunch(java.lang.String)[pri:0, instance:Amazon1.TC_9AddToCart@6ae5aa72]" started-at="2025-06-21T14:34:16 EDT" name="browserLaunch" finished-at="2025-06-21T14:34:18 EDT" duration-ms="2091" status="PASS">
          <params>
            <param index="0">
              <value>
                <![CDATA[Chrome]]>
              </value>
            </param>
          </params>
          <reporter-output>
            <line>
              <![CDATA[Chrome browser is launched succesfully]]>
            </line>
          </reporter-output>
        </test-method> <!-- browserLaunch -->
        <test-method signature="loginwithDDT(java.lang.String,java.lang.String)[pri:0, instance:Amazon1.TC_9AddToCart@6ae5aa72]" started-at="2025-06-21T14:34:18 EDT" name="loginwithDDT" data-provider="loginData1" finished-at="2025-06-21T14:34:47 EDT" duration-ms="28649" status="PASS">
          <params>
            <param index="0">
              <value>
                <![CDATA[anujagaikwad86@gmail.com]]>
              </value>
            </param>
            <param index="1">
              <value>
                <![CDATA[anuja@89]]>
              </value>
            </param>
          </params>
          <reporter-output>
            <line>
              <![CDATA[Exception is Handeled]]>
            </line>
            <line>
              <![CDATA[Exception is Handaled]]>
            </line>
            <line>
              <![CDATA[Test case passed: loginwithDDT]]>
            </line>
          </reporter-output>
        </test-method> <!-- loginwithDDT -->
        <test-method is-config="true" signature="browserQuit()[pri:0, instance:Amazon1.TC_9AddToCart@6ae5aa72]" started-at="2025-06-21T14:34:47 EDT" name="browserQuit" finished-at="2025-06-21T14:34:49 EDT" duration-ms="2157" status="PASS">
          <reporter-output>
          </reporter-output>
        </test-method> <!-- browserQuit -->
      </class> <!-- Amazon1.TC_9AddToCart -->
      <class name="Amazon1.TC_15GoToCartWithOutLogin">
        <test-method is-config="true" signature="browserLaunch(java.lang.String)[pri:0, instance:Amazon1.TC_15GoToCartWithOutLogin@72d1ad2e]" started-at="2025-06-21T14:57:16 EDT" name="browserLaunch" finished-at="2025-06-21T14:57:20 EDT" duration-ms="3279" status="PASS">
          <params>
            <param index="0">
              <value>
                <![CDATA[Chrome]]>
              </value>
            </param>
          </params>
          <reporter-output>
            <line>
              <![CDATA[Chrome browser is launched succesfully]]>
            </line>
          </reporter-output>
        </test-method> <!-- browserLaunch -->
        <test-method signature="GoingToCartwithoutLogin()[pri:0, instance:Amazon1.TC_15GoToCartWithOutLogin@72d1ad2e]" started-at="2025-06-21T14:57:20 EDT" name="GoingToCartwithoutLogin" finished-at="2025-06-21T14:57:44 EDT" duration-ms="24923" status="PASS">
          <reporter-output>
            <line>
              <![CDATA[Exception is handaled]]>
            </line>
            <line>
              <![CDATA[Exception is Handaled]]>
            </line>
            <line>
              <![CDATA[Test case passed: GoingToCartwithoutLogin]]>
            </line>
          </reporter-output>
        </test-method> <!-- GoingToCartwithoutLogin -->
        <test-method is-config="true" signature="browserQuit()[pri:0, instance:Amazon1.TC_15GoToCartWithOutLogin@72d1ad2e]" started-at="2025-06-21T14:57:44 EDT" name="browserQuit" finished-at="2025-06-21T14:57:46 EDT" duration-ms="1730" status="PASS">
          <reporter-output>
          </reporter-output>
        </test-method> <!-- browserQuit -->
      </class> <!-- Amazon1.TC_15GoToCartWithOutLogin -->
      <class name="Amazon1.TC_7ProductPageInfo">
        <test-method is-config="true" signature="browserLaunch(java.lang.String)[pri:0, instance:Amazon1.TC_7ProductPageInfo@245b4bdc]" started-at="2025-06-21T14:25:19 EDT" name="browserLaunch" finished-at="2025-06-21T14:25:22 EDT" duration-ms="3455" status="PASS">
          <params>
            <param index="0">
              <value>
                <![CDATA[Chrome]]>
              </value>
            </param>
          </params>
          <reporter-output>
            <line>
              <![CDATA[Chrome browser is launched succesfully]]>
            </line>
          </reporter-output>
        </test-method> <!-- browserLaunch -->
        <test-method signature="loginwithDDT(java.lang.String,java.lang.String)[pri:0, instance:Amazon1.TC_7ProductPageInfo@245b4bdc]" started-at="2025-06-21T14:25:22 EDT" name="loginwithDDT" data-provider="loginData1" finished-at="2025-06-21T14:28:07 EDT" duration-ms="164685" status="PASS">
          <params>
            <param index="0">
              <value>
                <![CDATA[]]>
              </value>
            </param>
            <param index="1">
              <value>
                <![CDATA[]]>
              </value>
            </param>
          </params>
          <reporter-output>
            <line>
              <![CDATA[Exception is handaled]]>
            </line>
            <line>
              <![CDATA[Exception is Handeled]]>
            </line>
            <line>
              <![CDATA[Exception is Handeled]]>
            </line>
            <line>
              <![CDATA[Exception is Handeled]]>
            </line>
            <line>
              <![CDATA[Exception is Handeled]]>
            </line>
            <line>
              <![CDATA[Exception is Handaled]]>
            </line>
            <line>
              <![CDATA[Test case passed: loginwithDDT]]>
            </line>
          </reporter-output>
        </test-method> <!-- loginwithDDT -->
        <test-method is-config="true" signature="browserQuit()[pri:0, instance:Amazon1.TC_7ProductPageInfo@245b4bdc]" started-at="2025-06-21T14:28:07 EDT" name="browserQuit" finished-at="2025-06-21T14:28:08 EDT" duration-ms="1220" status="PASS">
          <reporter-output>
          </reporter-output>
        </test-method> <!-- browserQuit -->
        <test-method is-config="true" signature="browserLaunch(java.lang.String)[pri:0, instance:Amazon1.TC_7ProductPageInfo@245b4bdc]" started-at="2025-06-21T14:28:08 EDT" name="browserLaunch" finished-at="2025-06-21T14:28:11 EDT" duration-ms="2200" status="PASS">
          <params>
            <param index="0">
              <value>
                <![CDATA[Chrome]]>
              </value>
            </param>
          </params>
          <reporter-output>
            <line>
              <![CDATA[Chrome browser is launched succesfully]]>
            </line>
          </reporter-output>
        </test-method> <!-- browserLaunch -->
        <test-method signature="loginwithDDT(java.lang.String,java.lang.String)[pri:0, instance:Amazon1.TC_7ProductPageInfo@245b4bdc]" started-at="2025-06-21T14:28:11 EDT" name="loginwithDDT" data-provider="loginData1" finished-at="2025-06-21T14:28:46 EDT" duration-ms="35544" status="PASS">
          <params>
            <param index="0">
              <value>
                <![CDATA[anujagaikwad86@gmail.com]]>
              </value>
            </param>
            <param index="1">
              <value>
                <![CDATA[anuja@89]]>
              </value>
            </param>
          </params>
          <reporter-output>
            <line>
              <![CDATA[Exception is handaled]]>
            </line>
            <line>
              <![CDATA[Exception is Handeled]]>
            </line>
            <line>
              <![CDATA[Exception is Handaled]]>
            </line>
            <line>
              <![CDATA[Product discription is Displayed]]>
            </line>
            <line>
              <![CDATA[Customer Reviews is Displayed]]>
            </line>
            <line>
              <![CDATA[Product price is Displayed]]>
            </line>
            <line>
              <![CDATA[Test case passed: loginwithDDT]]>
            </line>
          </reporter-output>
        </test-method> <!-- loginwithDDT -->
        <test-method is-config="true" signature="browserQuit()[pri:0, instance:Amazon1.TC_7ProductPageInfo@245b4bdc]" started-at="2025-06-21T14:28:46 EDT" name="browserQuit" finished-at="2025-06-21T14:28:49 EDT" duration-ms="3447" status="PASS">
          <reporter-output>
          </reporter-output>
        </test-method> <!-- browserQuit -->
      </class> <!-- Amazon1.TC_7ProductPageInfo -->
    </test> <!-- Test -->
  </suite> <!-- Suite -->
</testng-results>
