<?xml version="1.0" encoding="UTF-8"?>
<!-- Generated by org.testng.reporters.JUnitReportReporter -->
<testsuite hostname="DESKTOP-2B05C2G" failures="0" tests="3" name="Amazon1.TC_3AmazonLoginFail" time="175.553" errors="1" timestamp="2025-06-22T13:25:56 EDT" skipped="2">
  <testcase classname="Amazon1.TC_3AmazonLoginFail" name="loginWithInvalidEmail" time="60.702">
    <skipped/>
    <system-out>
      <![CDATA[Exception is handaled
Invalid Username is entered
Invalid Password is entered
Exception is Handeled]]>
    </system-out>
  </testcase> <!-- loginWithInvalidEmail -->
  <testcase classname="Amazon1.TC_3AmazonLoginFail" name="loginWithInvalidEmail" time="51.710">
    <error message="Cannot invoke &quot;org.openqa.selenium.WebDriver.getClass()&quot; because &quot;exceptionDriver&quot; is null" type="java.lang.NullPointerException">
      <![CDATA[java.lang.NullPointerException: Cannot invoke "org.openqa.selenium.WebDriver.getClass()" because "exceptionDriver" is null
at org.openqa.selenium.support.ui.WebDriverWait.timeoutException(WebDriverWait.java:85)
at org.openqa.selenium.support.ui.FluentWait.until(FluentWait.java:228)
at Amazon1.AmazonHomeLoginPage.verifyAccountInvalid(AmazonHomeLoginPage.java:190)
at Amazon1.TC_3AmazonLoginFail.loginWithInvalidEmail(TC_3AmazonLoginFail.java:30)
at java.base/jdk.internal.reflect.NativeMethodAccessorImpl.invoke0(Native Method)
at java.base/jdk.internal.reflect.NativeMethodAccessorImpl.invoke(NativeMethodAccessorImpl.java:77)
at java.base/jdk.internal.reflect.DelegatingMethodAccessorImpl.invoke(DelegatingMethodAccessorImpl.java:43)
at java.base/java.lang.reflect.Method.invoke(Method.java:568)
at org.testng.internal.invokers.MethodInvocationHelper.invokeMethod(MethodInvocationHelper.java:141)
at org.testng.internal.invokers.TestInvoker.invokeMethod(TestInvoker.java:687)
at org.testng.internal.invokers.TestInvoker.retryFailed(TestInvoker.java:269)
at org.testng.internal.invokers.MethodRunner.runInSequence(MethodRunner.java:76)
at org.testng.internal.invokers.TestInvoker$MethodInvocationAgent.invoke(TestInvoker.java:995)
at org.testng.internal.invokers.TestInvoker.invokeTestMethods(TestInvoker.java:203)
at org.testng.internal.invokers.TestMethodWorker.invokeTestMethods(TestMethodWorker.java:154)
at org.testng.internal.invokers.TestMethodWorker.run(TestMethodWorker.java:134)
at java.base/java.util.concurrent.Executors$RunnableAdapter.call(Executors.java:539)
at java.base/java.util.concurrent.FutureTask.run(FutureTask.java:264)
at org.testng.internal.thread.graph.TestNGFutureTask.run(TestNGFutureTask.java:22)
at java.base/java.util.concurrent.ThreadPoolExecutor.runWorker(ThreadPoolExecutor.java:1136)
at java.base/java.util.concurrent.ThreadPoolExecutor$Worker.run(ThreadPoolExecutor.java:635)
at java.base/java.lang.Thread.run(Thread.java:842)
]]>
    </error>
    <system-out>
      <![CDATA[Invalid Username is entered
Invalid Password is entered
Exception is Handeled
Test case failed: loginWithInvalidEmail]]>
    </system-out>
  </testcase> <!-- loginWithInvalidEmail -->
  <testcase classname="Amazon1.TC_3AmazonLoginFail" name="loginWithInvalidEmail" time="63.141">
    <skipped/>
    <system-out>
      <![CDATA[Exception is handaled
Invalid Username is entered
Invalid Password is entered
Exception is Handeled]]>
    </system-out>
  </testcase> <!-- loginWithInvalidEmail -->
  <system-out>
    <![CDATA[Test execution started - Listener
Test case failed: registration
Chrome browser is launched succesfully
Test execution started - Listener
Test case failed: registration
Chrome browser is launched succesfully
Exception is handaled
Invalid Username is entered
Invalid Password is entered
Exception is Handeled
Exception is Handeled
Exception is Handeled
Chrome browser is launched succesfully
Exception is handaled
Invalid Username is entered
Invalid Password is entered
Exception is Handeled
Test case passed: loginwithDDT
Exception is Handeled
Chrome browser is launched succesfully
Invalid Username is entered
Invalid Password is entered
Exception is Handeled
Test case failed: loginWithInvalidEmail]]>
  </system-out>
</testsuite> <!-- Amazon1.TC_3AmazonLoginFail -->
