<?xml version="1.0" encoding="UTF-8"?>
<!-- Generated by org.testng.reporters.JUnitReportReporter -->
<testsuite hostname="DESKTOP-2B05C2G" failures="0" tests="1" name="Amazon1.TC_1AmazonRegistration" time="24.278" errors="1" timestamp="2025-07-03T13:22:20 EDT" skipped="0">
  <testcase classname="Amazon1.TC_1AmazonRegistration" name="registration" time="24.278">
    <error message="Cannot invoke &quot;org.openqa.selenium.WebDriver.getClass()&quot; because &quot;exceptionDriver&quot; is null" type="java.lang.NullPointerException">
      <![CDATA[java.lang.NullPointerException: Cannot invoke "org.openqa.selenium.WebDriver.getClass()" because "exceptionDriver" is null
at org.openqa.selenium.support.ui.WebDriverWait.timeoutException(WebDriverWait.java:85)
at org.openqa.selenium.support.ui.FluentWait.until(FluentWait.java:228)
at Amazon1.AmazonRegiPage.mobileverification(AmazonRegiPage.java:50)
at Amazon1.TC_1AmazonRegistration.registration(TC_1AmazonRegistration.java:22)
at java.base/jdk.internal.reflect.NativeMethodAccessorImpl.invoke0(Native Method)
at java.base/jdk.internal.reflect.NativeMethodAccessorImpl.invoke(NativeMethodAccessorImpl.java:77)
at java.base/jdk.internal.reflect.DelegatingMethodAccessorImpl.invoke(DelegatingMethodAccessorImpl.java:43)
at java.base/java.lang.reflect.Method.invoke(Method.java:568)
at org.testng.internal.invokers.MethodInvocationHelper.invokeMethod(MethodInvocationHelper.java:141)
at org.testng.internal.invokers.TestInvoker.invokeMethod(TestInvoker.java:687)
at org.testng.internal.invokers.TestInvoker.invokeTestMethod(TestInvoker.java:230)
at org.testng.internal.invokers.MethodRunner.runInSequence(MethodRunner.java:63)
at org.testng.internal.invokers.TestInvoker$MethodInvocationAgent.invoke(TestInvoker.java:995)
at org.testng.internal.invokers.TestInvoker.invokeTestMethods(TestInvoker.java:203)
at org.testng.internal.invokers.TestMethodWorker.invokeTestMethods(TestMethodWorker.java:154)
at org.testng.internal.invokers.TestMethodWorker.run(TestMethodWorker.java:134)
at java.base/java.util.ArrayList.forEach(ArrayList.java:1511)
at org.testng.TestRunner.privateRun(TestRunner.java:741)
at org.testng.TestRunner.run(TestRunner.java:616)
at org.testng.SuiteRunner.runTest(SuiteRunner.java:421)
at org.testng.SuiteRunner.runSequentially(SuiteRunner.java:413)
at org.testng.SuiteRunner.privateRun(SuiteRunner.java:373)
at org.testng.SuiteRunner.run(SuiteRunner.java:312)
at org.testng.SuiteRunnerWorker.runSuite(SuiteRunnerWorker.java:52)
at org.testng.SuiteRunnerWorker.run(SuiteRunnerWorker.java:95)
at org.testng.TestNG.runSuitesSequentially(TestNG.java:1274)
at org.testng.TestNG.runSuitesLocally(TestNG.java:1208)
at org.testng.TestNG.runSuites(TestNG.java:1112)
at org.testng.TestNG.run(TestNG.java:1079)
at org.testng.remote.AbstractRemoteTestNG.run(AbstractRemoteTestNG.java:115)
at org.testng.remote.RemoteTestNG.initAndRun(RemoteTestNG.java:293)
at org.testng.remote.RemoteTestNG.main(RemoteTestNG.java:91)
]]>
    </error>
    <system-out>
      <![CDATA[Test case failed: registration]]>
    </system-out>
  </testcase> <!-- registration -->
  <system-out>
    <![CDATA[Test execution started - Listener
Edge browser is launched succesfully
Test case passed: loginwithDDT
Driver is null so screenshot not captured
Edge browser is launched succesfully
Invalid Username is entered
Invalid Password is entered
Login with invalid credentials:Solve this puzzle to protect your account
Test case passed: loginWithInvalidEmail
Driver is null so screenshot not captured
Edge browser is launched succesfully
Test case passed: loginwithDDT
Driver is null so screenshot not captured
Edge browser is launched succesfully
Test case passed: loginwithDDT
Driver is null so screenshot not captured
Edge browser is launched succesfully
Shoetopia is selected
Clear  price is selected
Test case passed: applyingFilters
Driver is null so screenshot not captured
Edge browser is launched succesfully
Product discription is Displayed
Customer Reviews is Displayed
Product price is Displayed
Test case passed: loginwithDDT
Driver is null so screenshot not captured
Edge browser is launched succesfully
Test case passed: loginwithDDT
Driver is null so screenshot not captured
Edge browser is launched succesfully
Test case passed: loginwithDDT
Driver is null so screenshot not captured
Edge browser is launched succesfully
Product Added To Cart
Cart count After product added to the cart: 5
Cart count Before increasing quantity: 5
Cart count After product deleted to the cart: 0
Test case passed: addRemoveproduct
Driver is null so screenshot not captured
Edge browser is launched succesfully
Edge browser is launched succesfully
Edge browser is launched succesfully
Test case failed: selectingAddressPaymentMethod
Edge browser is launched succesfully
Edge browser is launched succesfully
Edge browser is launched succesfully
Test case failed: paymentMethodValidation
Edge browser is launched succesfully
Test case passed: givingRatingforLastOrder
Driver is null so screenshot not captured
Edge browser is launched succesfully
Test case passed: GoingToCartwithoutLogin
Driver is null so screenshot not captured
Test case failed: registration
Edge browser is launched succesfully
Edge browser is launched succesfully
Edge browser is launched succesfully
Test case failed: OrderingProuctWithCoupenCode]]>
  </system-out>
</testsuite> <!-- Amazon1.TC_1AmazonRegistration -->
