<?xml version="1.0" encoding="UTF-8"?>
<!-- Generated by org.testng.reporters.JUnitReportReporter -->
<testsuite hostname="DESKTOP-2B05C2G" failures="0" tests="1" name="Amazon1.TC_1AmazonRegistration" time="0.918" errors="1" timestamp="2025-06-22T13:08:33 EDT" skipped="0">
  <testcase classname="Amazon1.TC_1AmazonRegistration" name="registration" time="0.918">
    <error message="
[public void Amazon1.TC_1AmazonRegistration.registration(java.lang.String,java.lang.String,java.lang.String,java.lang.String) throws java.lang.InterruptedException] has no parameters defined but was found to be using a data provider (either explicitly specified or inherited from class level annotation).
Data provider mismatch
Method: registration([java.lang.String arg0, java.lang.String arg1, java.lang.String arg2, java.lang.String arg3])
Arguments: [(java.lang.String) ,(java.lang.String) 0,(java.lang.String) ]" type="org.testng.internal.reflect.MethodMatcherException">
      <![CDATA[org.testng.internal.reflect.MethodMatcherException: 
[public void Amazon1.TC_1AmazonRegistration.registration(java.lang.String,java.lang.String,java.lang.String,java.lang.String) throws java.lang.InterruptedException] has no parameters defined but was found to be using a data provider (either explicitly specified or inherited from class level annotation).
Data provider mismatch
Method: registration([java.lang.String arg0, java.lang.String arg1, java.lang.String arg2, java.lang.String arg3])
Arguments: [(java.lang.String) ,(java.lang.String) 0,(java.lang.String) ]
at org.testng.internal.reflect.DataProviderMethodMatcher.getConformingArguments(DataProviderMethodMatcher.java:46)
at org.testng.internal.Parameters.injectParameters(Parameters.java:915)
at org.testng.internal.invokers.MethodRunner.runInSequence(MethodRunner.java:50)
at org.testng.internal.invokers.TestInvoker$MethodInvocationAgent.invoke(TestInvoker.java:992)
at org.testng.internal.invokers.TestInvoker.invokeTestMethods(TestInvoker.java:203)
at org.testng.internal.invokers.TestMethodWorker.invokeTestMethods(TestMethodWorker.java:154)
at org.testng.internal.invokers.TestMethodWorker.run(TestMethodWorker.java:134)
at java.base/java.util.concurrent.Executors$RunnableAdapter.call(Executors.java:539)
at java.base/java.util.concurrent.FutureTask.run(FutureTask.java:264)
at org.testng.internal.thread.graph.TestNGFutureTask.run(TestNGFutureTask.java:22)
at java.base/java.util.concurrent.ThreadPoolExecutor.runWorker(ThreadPoolExecutor.java:1136)
at java.base/java.util.concurrent.ThreadPoolExecutor$Worker.run(ThreadPoolExecutor.java:635)
at java.base/java.lang.Thread.run(Thread.java:842)
]]>
    </error>
  </testcase> <!-- registration -->
  <system-out>
    <![CDATA[Test execution started - Listener
Test case failed: registration
Chrome browser is launched succesfully
Test execution started - Listener
Test case failed: registration
Chrome browser is launched succesfully
Test execution started - Listener
Test case failed: registration
Chrome browser is launched succesfully
Test execution started - Listener
Test case failed: registration
Chrome browser is launched succesfully
Test execution started - Listener
Test case failed: registration
Chrome browser is launched succesfully
Exception is handaled
Exception is handaled
Invalid Username is entered
Invalid Password is entered
Exception is handaled
Exception is Handeled
Exception is Handeled
Exception is Handeled
Exception is Handeled
Exception is Handeled
Exception is Handeled
Exception is Handeled
Exception is Handeled
Exception is Handeled
Chrome browser is launched succesfully
Invalid Username is entered
Invalid Password is entered
Exception is Handeled
Exception is Handeled
Exception is Handeled
Test case passed: loginwithDDT
Exception is Handeled
Chrome browser is launched succesfully
Exception is Handeled
Exception is Handeled
Exception is handaled
Chrome browser is launched succesfully
Exception is Handeled
Test case passed: loginwithDDT
Exception is Handeled
Chrome browser is launched succesfully
Exception is handaled
Exception is handeled
Exception is Handeled
Invalid Username is entered
Invalid Password is entered
Exception is handaled
Exception is Handeled
Exception is handeled
Exception is handeled
Exception is Handeled
Exception is handeled
Exception is Handeled
Exception is handeled
Test case passed: applyingFilters
Chrome browser is launched succesfully
Exception is handeled
Test case passed: loginwithDDT
Chrome browser is launched succesfully
Test case failed: loginWithInvalidEmail
Exception is Handeled
Chrome browser is launched succesfully
Exception is handaled
Exception is handaled
Exception is handaled
Exception is Handeled
Exception is Handeled
Exception is Handaled
Exception is Handeled
Exception is Handeled
Exception is Handeled
Exception is Handeled
Exception is Handeled
Exception is Handeled
Exception is Handeled
Test case passed: loginwithDDT
Chrome browser is launched succesfully
Exception is Handaled
Exception is Handeled
Exception is Handeled
Exception is Handeled
Exception is Handaled
Test case passed: loginwithDDT
Exception is Handeled
Chrome browser is launched succesfully
Exception is Handeled
Exception is Handeled
Exception is handaled
Exception is Handeled
Exception is Handeled
Exception is Handaled
Exception is Handaled
Exception is Handaled
Exception is handaled
Test case passed: loginwithDDT
Exception is Handeled
Chrome browser is launched succesfully
Exception is Handeled
Exception is handaled
Exception is handaled
Exception is Handeled
Exception is handeled
Exception is Handeled
Exception is handeled
Exception is Handeled
Exception is Handeled
Exception is Handaled
Test case passed: addRemoveproduct
Chrome browser is launched succesfully
Exception is Handeled
Exception is handaled
Exception is Handaled
Exception is Handeled
Test case passed: selectingAddressPaymentMethod
Test case passed: GoingToCartwithoutLogin
Exception is Handeled
Exception is handeled
Exception is Handaled
Exception is handeled
Test case passed: OrderingProuctWithCoupenCode
Test case passed: givingRatingforLastOrder
Test case passed: paymentMethodValidation]]>
  </system-out>
</testsuite> <!-- Amazon1.TC_1AmazonRegistration -->
